Log file open, 03/13/18 01:02:37
LogWindows: Failed to load 'aqProf.dll' (GetLastError=126)
LogWindows: File 'aqProf.dll' does not exist
LogWindows: Failed to load 'VSPerf140.dll' (GetLastError=126)
LogWindows: File 'VSPerf140.dll' does not exist
LogWindows: Failed to load 'VtuneApi.dll' (GetLastError=126)
LogWindows: File 'VtuneApi.dll' does not exist
LogWindows: Failed to load 'VtuneApi32e.dll' (GetLastError=126)
LogWindows: File 'VtuneApi32e.dll' does not exist
LogInit: Display: Running engine for game: MyProject
LogPlatformFile: Not using cached read wrapper
LogInit: Display: RandInit(-2066183256) SRandInit(-2066183256).
LogInit: Read version file with build ID '3709383'
LogInit: Overriding engine version to CL 3832480, compatible CL 3709383
LogInit: Registered custom module enumerator with build ID '3709383'
LogTaskGraph: Started task graph with 5 named threads and 20 total threads with 3 sets of task threads.
LogStats: Stats thread started at 0.263680
LogD3D11RHI: Aftermath initialized
LogModuleManager: Display: Found up-to-date module file ../../../Engine/Plugins/2D/Paper2D/Binaries/Win64/UE4Editor-Paper2D.dll (API version 3709383).
LogModuleManager: Display: Found up-to-date module file ../../../Engine/Plugins/2D/Paper2D/Binaries/Win64/UE4Editor-Paper2DEditor.dll (API version 3709383).
LogModuleManager: Display: Found up-to-date module file ../../../Engine/Plugins/2D/Paper2D/Binaries/Win64/UE4Editor-PaperSpriteSheetImporter.dll (API version 3709383).
LogModuleManager: Display: Found up-to-date module file ../../../Engine/Plugins/2D/Paper2D/Binaries/Win64/UE4Editor-PaperTiledImporter.dll (API version 3709383).
LogModuleManager: Display: Found up-to-date module file ../../../Engine/Plugins/2D/Paper2D/Binaries/Win64/UE4Editor-SmartSnapping.dll (API version 3709383).
LogModuleManager: Display: Found up-to-date module file ../../../Engine/Plugins/Blendables/LightPropagationVolume/Binaries/Win64/UE4Editor-LightPropagationVolumeRuntime.dll (API version 3709383).
LogModuleManager: Display: Found up-to-date module file ../../../Engine/Plugins/Blendables/LightPropagationVolume/Binaries/Win64/UE4Editor-LightPropagationVolumeEditor.dll (API version 3709383).
LogModuleManager: Display: Found up-to-date module file ../../../Engine/Plugins/Developer/GitSourceControl/Binaries/Win64/UE4Editor-GitSourceControl.dll (API version 3709383).
LogModuleManager: Display: Found up-to-date module file ../../../Engine/Plugins/Developer/PerforceSourceControl/Binaries/Win64/UE4Editor-PerforceSourceControl.dll (API version 3709383).
LogModuleManager: Display: Found up-to-date module file ../../../Engine/Plugins/Developer/SubversionSourceControl/Binaries/Win64/UE4Editor-SubversionSourceControl.dll (API version 3709383).
LogModuleManager: Display: Found up-to-date module file ../../../Engine/Plugins/Developer/UObjectPlugin/Binaries/Win64/UE4Editor-UObjectPlugin.dll (API version 3709383).
LogModuleManager: Display: Found up-to-date module file ../../../Engine/Plugins/Developer/VisualStudioCodeSourceCodeAccess/Binaries/Win64/UE4Editor-VisualStudioCodeSourceCodeAccess.dll (API version 3709383).
LogModuleManager: Display: Found up-to-date module file ../../../Engine/Plugins/Developer/VisualStudioSourceCodeAccess/Binaries/Win64/UE4Editor-VisualStudioSourceCodeAccess.dll (API version 3709383).
LogModuleManager: Display: Found up-to-date module file ../../../Engine/Plugins/Editor/AssetManagerEditor/Binaries/Win64/UE4Editor-AssetManagerEditor.dll (API version 3709383).
LogModuleManager: Display: Found up-to-date module file ../../../Engine/Plugins/Editor/AudioCapture/Binaries/Win64/UE4Editor-AudioCapture.dll (API version 3709383).
LogModuleManager: Display: Found up-to-date module file ../../../Engine/Plugins/Editor/FacialAnimation/Binaries/Win64/UE4Editor-FacialAnimation.dll (API version 3709383).
LogModuleManager: Display: Found up-to-date module file ../../../Engine/Plugins/Editor/FacialAnimation/Binaries/Win64/UE4Editor-FacialAnimationEditor.dll (API version 3709383).
LogModuleManager: Display: Found up-to-date module file ../../../Engine/Plugins/Editor/GameplayTagsEditor/Binaries/Win64/UE4Editor-GameplayTagsEditor.dll (API version 3709383).
LogModuleManager: Display: Found up-to-date module file ../../../Engine/Plugins/Editor/MobileLauncherProfileWizard/Binaries/Win64/UE4Editor-MobileLauncherProfileWizard.dll (API version 3709383).
LogModuleManager: Display: Found up-to-date module file ../../../Engine/Plugins/Editor/PluginBrowser/Binaries/Win64/UE4Editor-PluginBrowser.dll (API version 3709383).
LogModuleManager: Display: Found up-to-date module file ../../../Engine/Plugins/Editor/SpeedTreeImporter/Binaries/Win64/UE4Editor-SpeedTreeImporter.dll (API version 3709383).
LogModuleManager: Display: Found up-to-date module file ../../../Engine/Plugins/Experimental/AlembicImporter/Binaries/Win64/UE4Editor-AlembicImporter.dll (API version 3709383).
LogModuleManager: Display: Found up-to-date module file ../../../Engine/Plugins/Experimental/AlembicImporter/Binaries/Win64/UE4Editor-AlembicLibrary.dll (API version 3709383).
LogModuleManager: Display: Found up-to-date module file ../../../Engine/Plugins/Experimental/CharacterAI/Binaries/Win64/UE4Editor-CharacterAI.dll (API version 3709383).
LogModuleManager: Display: Found up-to-date module file ../../../Engine/Plugins/Experimental/HTML5Networking/Binaries/Win64/UE4Editor-HTML5Networking.dll (API version 3709383).
LogModuleManager: Display: Found up-to-date module file ../../../Engine/Plugins/Media/AndroidMedia/Binaries/Win64/UE4Editor-AndroidMediaEditor.dll (API version 3709383).
LogModuleManager: Display: Found up-to-date module file ../../../Engine/Plugins/Media/AndroidMedia/Binaries/Win64/UE4Editor-AndroidMediaFactory.dll (API version 3709383).
LogModuleManager: Display: Found up-to-date module file ../../../Engine/Plugins/Media/AvfMedia/Binaries/Win64/UE4Editor-AvfMediaEditor.dll (API version 3709383).
LogModuleManager: Display: Found up-to-date module file ../../../Engine/Plugins/Media/AvfMedia/Binaries/Win64/UE4Editor-AvfMediaFactory.dll (API version 3709383).
LogModuleManager: Display: Found up-to-date module file ../../../Engine/Plugins/Media/AvfMedia/Binaries/Win64/UE4Editor-AvfMediaFactory.dll (API version 3709383).
LogModuleManager: Display: Found up-to-date module file ../../../Engine/Plugins/Media/ImgMedia/Binaries/Win64/UE4Editor-ImgMedia.dll (API version 3709383).
LogModuleManager: Display: Found up-to-date module file ../../../Engine/Plugins/Media/ImgMedia/Binaries/Win64/UE4Editor-ImgMediaEditor.dll (API version 3709383).
LogModuleManager: Display: Found up-to-date module file ../../../Engine/Plugins/Media/ImgMedia/Binaries/Win64/UE4Editor-ImgMediaFactory.dll (API version 3709383).
LogModuleManager: Display: Found up-to-date module file ../../../Engine/Plugins/Media/ImgMedia/Binaries/Win64/UE4Editor-ImgMediaFactory.dll (API version 3709383).
LogModuleManager: Display: Found up-to-date module file ../../../Engine/Plugins/Media/ImgMedia/Binaries/Win64/UE4Editor-OpenExrWrapper.dll (API version 3709383).
LogModuleManager: Display: Found up-to-date module file ../../../Engine/Plugins/Media/MediaCompositing/Binaries/Win64/UE4Editor-MediaCompositing.dll (API version 3709383).
LogModuleManager: Display: Found up-to-date module file ../../../Engine/Plugins/Media/MediaCompositing/Binaries/Win64/UE4Editor-MediaCompositingEditor.dll (API version 3709383).
LogModuleManager: Display: Found up-to-date module file ../../../Engine/Plugins/Media/MediaPlayerEditor/Binaries/Win64/UE4Editor-MediaPlayerEditor.dll (API version 3709383).
LogModuleManager: Display: Found up-to-date module file ../../../Engine/Plugins/Media/WmfMedia/Binaries/Win64/UE4Editor-WmfMedia.dll (API version 3709383).
LogModuleManager: Display: Found up-to-date module file ../../../Engine/Plugins/Media/WmfMedia/Binaries/Win64/UE4Editor-WmfMediaEditor.dll (API version 3709383).
LogModuleManager: Display: Found up-to-date module file ../../../Engine/Plugins/Media/WmfMedia/Binaries/Win64/UE4Editor-WmfMediaFactory.dll (API version 3709383).
LogModuleManager: Display: Found up-to-date module file ../../../Engine/Plugins/Media/WmfMedia/Binaries/Win64/UE4Editor-WmfMediaFactory.dll (API version 3709383).
LogModuleManager: Display: Found up-to-date module file ../../../Engine/Plugins/Messaging/TcpMessaging/Binaries/Win64/UE4Editor-TcpMessaging.dll (API version 3709383).
LogModuleManager: Display: Found up-to-date module file ../../../Engine/Plugins/Messaging/UdpMessaging/Binaries/Win64/UE4Editor-UdpMessaging.dll (API version 3709383).
LogModuleManager: Display: Found up-to-date module file ../../../Engine/Plugins/MovieScene/ActorSequence/Binaries/Win64/UE4Editor-ActorSequence.dll (API version 3709383).
LogModuleManager: Display: Found up-to-date module file ../../../Engine/Plugins/MovieScene/LevelSequenceEditor/Binaries/Win64/UE4Editor-LevelSequenceEditor.dll (API version 3709383).
LogModuleManager: Display: Found up-to-date module file ../../../Engine/Plugins/MovieScene/MatineeToLevelSequence/Binaries/Win64/UE4Editor-MatineeToLevelSequence.dll (API version 3709383).
LogModuleManager: Display: Found up-to-date module file ../../../Engine/Plugins/Online/OnlineSubsystem/Binaries/Win64/UE4Editor-OnlineSubsystem.dll (API version 3709383).
LogModuleManager: Display: Found up-to-date module file ../../../Engine/Plugins/Runtime/AndroidPermission/Binaries/Win64/UE4Editor-AndroidPermission.dll (API version 3709383).
LogModuleManager: Display: Found up-to-date module file ../../../Engine/Plugins/Online/OnlineSubsystemNull/Binaries/Win64/UE4Editor-OnlineSubsystemNull.dll (API version 3709383).
LogModuleManager: Display: Found up-to-date module file ../../../Engine/Plugins/Online/OnlineSubsystemUtils/Binaries/Win64/UE4Editor-OnlineSubsystemUtils.dll (API version 3709383).
LogModuleManager: Display: Found up-to-date module file ../../../Engine/Plugins/Online/OnlineSubsystemUtils/Binaries/Win64/UE4Editor-OnlineBlueprintSupport.dll (API version 3709383).
LogModuleManager: Display: Found up-to-date module file ../../../Engine/Plugins/Runtime/AndroidDeviceProfileSelector/Binaries/Win64/UE4Editor-AndroidDeviceProfileSelector.dll (API version 3709383).
LogModuleManager: Display: Found up-to-date module file ../../../Engine/Plugins/Runtime/AppleARKit/Binaries/Win64/UE4Editor-AppleARKit.dll (API version 3709383).
LogModuleManager: Display: Found up-to-date module file ../../../Engine/Plugins/Runtime/ArchVisCharacter/Binaries/Win64/UE4Editor-ArchVisCharacter.dll (API version 3709383).
LogModuleManager: Display: Found up-to-date module file ../../../Engine/Plugins/Runtime/CableComponent/Binaries/Win64/UE4Editor-CableComponent.dll (API version 3709383).
LogModuleManager: Display: Found up-to-date module file ../../../Engine/Plugins/Runtime/CustomMeshComponent/Binaries/Win64/UE4Editor-CustomMeshComponent.dll (API version 3709383).
LogModuleManager: Display: Found up-to-date module file ../../../Engine/Plugins/Runtime/ExampleDeviceProfileSelector/Binaries/Win64/UE4Editor-ExampleDeviceProfileSelector.dll (API version 3709383).
LogModuleManager: Display: Found up-to-date module file ../../../Engine/Plugins/Runtime/ImmediatePhysics/Binaries/Win64/UE4Editor-ImmediatePhysics.dll (API version 3709383).
LogModuleManager: Display: Found up-to-date module file ../../../Engine/Plugins/Runtime/ImmediatePhysics/Binaries/Win64/UE4Editor-ImmediatePhysicsEditor.dll (API version 3709383).
LogModuleManager: Display: Found up-to-date module file ../../../Engine/Plugins/Runtime/LocationServicesBPLibrary/Binaries/Win64/UE4Editor-LocationServicesBPLibrary.dll (API version 3709383).
LogModuleManager: Display: Found up-to-date module file ../../../Engine/Plugins/Runtime/MobilePatchingUtils/Binaries/Win64/UE4Editor-MobilePatchingUtils.dll (API version 3709383).
LogModuleManager: Display: Found up-to-date module file ../../../Engine/Plugins/Runtime/Oculus/OculusVR/Binaries/Win64/UE4Editor-OculusHMD.dll (API version 3709383).
LogModuleManager: Display: Found up-to-date module file ../../../Engine/Plugins/Runtime/Oculus/OculusVR/Binaries/Win64/UE4Editor-OculusInput.dll (API version 3709383).
LogModuleManager: Display: Found up-to-date module file ../../../Engine/Plugins/Runtime/Oculus/OculusVR/Binaries/Win64/UE4Editor-OculusEditor.dll (API version 3709383).
LogModuleManager: Display: Found up-to-date module file ../../../Engine/Plugins/Runtime/PhysXVehicles/Binaries/Win64/UE4Editor-PhysXVehicles.dll (API version 3709383).
LogModuleManager: Display: Found up-to-date module file ../../../Engine/Plugins/Runtime/PhysXVehicles/Binaries/Win64/UE4Editor-PhysXVehiclesEditor.dll (API version 3709383).
LogModuleManager: Display: Found up-to-date module file ../../../Engine/Plugins/Runtime/ProceduralMeshComponent/Binaries/Win64/UE4Editor-ProceduralMeshComponent.dll (API version 3709383).
LogModuleManager: Display: Found up-to-date module file ../../../Engine/Plugins/Runtime/ProceduralMeshComponent/Binaries/Win64/UE4Editor-ProceduralMeshComponentEditor.dll (API version 3709383).
LogModuleManager: Display: Found up-to-date module file ../../../Engine/Plugins/Runtime/RuntimePhysXCooking/Binaries/Win64/UE4Editor-RuntimePhysXCooking.dll (API version 3709383).
LogModuleManager: Display: Found up-to-date module file ../../../Engine/Plugins/Runtime/Steam/SteamVR/Binaries/Win64/UE4Editor-SteamVR.dll (API version 3709383).
LogModuleManager: Display: Found up-to-date module file ../../../Engine/Plugins/Runtime/Steam/SteamVR/Binaries/Win64/UE4Editor-SteamVRController.dll (API version 3709383).
LogModuleManager: Display: Found up-to-date module file ../../../Engine/Plugins/Runtime/WindowsMoviePlayer/Binaries/Win64/UE4Editor-WindowsMoviePlayer.dll (API version 3709383).
LogPluginManager: Mounting plugin Paper2D
LogPluginManager: Mounting plugin LightPropagationVolume
LogPluginManager: Mounting plugin CodeLiteSourceCodeAccess
LogPluginManager: Mounting plugin GitSourceControl
LogPluginManager: Mounting plugin KDevelopSourceCodeAccess
LogPluginManager: Mounting plugin NullSourceCodeAccess
LogPluginManager: Mounting plugin PerforceSourceControl
LogPluginManager: Mounting plugin SubversionSourceControl
LogPluginManager: Mounting plugin UObjectPlugin
LogPluginManager: Mounting plugin VisualStudioCodeSourceCodeAccess
LogPluginManager: Mounting plugin VisualStudioSourceCodeAccess
LogPluginManager: Mounting plugin XCodeSourceCodeAccess
LogPluginManager: Mounting plugin AssetManagerEditor
LogPluginManager: Mounting plugin AudioCapture
LogPluginManager: Mounting plugin FacialAnimation
LogPluginManager: Mounting plugin GameplayTagsEditor
LogPluginManager: Mounting plugin MobileLauncherProfileWizard
LogPluginManager: Mounting plugin PluginBrowser
LogPluginManager: Mounting plugin SpeedTreeImporter
LogPluginManager: Mounting plugin AlembicImporter
LogPluginManager: Mounting plugin CharacterAI
LogPluginManager: Mounting plugin HTML5Networking
LogPluginManager: Mounting plugin AndroidMedia
LogPluginManager: Mounting plugin AvfMedia
LogPluginManager: Mounting plugin ImgMedia
LogPluginManager: Mounting plugin MediaCompositing
LogPluginManager: Mounting plugin MediaPlayerEditor
LogPluginManager: Mounting plugin WmfMedia
LogPluginManager: Mounting plugin TcpMessaging
LogPluginManager: Mounting plugin UdpMessaging
LogPluginManager: Mounting plugin ActorSequence
LogPluginManager: Mounting plugin LevelSequenceEditor
LogPluginManager: Mounting plugin MatineeToLevelSequence
LogPluginManager: Mounting plugin OnlineSubsystemGooglePlay
LogPluginManager: Mounting plugin OnlineSubsystemIOS
LogPluginManager: Mounting plugin OnlineSubsystem
LogPluginManager: Mounting plugin OnlineSubsystemNull
LogPluginManager: Mounting plugin OnlineSubsystemUtils
LogPluginManager: Mounting plugin AndroidDeviceProfileSelector
LogPluginManager: Mounting plugin AndroidMoviePlayer
LogPluginManager: Mounting plugin AndroidPermission
LogPluginManager: Mounting plugin AppleARKit
LogPluginManager: Mounting plugin AppleMoviePlayer
LogPluginManager: Mounting plugin ArchVisCharacter
LogPluginManager: Mounting plugin CableComponent
LogPluginManager: Mounting plugin CustomMeshComponent
LogPluginManager: Mounting plugin ExampleDeviceProfileSelector
LogPluginManager: Mounting plugin GoogleCloudMessaging
LogPluginManager: Mounting plugin ImmediatePhysics
LogPluginManager: Mounting plugin IOSDeviceProfileSelector
LogPluginManager: Mounting plugin LinuxDeviceProfileSelector
LogPluginManager: Mounting plugin LocationServicesBPLibrary
LogPluginManager: Mounting plugin MobilePatchingUtils
LogPluginManager: Mounting plugin OculusVR
LogPluginManager: Plugin shader directory ../../../Engine/Plugins/Runtime/Oculus/OculusVR/Shaders found
LogPluginManager: Mapping shader source directory ../../../Engine/Plugins/Runtime/Oculus/OculusVR/Shaders to virtual directory /Plugin/OculusVR
LogPluginManager: Mounting plugin PhysXVehicles
LogPluginManager: Mounting plugin ProceduralMeshComponent
LogPluginManager: Mounting plugin RuntimePhysXCooking
LogPluginManager: Mounting plugin SteamVR
LogPluginManager: Mounting plugin WindowsMoviePlayer
LogInit: Using libcurl 7.47.1
LogInit:  - built for x86_64-pc-win32
LogInit:  - supports SSL with OpenSSL/1.0.2g
LogInit:  - supports HTTP deflate (compression) using libz 1.2.8
LogInit:  - other features:
LogInit:      CURL_VERSION_SSL
LogInit:      CURL_VERSION_LIBZ
LogInit:      CURL_VERSION_IPV6
LogInit:      CURL_VERSION_ASYNCHDNS
LogInit:      CURL_VERSION_LARGEFILE
LogInit:      CURL_VERSION_IDN
LogInit:  CurlRequestOptions (configurable via config and command line):
LogInit:  - bVerifyPeer = false  - Libcurl will NOT verify peer certificate
LogInit:  - bUseHttpProxy = false  - Libcurl will NOT use HTTP proxy
LogInit:  - bDontReuseConnections = false  - Libcurl will reuse connections
LogInit:  - CertBundlePath = nullptr  - Libcurl will use whatever was configured at build time.
LogInit: Build: ++UE4+Release-4.18-CL-3832480
LogInit: Engine Version: 4.18.3-3832480+++UE4+Release-4.18
LogInit: Compatible Engine Version: 4.18.0-3709383+++UE4+Release-4.18
LogInit: Net CL: 3709383
LogDevObjectVersion: Number of dev versions registered: 16
LogDevObjectVersion:   Dev-Blueprints (B0D832E4-1F89-4F0D-ACCF-7EB736FD4AA2): 10
LogDevObjectVersion:   Dev-Build (E1C64328-A22C-4D53-A36C-8E866417BD8C): 0
LogDevObjectVersion:   Dev-Core (375EC13C-06E4-48FB-B500-84F0262A717E): 2
LogDevObjectVersion:   Dev-Editor (E4B068ED-F494-42E9-A231-DA0B2E46BB41): 20
LogDevObjectVersion:   Dev-Framework (CFFC743F-43B0-4480-9391-14DF171D2073): 30
LogDevObjectVersion:   Dev-Mobile (B02B49B5-BB20-44E9-A304-32B752E40360): 0
LogDevObjectVersion:   Dev-Networking (A4E4105C-59A1-49B5-A7C5-40C4547EDFEE): 0
LogDevObjectVersion:   Dev-Online (39C831C9-5AE6-47DC-9A44-9C173E1C8E7C): 0
LogDevObjectVersion:   Dev-Physics (78F01B33-EBEA-4F98-B9B4-84EACCB95AA2): 0
LogDevObjectVersion:   Dev-Platform (6631380F-2D4D-43E0-8009-CF276956A95A): 0
LogDevObjectVersion:   Dev-Rendering (12F88B9F-8875-4AFC-A67C-D90C383ABD29): 20
LogDevObjectVersion:   Dev-Sequencer (7B5AE74C-D270-4C10-A958-57980B212A5A): 4
LogDevObjectVersion:   Dev-VR (D7296918-1DD6-4BDD-9DE2-64A83CC13884): 0
LogDevObjectVersion:   Dev-LoadTimes (C2A15278-BFE7-4AFE-6C17-90FF531DF755): 1
LogDevObjectVersion:   Private-Geometry (6EACA3D4-40EC-4CC1-B786-8BED09428FC5): 1
LogDevObjectVersion:   Dev-AnimPhys (29E575DD-E0A3-4627-9D10-D276232CDCEA): 12
LogInit: Compiled (64-bit): Jan 12 2018 02:04:55
LogInit: Compiled with Visual C++: 19.00.24215.01
LogInit: Build Configuration: Development
LogInit: Branch Name: ++UE4+Release-4.18
LogInit: Command line:  
LogInit: Base directory: D:/Unreal/UE_4.18/Engine/Binaries/Win64/
LogInit: Installed Engine Build: 1
LogInit: Presizing for max 8388607 objects, including 0 objects not considered by GC, pre-allocating 0 bytes for permanent pool.
LogInit: Object subsystem initialized
[2018.03.13-00.02.39:078][  0]LogInit: Selected Device Profile: [Windows]
[2018.03.13-00.02.39:078][  0]LogInit: Applying CVar settings loaded from the selected device profile: [Windows]
[2018.03.13-00.02.39:089][  0]LogInit: Computer: DESKTOP-SRIHI8I
[2018.03.13-00.02.39:089][  0]LogInit: User: Aleix
[2018.03.13-00.02.39:089][  0]LogInit: CPU Page size=4096, Cores=6
[2018.03.13-00.02.39:089][  0]LogInit: High frequency timer resolution =3.119140 MHz
[2018.03.13-00.02.39:089][  0]LogMemory: Memory total: Physical=16.0GB (16GB approx)
[2018.03.13-00.02.39:089][  0]LogMemory: Platform Memory Stats for Windows
[2018.03.13-00.02.39:089][  0]LogMemory: Process Physical Memory: 276.57 MB used, 276.57 MB peak
[2018.03.13-00.02.39:089][  0]LogMemory: Process Virtual Memory: 277.35 MB used, 277.35 MB peak
[2018.03.13-00.02.39:089][  0]LogMemory: Physical Memory: 3717.17 MB used,  12619.45 MB free, 16336.63 MB total
[2018.03.13-00.02.39:089][  0]LogMemory: Virtual Memory: 690.60 MB used,  12619.45 MB free, 134217728.00 MB total
[2018.03.13-00.02.39:234][  0]LogInit: Overriding language with editor language configuration option (en).
[2018.03.13-00.02.39:234][  0]LogInit: Overriding locale with editor locale configuration option (en).
[2018.03.13-00.02.39:810][  0]LogInit: Setting process to per monitor DPI aware
[2018.03.13-00.02.40:230][  0]LogD3D11RHI: D3D11 adapters:
[2018.03.13-00.02.40:313][  0]LogD3D11RHI:    0. 'NVIDIA GeForce GTX 1080' (Feature Level 11_0)
[2018.03.13-00.02.40:313][  0]LogD3D11RHI:       8079/0/8168 MB DedicatedVideo/DedicatedSystem/SharedSystem, Outputs:1, VendorId:0x10de
[2018.03.13-00.02.40:316][  0]LogD3D11RHI:    1. 'Microsoft Basic Render Driver' (Feature Level 11_0)
[2018.03.13-00.02.40:316][  0]LogD3D11RHI:       0/0/8168 MB DedicatedVideo/DedicatedSystem/SharedSystem, Outputs:0, VendorId:0x1414
[2018.03.13-00.02.40:316][  0]LogD3D11RHI: Chosen D3D11 Adapter: 0
[2018.03.13-00.02.40:330][  0]LogD3D11RHI: Creating new Direct3DDevice
[2018.03.13-00.02.40:330][  0]LogD3D11RHI:     GPU DeviceId: 0x1b80 (for the marketing name, search the web for "GPU Device Id")
[2018.03.13-00.02.40:330][  0]LogWindows: EnumDisplayDevices:
[2018.03.13-00.02.40:330][  0]LogWindows:    0. 'NVIDIA GeForce GTX 1080' (P:1 D:1)
[2018.03.13-00.02.40:331][  0]LogWindows:    1. 'NVIDIA GeForce GTX 1080' (P:0 D:0)
[2018.03.13-00.02.40:331][  0]LogWindows:    2. 'NVIDIA GeForce GTX 1080' (P:0 D:0)
[2018.03.13-00.02.40:331][  0]LogWindows:    3. 'NVIDIA GeForce GTX 1080' (P:0 D:0)
[2018.03.13-00.02.40:331][  0]LogWindows: DebugString: GetVideoDriverDetailsInvalid PrimaryIsNotTheChoosenAdapter GetVideoDriverDetailsInvalid PrimaryIsNotTheChoosenAdapter GetVideoDriverDetailsInvalid PrimaryIsNotTheChoosenAdapter GetVideoDriverDetailsInvalid PrimaryIsNotTheChoosenAdapter FoundDriverCount:0 
[2018.03.13-00.02.40:331][  0]LogD3D11RHI:     Adapter Name: NVIDIA GeForce GTX 1080
[2018.03.13-00.02.40:331][  0]LogD3D11RHI:   Driver Version: Unknown (internal:Unknown, unified:Unknown)
[2018.03.13-00.02.40:331][  0]LogD3D11RHI:      Driver Date: Unknown
[2018.03.13-00.02.40:331][  0]LogRHI: Texture pool is 5655 MB (70% of 8079 MB)
[2018.03.13-00.02.40:385][  0]LogD3D11RHI: Async texture creation enabled
[2018.03.13-00.02.40:415][  0]LogD3D11RHI: GPU Timing Frequency: 1000.000000 (Debug: 2 2)
[2018.03.13-00.02.40:466][  0]LogShaderCompilers: Guid format shader working directory is -15 characters bigger than the processId version (../../../../../Github/Motors-Jocs-II/Motors-Jocs-II/MyProject/Intermediate/Shaders/WorkingDirectory/7648/).
[2018.03.13-00.02.40:467][  0]LogShaderCompilers: Cleaned the shader compiler working directory 'C:/Users/Aleix/AppData/Local/Temp/UnrealShaderWorkingDir/8455DDFE4D2F6D47C01714B425B60368/'.
[2018.03.13-00.02.40:467][  0]LogShaderCompilers: Display: Using Local Shader Compiler.
[2018.03.13-00.02.41:847][  0]LogTemp: Display: Loaded TP AllDesktopTargetPlatform
[2018.03.13-00.02.41:899][  0]LogTemp: Display: Loaded TP MacClientTargetPlatform
[2018.03.13-00.02.41:985][  0]LogTemp: Display: Loaded TP MacNoEditorTargetPlatform
[2018.03.13-00.02.42:036][  0]LogTemp: Display: Loaded TP MacServerTargetPlatform
[2018.03.13-00.02.42:096][  0]LogTemp: Display: Loaded TP MacTargetPlatform
[2018.03.13-00.02.42:163][  0]LogTemp: Display: Loaded TP WindowsClientTargetPlatform
[2018.03.13-00.02.42:222][  0]LogTemp: Display: Loaded TP WindowsNoEditorTargetPlatform
[2018.03.13-00.02.42:283][  0]LogTemp: Display: Loaded TP WindowsServerTargetPlatform
[2018.03.13-00.02.42:332][  0]LogTemp: Display: Loaded TP WindowsTargetPlatform
[2018.03.13-00.02.42:383][  0]LogTemp: Display: Loaded TP Android_ASTCTargetPlatform
[2018.03.13-00.02.42:443][  0]LogTemp: Display: Loaded TP Android_ATCTargetPlatform
[2018.03.13-00.02.42:501][  0]LogTemp: Display: Loaded TP Android_DXTTargetPlatform
[2018.03.13-00.02.42:593][  0]LogTemp: Display: Loaded TP Android_ETC1TargetPlatform
[2018.03.13-00.02.42:668][  0]LogTemp: Display: Loaded TP Android_ETC2TargetPlatform
[2018.03.13-00.02.42:804][  0]LogTemp: Display: Loaded TP Android_MultiTargetPlatform
[2018.03.13-00.02.42:804][  0]LogTemp: Display: Loaded TP Android_PVRTCTargetPlatform
[2018.03.13-00.02.42:877][  0]LogTemp: Display: Loaded TP AndroidTargetPlatform
[2018.03.13-00.02.42:935][  0]LogTemp: Display: Loaded TP HTML5TargetPlatform
[2018.03.13-00.02.43:040][  0]LogTemp: Display: Loaded TP IOSTargetPlatform
[2018.03.13-00.02.43:070][  0]LogTemp: Display: Loaded TP TVOSTargetPlatform
[2018.03.13-00.02.43:121][  0]LogTemp: Display: Loaded TP LinuxClientTargetPlatform
[2018.03.13-00.02.43:190][  0]LogTemp: Display: Loaded TP LinuxNoEditorTargetPlatform
[2018.03.13-00.02.43:279][  0]LogTemp: Display: Loaded TP LinuxServerTargetPlatform
[2018.03.13-00.02.43:353][  0]LogTemp: Display: Loaded TP LinuxTargetPlatform
[2018.03.13-00.02.43:353][  0]LogTargetPlatformManager: Display: Building Assets For Windows
[2018.03.13-00.02.43:889][  0]LogDerivedDataCache: Display: Max Cache Size: 512 MB
[2018.03.13-00.02.44:003][  0]LogDerivedDataCache: Loaded boot cache 0.11s 78MB C:/Users/Aleix/AppData/Local/UnrealEngine/4.18/DerivedDataCache/Boot.ddc.
[2018.03.13-00.02.44:004][  0]LogDerivedDataCache: Display: Loaded Boot cache: C:/Users/Aleix/AppData/Local/UnrealEngine/4.18/DerivedDataCache/Boot.ddc
[2018.03.13-00.02.44:004][  0]LogDerivedDataCache: FDerivedDataBackendGraph:  Pak pak cache file ../../../../../Github/Motors-Jocs-II/Motors-Jocs-II/MyProject/DerivedDataCache/DDC.ddp not found, will not use a pak cache.
[2018.03.13-00.02.44:004][  0]LogDerivedDataCache: Unable to find inner node Pak for hierarchical cache Hierarchy.
[2018.03.13-00.02.44:004][  0]LogDerivedDataCache: FDerivedDataBackendGraph:  CompressedPak pak cache file ../../../../../Github/Motors-Jocs-II/Motors-Jocs-II/MyProject/DerivedDataCache/Compressed.ddp not found, will not use a pak cache.
[2018.03.13-00.02.44:004][  0]LogDerivedDataCache: Unable to find inner node CompressedPak for hierarchical cache Hierarchy.
[2018.03.13-00.02.44:026][  0]LogDerivedDataCache: Display: Pak cache opened for reading ../../../Engine/DerivedDataCache/Compressed.ddp.
[2018.03.13-00.02.44:041][  0]LogDerivedDataCache: Using Local data cache path C:/Users/Aleix/AppData/Local/UnrealEngine/Common/DerivedDataCache: Writable
[2018.03.13-00.02.44:058][  0]LogMaterial: Verifying Global Shaders for PCD3D_SM5
[2018.03.13-00.02.44:059][  0]LogSlate: Using Freetype 2.6.0
[2018.03.13-00.02.44:059][  0]LogSlate: SlateFontCache - WITH_FREETYPE: 1, WITH_HARFBUZZ: 1
[2018.03.13-00.02.44:059][  0]LogSlate: SlateFontCache - WITH_FREETYPE: 1, WITH_HARFBUZZ: 1
[2018.03.13-00.02.44:581][  0]LogInit: Selected Device Profile: [Windows]
[2018.03.13-00.02.44:940][  0]LogSimplygon: Simplygon DLL not present - disabling.
[2018.03.13-00.02.44:978][  0]LogMeshReduction: Using SimplygonSwarm for distributed automatic mesh merging
[2018.03.13-00.02.44:978][  0]LogMeshReduction: Using QuadricMeshReduction for automatic static mesh reduction
[2018.03.13-00.02.44:978][  0]LogMeshReduction: No automatic skeletal mesh reduction module available
[2018.03.13-00.02.44:978][  0]LogMeshReduction: No automatic mesh merging module available
[2018.03.13-00.02.44:978][  0]LogMeshMerging: No automatic mesh merging module available
[2018.03.13-00.02.45:007][  0]LogNetVersion: MyProject , NetCL: 3709383, EngineNetVer: 2, GameNetVer: 0 (Checksum: 1490074681)
[2018.03.13-00.02.45:180][  0]LogAssetRegistry: FAssetRegistry took 0.0290 seconds to start up
[2018.03.13-00.02.45:759][  0]LogPackageLocalizationCache: Processed 7 localized package path(s) for 1 prioritized culture(s) in 0.030203 seconds
[2018.03.13-00.02.45:766][  0]LogUObjectArray: 35870 objects as part of root set at end of initial load.
[2018.03.13-00.02.45:766][  0]LogUObjectAllocator: 7363696 out of 0 bytes used by permanent object pool.
[2018.03.13-00.02.45:766][  0]LogUObjectArray: CloseDisregardForGC: 0/0 objects in disregard for GC pool
[2018.03.13-00.02.45:808][  0]LogInit: WinSock: version 1.1 (2.2), MaxSocks=32767, MaxUdp=65467
[2018.03.13-00.02.49:271][  0]LogTcpMessaging: Initializing TcpMessaging bridge
[2018.03.13-00.02.49:312][  0]LogUdpMessaging: Initializing bridge on interface 0.0.0.0:0 to multicast group 230.0.0.1:6666.
[2018.03.13-00.02.50:098][  0]LogMaterial: Uniform references updated for custom material expression Custom.
[2018.03.13-00.02.50:588][  0]SourceControl: Source control is disabled
[2018.03.13-00.02.50:589][  0]SourceControl: Source control is disabled
[2018.03.13-00.02.50:701][  0]SourceControl: Source control is disabled
[2018.03.13-00.02.50:752][  0]SourceControl: Source control is disabled
[2018.03.13-00.02.51:700][  0]LogAndroidPermission: UAndroidPermissionCallbackProxy::GetInstance
[2018.03.13-00.02.51:989][  0]LogOcInput: OculusInput pre-init called
[2018.03.13-00.02.52:368][  0]LogEngine: Initializing Engine...
[2018.03.13-00.02.52:372][  0]LogHMD: Failed to initialize OpenVR with code 110
[2018.03.13-00.02.52:665][  0]LogStats: UGameplayTagsManager::ConstructGameplayTagTree: Construct from data asset -  0.000 s
[2018.03.13-00.02.52:666][  0]LogStats: UGameplayTagsManager::ConstructGameplayTagTree: GameplayTagTreeChangedEvent.Broadcast -  0.000 s
[2018.03.13-00.02.52:863][  0]LogAIModule: Creating AISystem for world Untitled
[2018.03.13-00.02.52:873][  0]LogInit: XAudio2 using 'BenQ LCD (NVIDIA High Definition Audio)' : 2 channels at 48 kHz using 16 bits per sample (channel mask 0x3)
[2018.03.13-00.02.52:902][  0]LogInit: FAudioDevice initialized.
[2018.03.13-00.02.53:205][  0]LogDerivedDataCache: Saved boot cache 0.30s 78MB C:/Users/Aleix/AppData/Local/UnrealEngine/4.18/DerivedDataCache/Boot.ddc.
[2018.03.13-00.02.53:220][  0]LogInit: Texture streaming: Enabled
[2018.03.13-00.02.53:348][  0]LogEngineSessionManager: EngineSessionManager initialized
[2018.03.13-00.02.53:493][  0]LogInit: Transaction tracking system initialized
[2018.03.13-00.02.53:919][  0]BlueprintLog: New page: Editor Load
[2018.03.13-00.02.54:956][  0]LocalizationService: Localization service is disabled
[2018.03.13-00.02.55:871][  0]LogConsoleResponse: Display: 
[2018.03.13-00.02.56:048][  0]LogAutoReimportManager: Warning: Unable to watch directory ../../../../../Github/Motors-Jocs-II/Motors-Jocs-II/MyProject/Content/ as it will conflict with another watching ../../../../../Github/Motors-Jocs-II/Motors-Jocs-II/MyProject/Content/.
[2018.03.13-00.02.56:062][  0]LogCook: Display: Max memory allowance for cook 16384mb min free memory 0mb
[2018.03.13-00.02.56:062][  0]LogCook: Display: Mobile HDR setting 1
[2018.03.13-00.02.56:062][  0]LogGameplayTags: Display: UGameplayTagsManager::DoneAddingNativeTags. DelegateIsBound: 0
[2018.03.13-00.02.56:942][  0]LogFileCache: Scanning file cache for directory 'D:/Github/Motors-Jocs-II/Motors-Jocs-II/MyProject/Content/' took 0.02s
[2018.03.13-00.02.57:382][  0]SourceControl: Source control is disabled
[2018.03.13-00.02.57:382][  0]Cmd: MAP LOAD FILE="../../../../../Github/Motors-Jocs-II/Motors-Jocs-II/MyProject/Content/Levels/MainMenu.umap" TEMPLATE=0 SHOWPROGRESS=1 FEATURELEVEL=3
[2018.03.13-00.02.57:382][  0]LightingResults: New page: Lighting Build
[2018.03.13-00.02.57:418][  0]MapCheck: New page: Map Check
[2018.03.13-00.02.57:419][  0]LightingResults: New page: Lighting Build
[2018.03.13-00.02.57:484][  0]LogAIModule: Creating AISystem for world MainMenu
[2018.03.13-00.02.57:485][  0]LogEditorServer: Finished looking for orphan Actors (0.000 secs)
[2018.03.13-00.02.57:505][  0]Cmd: MAP CHECKDEP NOCLEARLOG
[2018.03.13-00.02.57:551][  0]MapCheck: Map check complete: 0 Error(s), 0 Warning(s), took 46.43ms to complete.
[2018.03.13-00.02.57:551][  0]LogFileHelpers: Loading map 'MainMenu' took 0.169
[2018.03.13-00.02.57:708][  0]LogCollectionManager: Loaded 0 collections in 0.001372 seconds
[2018.03.13-00.02.57:787][  0]LogFileCache: Scanning file cache for directory 'D:/Github/Motors-Jocs-II/Motors-Jocs-II/MyProject/Saved/Collections/' took 0.01s
[2018.03.13-00.02.57:787][  0]LogFileCache: Scanning file cache for directory 'D:/Github/Motors-Jocs-II/Motors-Jocs-II/MyProject/Content/Developers/Aleix/Collections/' took 0.01s
[2018.03.13-00.02.57:787][  0]LogFileCache: Scanning file cache for directory 'D:/Github/Motors-Jocs-II/Motors-Jocs-II/MyProject/Content/Collections/' took 0.01s
[2018.03.13-00.02.57:787][  0]LogCollectionManager: Rebuilt the GUID cache for 0 collections in 0.000000 seconds
[2018.03.13-00.02.57:807][  0]LogContentBrowser: Native class hierarchy populated in 0.0196 seconds. Added 2363 classes and 519 folders.
[2018.03.13-00.02.57:865][  0]LogContentBrowser: Native class hierarchy updated for 'WidgetCarousel' in 0.0003 seconds. Added 0 classes and 0 folders.
[2018.03.13-00.02.57:912][  0]LogContentBrowser: Native class hierarchy updated for 'AddContentDialog' in 0.0003 seconds. Added 0 classes and 0 folders.
[2018.03.13-00.02.57:970][  0]LogContentBrowser: Native class hierarchy updated for 'SceneOutliner' in 0.0004 seconds. Added 1 classes and 2 folders.
[2018.03.13-00.02.58:074][  0]LogSlate: Took 0.000427 seconds to synchronously load lazily loaded font '../../../Engine/Content/Slate/Fonts/Roboto-Regular.ttf' (155K)
[2018.03.13-00.02.58:081][  0]LogSlate: Took 0.000338 seconds to synchronously load lazily loaded font '../../../Engine/Content/Slate/Fonts/Roboto-Bold.ttf' (160K)
[2018.03.13-00.02.58:101][  0]LogSlate: Took 0.000270 seconds to synchronously load lazily loaded font '../../../Engine/Content/Editor/Slate/Fonts/FontAwesome.ttf' (139K)
[2018.03.13-00.02.58:240][  0]LogRenderer: Reallocating scene render targets to support 1292x736 Format 10 NumSamples 1 (Frame:1).
[2018.03.13-00.02.58:411][  0]LogContentBrowser: Native class hierarchy updated for 'HierarchicalLODOutliner' in 0.0003 seconds. Added 1 classes and 2 folders.
[2018.03.13-00.02.58:411][  0]LogLoad: (Engine Initialization) Total time: 22.28 seconds
[2018.03.13-00.02.58:411][  0]LogLoad: (Engine Initialization) Total Blueprint compile time: 0.00 seconds
[2018.03.13-00.02.58:411][  0]LogExternalProfiler: No external profilers were discovered.  External profiling features will not be available.
[2018.03.13-00.02.58:452][  0]LogContentStreaming: Texture pool size now 1000 MB
[2018.03.13-00.02.58:563][  1]LogFileCache: Retrieving MD5 hashes for directory 'D:/Github/Motors-Jocs-II/Motors-Jocs-II/MyProject/Content/' took 0.13s
[2018.03.13-00.02.58:573][  1]LogAssetRegistry: Asset discovery search completed in 13.4157 seconds
[2018.03.13-00.02.58:575][  1]LogCollectionManager: Rebuilt the object cache for 0 collections in 0.000000 seconds (found 0 objects)
[2018.03.13-00.02.58:575][  1]LogCollectionManager: Fixed up redirectors for 0 collections in 0.000088 seconds (updated 0 objects)
[2018.03.13-00.02.59:467][ 85]LogSlate: Took 0.000269 seconds to synchronously load lazily loaded font '../../../Engine/Content/Slate/Fonts/Roboto-Light.ttf' (159K)
[2018.03.13-00.03.03:385][411]LogSlate: Took 0.000225 seconds to synchronously load lazily loaded font '../../../Engine/Content/Slate/Fonts/Roboto-Light.ttf' (159K)
[2018.03.13-00.03.03:515][411]LogSlate: Took 0.000500 seconds to synchronously load lazily loaded font '../../../Engine/Content/Editor/Slate/Fonts/Roboto-BoldCondensed.ttf' (158K)
[2018.03.13-00.03.07:723][700]LogContentBrowser: Native class hierarchy updated for 'BlueprintGraph' in 0.0021 seconds. Added 116 classes and 0 folders.
[2018.03.13-00.03.09:007][701]LogSlate: Took 0.000323 seconds to synchronously load lazily loaded font '../../../Engine/Content/Editor/Slate/Fonts/Roboto-Italic.ttf' (157K)
[2018.03.13-00.03.38:423][873]LogAIModule: Creating AISystem for world IATest
[2018.03.13-00.03.38:475][873]Cmd: MAP LOAD FILE="../../../../../Github/Motors-Jocs-II/Motors-Jocs-II/MyProject/Content/Levels/TestLevels/IATest.umap" TEMPLATE=0 SHOWPROGRESS=1 FEATURELEVEL=3
[2018.03.13-00.03.38:475][873]LightingResults: New page: Lighting Build
[2018.03.13-00.03.38:476][873]LoadErrors: New page: Loading map: IATest.umap
[2018.03.13-00.03.38:476][873]MapCheck: New page: Map Check
[2018.03.13-00.03.38:476][873]LightingResults: New page: Lighting Build
[2018.03.13-00.03.38:619][873]LogEditorServer: Finished looking for orphan Actors (0.000 secs)
[2018.03.13-00.03.38:697][873]Cmd: MAP CHECKDEP NOCLEARLOG
[2018.03.13-00.03.38:767][873]MapCheck: Map check complete: 0 Error(s), 0 Warning(s), took 69.784ms to complete.
[2018.03.13-00.03.38:767][873]LogFileHelpers: Loading map 'IATest' took 0.294
[2018.03.13-00.03.40:270][  8]LogEditorViewport: Clicking on Actor (LMB): Bot_C (Bot)
[2018.03.13-00.03.52:986][881]LogSavePackage: Save=123.00ms
[2018.03.13-00.03.52:986][881]LogSavePackage: Moving '../../../../../Github/Motors-Jocs-II/Motors-Jocs-II/MyProject/Saved/IATestF1E34A844777AED208C46E93BF89DD34.tmp' to '../../../../../Github/Motors-Jocs-II/Motors-Jocs-II/MyProject/Content/Levels/TestLevels/IATest.umap'
[2018.03.13-00.03.52:988][881]LogSavePackage: Display: Finished SavePackage ../../../../../Github/Motors-Jocs-II/Motors-Jocs-II/MyProject/Content/Levels/TestLevels/IATest.umap
[2018.03.13-00.06.10:310][514]LogTemp: Repeating last play command: Selected Viewport
[2018.03.13-00.06.10:409][514]LogPlayLevel: PlayLevel: No blueprints needed recompiling
[2018.03.13-00.06.10:410][514]PIE: New page: PIE session: IATest (Mar 13, 2018, 2:06:10 AM)
[2018.03.13-00.06.10:410][514]LogPlayLevel: Creating play world package: /Game/Levels/TestLevels/UEDPIE_0_IATest
[2018.03.13-00.06.10:417][514]LogPlayLevel: PIE: StaticDuplicateObject took: (0.006570s)
[2018.03.13-00.06.10:418][514]LogAIModule: Creating AISystem for world IATest
[2018.03.13-00.06.10:418][514]LogPlayLevel: PIE: World Init took: (0.001115s)
[2018.03.13-00.06.10:418][514]LogPlayLevel: PIE: Created PIE world by copying editor world from /Game/Levels/TestLevels/IATest.IATest to /Game/Levels/TestLevels/UEDPIE_0_IATest.IATest (0.008155s)
[2018.03.13-00.06.10:459][514]LogInit: XAudio2 using 'BenQ LCD (NVIDIA High Definition Audio)' : 2 channels at 48 kHz using 16 bits per sample (channel mask 0x3)
[2018.03.13-00.06.10:481][514]LogInit: FAudioDevice initialized.
[2018.03.13-00.06.10:527][514]LogLoad: Game class is 'GameModeBase'
[2018.03.13-00.06.10:534][514]LogWorld: Bringing World /Game/Levels/TestLevels/UEDPIE_0_IATest.IATest up for play (max tick rate 0) at 2018.03.13-01.06.10
[2018.03.13-00.06.10:536][514]LogWorld: Bringing up level for play took: 0.003682
[2018.03.13-00.06.10:587][514]LogContentBrowser: Native class hierarchy updated for 'MovieSceneCapture' in 0.0012 seconds. Added 11 classes and 0 folders.
[2018.03.13-00.06.10:590][514]PIE: Play in editor start time for /Game/Levels/TestLevels/UEDPIE_0_IATest -0.719
[2018.03.13-00.06.20:947][195]LogBlueprintDebug: Warning: Hit breakpoint on node 'K2Node_IfThenElse', from offset 643
[2018.03.13-00.06.20:947][195]LogBlueprintDebug: 
Script call stack:
	Function /Game/BluePrints/IA/Tasks/BTS_Attack_Decision.BTS_Attack_Decision_C:ReceiveTick
	Function /Game/BluePrints/IA/Tasks/BTS_Attack_Decision.BTS_Attack_Decision_C:ExecuteUbergraph_BTS_Attack_Decision

[2018.03.13-00.07.41:508][924]LogEditorViewport: Clicking on Actor (LMB): FirstPersonCharacter_C (FirstPersonCharacter)
[2018.03.13-00.07.42:874][  6]LogTemp: Repeating last play command: Selected Viewport
[2018.03.13-00.07.42:914][  6]LogPlayLevel: PlayLevel: No blueprints needed recompiling
[2018.03.13-00.07.42:914][  6]PIE: New page: PIE session: IATest (Mar 13, 2018, 2:07:42 AM)
[2018.03.13-00.07.42:915][  6]LogPlayLevel: Creating play world package: /Game/Levels/TestLevels/UEDPIE_0_IATest
[2018.03.13-00.07.42:929][  6]LogPlayLevel: PIE: StaticDuplicateObject took: (0.013986s)
[2018.03.13-00.07.42:930][  6]LogAIModule: Creating AISystem for world IATest
[2018.03.13-00.07.42:930][  6]LogPlayLevel: PIE: World Init took: (0.000817s)
[2018.03.13-00.07.42:930][  6]LogPlayLevel: PIE: Created PIE world by copying editor world from /Game/Levels/TestLevels/IATest.IATest to /Game/Levels/TestLevels/UEDPIE_0_IATest.IATest (0.015141s)
[2018.03.13-00.07.42:984][  6]LogInit: XAudio2 using 'BenQ LCD (NVIDIA High Definition Audio)' : 2 channels at 48 kHz using 16 bits per sample (channel mask 0x3)
[2018.03.13-00.07.42:991][  6]LogInit: FAudioDevice initialized.
[2018.03.13-00.07.43:024][  6]LogLoad: Game class is 'GameModeBase'
[2018.03.13-00.07.43:027][  6]LogWorld: Bringing World /Game/Levels/TestLevels/UEDPIE_0_IATest.IATest up for play (max tick rate 0) at 2018.03.13-01.07.43
[2018.03.13-00.07.43:027][  6]LogWorld: Bringing up level for play took: 0.002572
[2018.03.13-00.07.43:029][  6]PIE: Play in editor start time for /Game/Levels/TestLevels/UEDPIE_0_IATest -0.279
[2018.03.13-00.07.45:641][271]LogBlueprintDebug: Warning: Hit breakpoint on node 'K2Node_IfThenElse', from offset 643
[2018.03.13-00.07.45:641][271]LogBlueprintDebug: 
Script call stack:
	Function /Game/BluePrints/IA/Tasks/BTS_Attack_Decision.BTS_Attack_Decision_C:ReceiveTick
	Function /Game/BluePrints/IA/Tasks/BTS_Attack_Decision.BTS_Attack_Decision_C:ExecuteUbergraph_BTS_Attack_Decision

[2018.03.13-00.10.30:620][770]Cmd: OBJ SAVEPACKAGE PACKAGE="/Game/BluePrints/IA/BotTree" FILE="../../../../../Github/Motors-Jocs-II/Motors-Jocs-II/MyProject/Content/BluePrints/IA/BotTree.uasset" SILENT=true
[2018.03.13-00.10.30:663][770]LogSavePackage: Save=20.57ms
[2018.03.13-00.10.30:663][770]LogSavePackage: Moving '../../../../../Github/Motors-Jocs-II/Motors-Jocs-II/MyProject/Saved/BotTree793A49DA46A107BC7B47B3B09B2BBC1D.tmp' to '../../../../../Github/Motors-Jocs-II/Motors-Jocs-II/MyProject/Content/BluePrints/IA/BotTree.uasset'
[2018.03.13-00.10.30:665][770]LogSavePackage: Display: Finished SavePackage ../../../../../Github/Motors-Jocs-II/Motors-Jocs-II/MyProject/Content/BluePrints/IA/BotTree.uasset
[2018.03.13-00.10.57:541][987]LogBehaviorTree: Warning: Blackboard asset (AttackBotBlackboard) has (AttackBotBlackboard) in parent chain! Clearing value to avoid cycle.
[2018.03.13-00.14.24:496][ 35]LogFileHelpers: Editor autosave (incl. sublevels) for '/Game/Levels/TestLevels/IATest' took 0.032
[2018.03.13-00.14.24:499][ 35]OBJ SavePackage: Generating thumbnails for [0] asset(s) in package [/Game/BluePrints/IA/AtacTree] ([1] browsable assets)...
[2018.03.13-00.14.24:499][ 35]OBJ SavePackage: Finished generating thumbnails for package [/Game/BluePrints/IA/AtacTree]
[2018.03.13-00.14.24:504][ 35]LogSavePackage: Save=3.98ms
[2018.03.13-00.14.24:505][ 35]LogSavePackage: Moving '../../../../../Github/Motors-Jocs-II/Motors-Jocs-II/MyProject/Saved/AtacTree_Auto16C0D3D7348EC34659969289E4D87C5BF.tmp' to '../../../../../Github/Motors-Jocs-II/Motors-Jocs-II/MyProject/Saved/Autosaves/Game/BluePrints/IA/AtacTree_Auto1.uasset'
[2018.03.13-00.14.24:506][ 35]LogSavePackage: Display: Finished SavePackage ../../../../../Github/Motors-Jocs-II/Motors-Jocs-II/MyProject/Saved/Autosaves/Game/BluePrints/IA/AtacTree_Auto1.uasset
[2018.03.13-00.14.24:506][ 35]OBJ SavePackage: Generating thumbnails for [0] asset(s) in package [/Game/BluePrints/IA/BotTree] ([1] browsable assets)...
[2018.03.13-00.14.24:506][ 35]OBJ SavePackage: Finished generating thumbnails for package [/Game/BluePrints/IA/BotTree]
[2018.03.13-00.14.24:560][ 35]LogSavePackage: Save=18.48ms
[2018.03.13-00.14.24:560][ 35]LogSavePackage: Moving '../../../../../Github/Motors-Jocs-II/Motors-Jocs-II/MyProject/Saved/BotTree_Auto1305CE6B140184E76A0DD1A97F816ED89.tmp' to '../../../../../Github/Motors-Jocs-II/Motors-Jocs-II/MyProject/Saved/Autosaves/Game/BluePrints/IA/BotTree_Auto1.uasset'
[2018.03.13-00.14.24:562][ 35]LogSavePackage: Display: Finished SavePackage ../../../../../Github/Motors-Jocs-II/Motors-Jocs-II/MyProject/Saved/Autosaves/Game/BluePrints/IA/BotTree_Auto1.uasset
[2018.03.13-00.14.24:562][ 35]OBJ SavePackage: Generating thumbnails for [0] asset(s) in package [/Game/BluePrints/IA/AttackBotBlackboard] ([1] browsable assets)...
[2018.03.13-00.14.24:562][ 35]OBJ SavePackage: Finished generating thumbnails for package [/Game/BluePrints/IA/AttackBotBlackboard]
[2018.03.13-00.14.24:575][ 35]LogSavePackage: Save=2.37ms
[2018.03.13-00.14.24:576][ 35]LogSavePackage: Moving '../../../../../Github/Motors-Jocs-II/Motors-Jocs-II/MyProject/Saved/AttackBotBlackboard_Auto1F59CD3CD4F0B4BA372EC74B586BAAC9A.tmp' to '../../../../../Github/Motors-Jocs-II/Motors-Jocs-II/MyProject/Saved/Autosaves/Game/BluePrints/IA/AttackBotBlackboard_Auto1.uasset'
[2018.03.13-00.14.24:578][ 35]LogSavePackage: Display: Finished SavePackage ../../../../../Github/Motors-Jocs-II/Motors-Jocs-II/MyProject/Saved/Autosaves/Game/BluePrints/IA/AttackBotBlackboard_Auto1.uasset
[2018.03.13-00.14.24:578][ 35]OBJ SavePackage: Generating thumbnails for [0] asset(s) in package [/Game/BluePrints/IA/Tasks/BTS_Attack_Decision] ([1] browsable assets)...
[2018.03.13-00.14.24:579][ 35]OBJ SavePackage: Finished generating thumbnails for package [/Game/BluePrints/IA/Tasks/BTS_Attack_Decision]
[2018.03.13-00.14.24:634][ 35]LogSavePackage: Save=39.61ms
[2018.03.13-00.14.24:634][ 35]LogSavePackage: Moving '../../../../../Github/Motors-Jocs-II/Motors-Jocs-II/MyProject/Saved/BTS_Attack_Decision_Auto1FF7DD68F45258CE8D2AFC5858F54F8C6.tmp' to '../../../../../Github/Motors-Jocs-II/Motors-Jocs-II/MyProject/Saved/Autosaves/Game/BluePrints/IA/Tasks/BTS_Attack_Decision_Auto1.uasset'
[2018.03.13-00.14.24:635][ 35]LogSavePackage: Display: Finished SavePackage ../../../../../Github/Motors-Jocs-II/Motors-Jocs-II/MyProject/Saved/Autosaves/Game/BluePrints/IA/Tasks/BTS_Attack_Decision_Auto1.uasset
[2018.03.13-00.14.24:635][ 35]LogFileHelpers: Auto-saving content packages took 0.137
[2018.03.13-00.17.42:006][856]BlueprintLog: New page: Compile BTS_Attack_Decision
[2018.03.13-00.18.12:955][913]BlueprintLog: New page: Compile BTS_Attack_Decision
[2018.03.13-00.23.06:536][207]LogTabManager: Warning: Cannot spawn tab because no spawner is registered for 'MyBlueprint'
[2018.03.13-00.23.16:558][819]LogSlate: Took 0.000258 seconds to synchronously load lazily loaded font '../../../Engine/Content/Editor/Slate/Fonts/Roboto-BoldCondensedItalic.ttf' (160K)
[2018.03.13-00.23.22:498][155]BlueprintLog: New page: Compile BTS_Attack_Decision
[2018.03.13-00.23.33:038][807]LogSavePackage: Save=57.40ms
[2018.03.13-00.23.33:038][807]LogSavePackage: Moving '../../../../../Github/Motors-Jocs-II/Motors-Jocs-II/MyProject/Saved/BTS_Attack_Decision92DA45B240A90FCE038FADA5C51A33FB.tmp' to '../../../../../Github/Motors-Jocs-II/Motors-Jocs-II/MyProject/Content/BluePrints/IA/Tasks/BTS_Attack_Decision.uasset'
[2018.03.13-00.23.33:040][807]LogSavePackage: Display: Finished SavePackage ../../../../../Github/Motors-Jocs-II/Motors-Jocs-II/MyProject/Content/BluePrints/IA/Tasks/BTS_Attack_Decision.uasset
[2018.03.13-00.24.58:930][543]Cmd: OBJ SAVEPACKAGE PACKAGE="/Game/BluePrints/IA/AtacStats" FILE="../../../../../Github/Motors-Jocs-II/Motors-Jocs-II/MyProject/Content/BluePrints/IA/AtacStats.uasset" SILENT=true
[2018.03.13-00.24.58:933][543]LogSavePackage: Save=1.19ms
[2018.03.13-00.24.58:933][543]LogSavePackage: Moving '../../../../../Github/Motors-Jocs-II/Motors-Jocs-II/MyProject/Saved/AtacStats7CDD0E0B4633C4988851AC980AC19CEC.tmp' to '../../../../../Github/Motors-Jocs-II/Motors-Jocs-II/MyProject/Content/BluePrints/IA/AtacStats.uasset'
[2018.03.13-00.24.58:935][543]LogSavePackage: Display: Finished SavePackage ../../../../../Github/Motors-Jocs-II/Motors-Jocs-II/MyProject/Content/BluePrints/IA/AtacStats.uasset
[2018.03.13-00.25.01:953][759]LogSavePackage: Save=125.81ms
[2018.03.13-00.25.01:953][759]LogSavePackage: Moving '../../../../../Github/Motors-Jocs-II/Motors-Jocs-II/MyProject/Saved/IATest9A415E704BB2B7670625F09DA3B1E23B.tmp' to '../../../../../Github/Motors-Jocs-II/Motors-Jocs-II/MyProject/Content/Levels/TestLevels/IATest.umap'
[2018.03.13-00.25.01:955][759]LogSavePackage: Display: Finished SavePackage ../../../../../Github/Motors-Jocs-II/Motors-Jocs-II/MyProject/Content/Levels/TestLevels/IATest.umap
[2018.03.13-00.25.03:758][823]Cmd: OBJ SAVEPACKAGE PACKAGE="/Game/BluePrints/IA/AtacTree" FILE="../../../../../Github/Motors-Jocs-II/Motors-Jocs-II/MyProject/Content/BluePrints/IA/AtacTree.uasset" SILENT=true
[2018.03.13-00.25.03:764][823]LogSavePackage: Save=3.99ms
[2018.03.13-00.25.03:764][823]LogSavePackage: Moving '../../../../../Github/Motors-Jocs-II/Motors-Jocs-II/MyProject/Saved/AtacTree3EEB16CA474487C89A54FFB20124D0F7.tmp' to '../../../../../Github/Motors-Jocs-II/Motors-Jocs-II/MyProject/Content/BluePrints/IA/AtacTree.uasset'
[2018.03.13-00.25.03:766][823]LogSavePackage: Display: Finished SavePackage ../../../../../Github/Motors-Jocs-II/Motors-Jocs-II/MyProject/Content/BluePrints/IA/AtacTree.uasset
[2018.03.13-00.25.03:774][823]Cmd: OBJ SAVEPACKAGE PACKAGE="/Game/BluePrints/IA/AttackBotBlackboard" FILE="../../../../../Github/Motors-Jocs-II/Motors-Jocs-II/MyProject/Content/BluePrints/IA/AttackBotBlackboard.uasset" SILENT=true
[2018.03.13-00.25.03:809][823]LogSavePackage: Save=20.93ms
[2018.03.13-00.25.03:809][823]LogSavePackage: Moving '../../../../../Github/Motors-Jocs-II/Motors-Jocs-II/MyProject/Saved/AttackBotBlackboardF008D9194FF212FF625ADE9F861CF5CA.tmp' to '../../../../../Github/Motors-Jocs-II/Motors-Jocs-II/MyProject/Content/BluePrints/IA/AttackBotBlackboard.uasset'
[2018.03.13-00.25.03:811][823]LogSavePackage: Display: Finished SavePackage ../../../../../Github/Motors-Jocs-II/Motors-Jocs-II/MyProject/Content/BluePrints/IA/AttackBotBlackboard.uasset
[2018.03.13-00.25.03:818][823]Cmd: OBJ SAVEPACKAGE PACKAGE="/Game/BluePrints/IA/BotTree" FILE="../../../../../Github/Motors-Jocs-II/Motors-Jocs-II/MyProject/Content/BluePrints/IA/BotTree.uasset" SILENT=true
[2018.03.13-00.25.03:857][823]LogSavePackage: Save=26.85ms
[2018.03.13-00.25.03:857][823]LogSavePackage: Moving '../../../../../Github/Motors-Jocs-II/Motors-Jocs-II/MyProject/Saved/BotTree47C0FCA44EF54E2656CEA0AC8F5CF62C.tmp' to '../../../../../Github/Motors-Jocs-II/Motors-Jocs-II/MyProject/Content/BluePrints/IA/BotTree.uasset'
[2018.03.13-00.25.03:862][823]LogSavePackage: Display: Finished SavePackage ../../../../../Github/Motors-Jocs-II/Motors-Jocs-II/MyProject/Content/BluePrints/IA/BotTree.uasset
[2018.03.13-00.25.03:999][823]LogWindowsTextInputMethodSystem: Display: IME system now deactivated.
[2018.03.13-00.25.04:277][824]Cmd: QUIT_EDITOR
[2018.03.13-00.25.05:098][824]LogExit: Preparing to exit.
[2018.03.13-00.25.05:749][824]LogDirectoryWatcher: A directory notification for 'D:/Github/Motors-Jocs-II/Motors-Jocs-II/MyProject/Content/' was aborted.
[2018.03.13-00.25.05:783][824]LogExit: Editor shut down
[2018.03.13-00.25.05:789][824]LogExit: Transaction tracking system shut down
[2018.03.13-00.25.05:909][824]LogDirectoryWatcher: A directory notification for '../../../Engine/Content/' was aborted.
[2018.03.13-00.25.05:909][824]LogDirectoryWatcher: A directory notification for '../../../../../Github/Motors-Jocs-II/Motors-Jocs-II/MyProject/Content/' was aborted.
[2018.03.13-00.25.05:909][824]LogDirectoryWatcher: A directory notification for '../../../Engine/Plugins/2D/Paper2D/Content/' was aborted.
[2018.03.13-00.25.05:910][824]LogDirectoryWatcher: A directory notification for '../../../Engine/Plugins/Media/MediaCompositing/Content/' was aborted.
[2018.03.13-00.25.05:910][824]LogDirectoryWatcher: A directory notification for '../../../Engine/Plugins/Runtime/AppleARKit/Content/' was aborted.
[2018.03.13-00.25.05:910][824]LogDirectoryWatcher: A directory notification for '../../../Engine/Plugins/Runtime/Oculus/OculusVR/Content/' was aborted.
[2018.03.13-00.25.05:910][824]LogDirectoryWatcher: A directory notification for '../../../Engine/Plugins/Runtime/Steam/SteamVR/Content/' was aborted.
[2018.03.13-00.25.06:040][824]LogExit: Object subsystem successfully closed.
[2018.03.13-00.25.06:077][824]LogD3D11RHI: Shutdown
[2018.03.13-00.25.06:077][824]LogD3D11RHI: CleanupD3DDevice
[2018.03.13-00.25.06:089][824]LogD3D11RHI: ~FD3D11DynamicRHI
[2018.03.13-00.25.06:098][824]LogModuleManager: Shutting down and abandoning module MovieSceneCapture (552)
[2018.03.13-00.25.06:098][824]LogModuleManager: Shutting down and abandoning module BlueprintGraph (550)
[2018.03.13-00.25.06:098][824]LogModuleManager: Shutting down and abandoning module HierarchicalLODOutliner (548)
[2018.03.13-00.25.06:098][824]LogModuleManager: Shutting down and abandoning module SceneOutliner (546)
[2018.03.13-00.25.06:098][824]LogModuleManager: Shutting down and abandoning module AddContentDialog (544)
[2018.03.13-00.25.06:098][824]LogDirectoryWatcher: A directory notification for 'D:/Unreal/UE_4.18/FeaturePacks/' was aborted.
[2018.03.13-00.25.06:099][824]LogModuleManager: Shutting down and abandoning module WidgetCarousel (543)
[2018.03.13-00.25.06:099][824]LogModuleManager: Shutting down and abandoning module EditorWidgets (540)
[2018.03.13-00.25.06:099][824]LogModuleManager: Shutting down and abandoning module CollectionManager (538)
[2018.03.13-00.25.06:099][824]LogDirectoryWatcher: A directory notification for 'D:/Github/Motors-Jocs-II/Motors-Jocs-II/MyProject/Content/Collections/' was aborted.
[2018.03.13-00.25.06:099][824]LogDirectoryWatcher: A directory notification for 'D:/Github/Motors-Jocs-II/Motors-Jocs-II/MyProject/Content/Developers/Aleix/Collections/' was aborted.
[2018.03.13-00.25.06:099][824]LogDirectoryWatcher: A directory notification for 'D:/Github/Motors-Jocs-II/Motors-Jocs-II/MyProject/Saved/Collections/' was aborted.
[2018.03.13-00.25.06:099][824]LogModuleManager: Shutting down and abandoning module StatsViewer (536)
[2018.03.13-00.25.06:099][824]LogModuleManager: Shutting down and abandoning module FoliageEdit (534)
[2018.03.13-00.25.06:099][824]LogModuleManager: Shutting down and abandoning module LandscapeEditor (532)
[2018.03.13-00.25.06:099][824]LogModuleManager: Shutting down and abandoning module MeshPaintMode (530)
[2018.03.13-00.25.06:099][824]LogModuleManager: Shutting down and abandoning module SceneDepthPickerMode (528)
[2018.03.13-00.25.06:099][824]LogModuleManager: Shutting down and abandoning module ActorPickerMode (526)
[2018.03.13-00.25.06:099][824]LogModuleManager: Shutting down and abandoning module GeometryMode (524)
[2018.03.13-00.25.06:099][824]LogModuleManager: Shutting down and abandoning module TextureAlignMode (522)
[2018.03.13-00.25.06:099][824]LogModuleManager: Shutting down and abandoning module BspMode (520)
[2018.03.13-00.25.06:099][824]LogModuleManager: Shutting down and abandoning module PIEPreviewDeviceProfileSelector (518)
[2018.03.13-00.25.06:100][824]LogModuleManager: Shutting down and abandoning module HardwareSurvey (516)
[2018.03.13-00.25.06:100][824]LogModuleManager: Shutting down and abandoning module SequenceRecorderSections (514)
[2018.03.13-00.25.06:100][824]LogModuleManager: Shutting down and abandoning module AutomationWorker (512)
[2018.03.13-00.25.06:100][824]LogModuleManager: Shutting down and abandoning module MatineeToLevelSequence (510)
[2018.03.13-00.25.06:100][824]LogModuleManager: Shutting down and abandoning module LevelSequenceEditor (508)
[2018.03.13-00.25.06:100][824]LogModuleManager: Shutting down and abandoning module PlacementMode (507)
[2018.03.13-00.25.06:100][824]LogModuleManager: Shutting down and abandoning module WmfMediaFactory (504)
[2018.03.13-00.25.06:100][824]LogModuleManager: Shutting down and abandoning module WmfMediaEditor (502)
[2018.03.13-00.25.06:100][824]LogModuleManager: Shutting down and abandoning module OpenExrWrapper (500)
[2018.03.13-00.25.06:100][824]LogModuleManager: Shutting down and abandoning module ImgMediaFactory (498)
[2018.03.13-00.25.06:100][824]LogModuleManager: Shutting down and abandoning module ImgMediaEditor (496)
[2018.03.13-00.25.06:100][824]LogModuleManager: Shutting down and abandoning module AvfMediaFactory (494)
[2018.03.13-00.25.06:100][824]LogModuleManager: Shutting down and abandoning module AvfMediaEditor (492)
[2018.03.13-00.25.06:100][824]LogModuleManager: Shutting down and abandoning module AndroidMediaFactory (490)
[2018.03.13-00.25.06:100][824]LogModuleManager: Shutting down and abandoning module AndroidMediaEditor (488)
[2018.03.13-00.25.06:100][824]LogModuleManager: Shutting down and abandoning module CharacterAI (486)
[2018.03.13-00.25.06:100][824]LogModuleManager: Shutting down and abandoning module AudioCapture (484)
[2018.03.13-00.25.06:100][824]LogModuleManager: Shutting down and abandoning module SequenceRecorder (483)
[2018.03.13-00.25.06:100][824]LogModuleManager: Shutting down and abandoning module SmartSnapping (480)
[2018.03.13-00.25.06:100][824]LogModuleManager: Shutting down and abandoning module SessionServices (478)
[2018.03.13-00.25.06:100][824]LogModuleManager: Shutting down and abandoning module ViewportSnapping (476)
[2018.03.13-00.25.06:100][824]LogModuleManager: Shutting down and abandoning module ViewportInteraction (474)
[2018.03.13-00.25.06:100][824]LogModuleManager: Shutting down and abandoning module ClothPainter (472)
[2018.03.13-00.25.06:100][824]LogModuleManager: Shutting down and abandoning module SkeletalMeshEditor (471)
[2018.03.13-00.25.06:100][824]LogModuleManager: Shutting down and abandoning module LogVisualizer (468)
[2018.03.13-00.25.06:100][824]LogModuleManager: Shutting down and abandoning module IntroTutorials (466)
[2018.03.13-00.25.06:100][824]LogModuleManager: Shutting down and abandoning module GameProjectGeneration (465)
[2018.03.13-00.25.06:100][824]LogModuleManager: Shutting down and abandoning module IOSPlatformEditor (462)
[2018.03.13-00.25.06:100][824]LogModuleManager: Shutting down and abandoning module HTML5PlatformEditor (460)
[2018.03.13-00.25.06:100][824]LogModuleManager: Shutting down and abandoning module AndroidPlatformEditor (458)
[2018.03.13-00.25.06:101][824]LogModuleManager: Shutting down and abandoning module AndroidDeviceDetection (457)
[2018.03.13-00.25.06:694][824]LogModuleManager: Shutting down and abandoning module WindowsPlatformEditor (454)
[2018.03.13-00.25.06:694][824]LogModuleManager: Shutting down and abandoning module IOSRuntimeSettings (452)
[2018.03.13-00.25.06:694][824]LogModuleManager: Shutting down and abandoning module AndroidRuntimeSettings (450)
[2018.03.13-00.25.06:694][824]LogModuleManager: Shutting down and abandoning module InputBindingEditor (448)
[2018.03.13-00.25.06:694][824]LogModuleManager: Shutting down and abandoning module MergeActors (446)
[2018.03.13-00.25.06:694][824]LogModuleManager: Shutting down and abandoning module SizeMap (444)
[2018.03.13-00.25.06:694][824]LogModuleManager: Shutting down and abandoning module TreeMap (442)
[2018.03.13-00.25.06:694][824]LogModuleManager: Shutting down and abandoning module ReferenceViewer (440)
[2018.03.13-00.25.06:694][824]LogModuleManager: Shutting down and abandoning module LocalizationDashboard (438)
[2018.03.13-00.25.06:694][824]LogModuleManager: Shutting down and abandoning module LocalizationService (437)
[2018.03.13-00.25.06:694][824]LogModuleManager: Shutting down and abandoning module HardwareTargeting (434)
[2018.03.13-00.25.06:694][824]LogModuleManager: Shutting down and abandoning module DeviceProfileEditor (432)
[2018.03.13-00.25.06:694][824]LogModuleManager: Shutting down and abandoning module UndoHistory (430)
[2018.03.13-00.25.06:694][824]LogModuleManager: Shutting down and abandoning module XmlParser (428)
[2018.03.13-00.25.06:694][824]LogModuleManager: Shutting down and abandoning module Blutility (426)
[2018.03.13-00.25.06:695][824]LogModuleManager: Shutting down and abandoning module ProjectSettingsViewer (424)
[2018.03.13-00.25.06:695][824]LogModuleManager: Shutting down and abandoning module ProjectTargetPlatformEditor (423)
[2018.03.13-00.25.06:695][824]LogModuleManager: Shutting down and abandoning module EditorSettingsViewer (420)
[2018.03.13-00.25.06:695][824]LogModuleManager: Shutting down and abandoning module SettingsEditor (418)
[2018.03.13-00.25.06:695][824]LogModuleManager: Shutting down and abandoning module ProjectLauncher (416)
[2018.03.13-00.25.06:695][824]LogModuleManager: Shutting down and abandoning module SessionFrontend (414)
[2018.03.13-00.25.06:695][824]LogModuleManager: Shutting down and abandoning module ProfilerClient (412)
[2018.03.13-00.25.06:695][824]LogModuleManager: Shutting down and abandoning module DeviceManager (410)
[2018.03.13-00.25.06:695][824]LogModuleManager: Shutting down and abandoning module TargetDeviceServices (409)
[2018.03.13-00.25.06:750][824]LogModuleManager: Shutting down and abandoning module AutomationController (406)
[2018.03.13-00.25.06:750][824]LogModuleManager: Shutting down and abandoning module AutomationWindow (404)
[2018.03.13-00.25.06:750][824]LogModuleManager: Shutting down and abandoning module Layers (402)
[2018.03.13-00.25.06:750][824]LogModuleManager: Shutting down and abandoning module ComponentVisualizers (400)
[2018.03.13-00.25.06:750][824]LogModuleManager: Shutting down and abandoning module DetailCustomizations (398)
[2018.03.13-00.25.06:750][824]LogModuleManager: Shutting down and abandoning module PackagesDialog (396)
[2018.03.13-00.25.06:750][824]LogModuleManager: Shutting down and abandoning module Persona (394)
[2018.03.13-00.25.06:750][824]LogModuleManager: Shutting down and abandoning module AdvancedPreviewScene (393)
[2018.03.13-00.25.06:750][824]LogModuleManager: Shutting down and abandoning module AnimGraph (391)
[2018.03.13-00.25.06:750][824]LogModuleManager: Shutting down and abandoning module Kismet (388)
[2018.03.13-00.25.06:763][824]LogModuleManager: Shutting down and abandoning module ClassViewer (386)
[2018.03.13-00.25.06:765][824]LogModuleManager: Shutting down and abandoning module Toolbox (384)
[2018.03.13-00.25.06:765][824]LogModuleManager: Shutting down and abandoning module ModuleUI (382)
[2018.03.13-00.25.06:765][824]LogModuleManager: Shutting down and abandoning module MovieSceneTools (380)
[2018.03.13-00.25.06:765][824]LogModuleManager: Shutting down and abandoning module OutputLog (378)
[2018.03.13-00.25.06:765][824]LogModuleManager: Shutting down and abandoning module GammaUI (376)
[2018.03.13-00.25.06:765][824]LogModuleManager: Shutting down and abandoning module Documentation (374)
[2018.03.13-00.25.06:765][824]LogModuleManager: Shutting down and abandoning module MovieSceneTracks (372)
[2018.03.13-00.25.06:765][824]LogModuleManager: Shutting down and abandoning module MovieScene (370)
[2018.03.13-00.25.06:765][824]LogModuleManager: Shutting down and abandoning module StreamingPauseRendering (368)
[2018.03.13-00.25.06:765][824]LogModuleManager: Shutting down and abandoning module LauncherPlatform (366)
[2018.03.13-00.25.06:765][824]LogModuleManager: Shutting down and abandoning module AnalyticsET (364)
[2018.03.13-00.25.06:765][824]LogModuleManager: Shutting down and abandoning module PortalServices (362)
[2018.03.13-00.25.06:765][824]LogModuleManager: Shutting down and abandoning module PortalRpc (360)
[2018.03.13-00.25.06:765][824]LogModuleManager: Shutting down and abandoning module MessagingRpc (358)
[2018.03.13-00.25.06:765][824]LogModuleManager: Shutting down and abandoning module AIModule (356)
[2018.03.13-00.25.06:765][824]LogModuleManager: Shutting down and abandoning module GameplayDebugger (355)
[2018.03.13-00.25.06:765][824]LogModuleManager: Shutting down and abandoning module AITestSuite (353)
[2018.03.13-00.25.06:765][824]LogModuleManager: Shutting down and abandoning module DesktopPlatform (350)
[2018.03.13-00.25.06:765][824]LogModuleManager: Shutting down and abandoning module ProfilerService (348)
[2018.03.13-00.25.06:881][824]LogModuleManager: Shutting down and abandoning module TaskGraph (346)
[2018.03.13-00.25.06:882][824]LogModuleManager: Shutting down and abandoning module SteamVRController (344)
[2018.03.13-00.25.06:882][824]LogModuleManager: Shutting down and abandoning module ProceduralMeshComponentEditor (342)
[2018.03.13-00.25.06:882][824]LogModuleManager: Shutting down and abandoning module ProceduralMeshComponent (340)
[2018.03.13-00.25.06:882][824]LogModuleManager: Shutting down and abandoning module OculusInput (338)
[2018.03.13-00.25.06:882][824]LogModuleManager: Shutting down and abandoning module MobilePatchingUtils (336)
[2018.03.13-00.25.06:882][824]LogModuleManager: Shutting down and abandoning module CustomMeshComponent (334)
[2018.03.13-00.25.06:882][824]LogModuleManager: Shutting down and abandoning module CableComponent (332)
[2018.03.13-00.25.06:882][824]LogModuleManager: Shutting down and abandoning module ArchVisCharacter (330)
[2018.03.13-00.25.06:882][824]LogModuleManager: Shutting down and abandoning module AndroidPermission (328)
[2018.03.13-00.25.06:882][824]LogModuleManager: Shutting down and abandoning module ActorSequence (324)
[2018.03.13-00.25.06:882][824]LogModuleManager: Shutting down and abandoning module MediaPlayerEditor (322)
[2018.03.13-00.25.06:882][824]LogModuleManager: Shutting down and abandoning module MediaCompositingEditor (320)
[2018.03.13-00.25.06:882][824]LogModuleManager: Shutting down and abandoning module MediaCompositing (318)
[2018.03.13-00.25.06:882][824]LogModuleManager: Shutting down and abandoning module HTML5Networking (316)
[2018.03.13-00.25.06:882][824]LogModuleManager: Shutting down and abandoning module AlembicImporter (314)
[2018.03.13-00.25.06:882][824]LogModuleManager: Shutting down and abandoning module AlembicLibrary (313)
[2018.03.13-00.25.06:882][824]LogModuleManager: Shutting down and abandoning module GeometryCache (312)
[2018.03.13-00.25.06:882][824]LogModuleManager: Shutting down and abandoning module GeometryCacheEd (311)
[2018.03.13-00.25.06:882][824]LogModuleManager: Shutting down and abandoning module SpeedTreeImporter (306)
[2018.03.13-00.25.06:882][824]LogModuleManager: Shutting down and abandoning module PluginBrowser (304)
[2018.03.13-00.25.06:882][824]LogModuleManager: Shutting down and abandoning module MobileLauncherProfileWizard (302)
[2018.03.13-00.25.06:882][824]LogModuleManager: Shutting down and abandoning module VisualStudioSourceCodeAccess (300)
[2018.03.13-00.25.06:883][824]LogModuleManager: Shutting down and abandoning module VisualStudioCodeSourceCodeAccess (298)
[2018.03.13-00.25.06:883][824]LogModuleManager: Shutting down and abandoning module UObjectPlugin (296)
[2018.03.13-00.25.06:883][824]LogModuleManager: Shutting down and abandoning module SubversionSourceControl (294)
[2018.03.13-00.25.06:883][824]LogModuleManager: Shutting down and abandoning module PerforceSourceControl (292)
[2018.03.13-00.25.06:883][824]LogModuleManager: Shutting down and abandoning module GitSourceControl (290)
[2018.03.13-00.25.06:883][824]LogModuleManager: Shutting down and abandoning module SourceControl (289)
[2018.03.13-00.25.06:883][824]LogModuleManager: Shutting down and abandoning module LightPropagationVolumeEditor (286)
[2018.03.13-00.25.06:883][824]LogModuleManager: Shutting down and abandoning module PaperTiledImporter (284)
[2018.03.13-00.25.06:883][824]LogModuleManager: Shutting down and abandoning module PaperSpriteSheetImporter (282)
[2018.03.13-00.25.06:883][824]LogModuleManager: Shutting down and abandoning module Paper2DEditor (280)
[2018.03.13-00.25.06:883][824]LogModuleManager: Shutting down and abandoning module MeshPaint (279)
[2018.03.13-00.25.06:883][824]LogModuleManager: Shutting down and abandoning module LevelEditor (277)
[2018.03.13-00.25.06:885][824]LogModuleManager: Shutting down and abandoning module PixelInspectorModule (276)
[2018.03.13-00.25.06:885][824]LogModuleManager: Shutting down and abandoning module MainFrame (274)
[2018.03.13-00.25.06:885][824]LogModuleManager: Shutting down and abandoning module HotReload (273)
[2018.03.13-00.25.06:885][824]LogModuleManager: Shutting down and abandoning module RuntimePhysXCooking (268)
[2018.03.13-00.25.06:885][824]LogModuleManager: Shutting down and abandoning module PhysXVehiclesEditor (266)
[2018.03.13-00.25.06:885][824]LogModuleManager: Shutting down and abandoning module PhysXVehicles (264)
[2018.03.13-00.25.06:885][824]LogModuleManager: Shutting down and abandoning module OculusEditor (262)
[2018.03.13-00.25.06:885][824]LogModuleManager: Shutting down and abandoning module LocationServicesBPLibrary (260)
[2018.03.13-00.25.06:885][824]LogModuleManager: Shutting down and abandoning module ImmediatePhysicsEditor (258)
[2018.03.13-00.25.06:885][824]LogModuleManager: Shutting down and abandoning module ImmediatePhysics (256)
[2018.03.13-00.25.06:885][824]LogModuleManager: Shutting down and abandoning module UdpMessaging (254)
[2018.03.13-00.25.06:986][824]LogModuleManager: Shutting down and abandoning module TcpMessaging (252)
[2018.03.13-00.25.07:087][824]LogModuleManager: Shutting down and abandoning module GameplayTagsEditor (250)
[2018.03.13-00.25.07:087][824]LogModuleManager: Shutting down and abandoning module FacialAnimationEditor (248)
[2018.03.13-00.25.07:087][824]LogModuleManager: Shutting down and abandoning module FacialAnimation (246)
[2018.03.13-00.25.07:087][824]LogModuleManager: Shutting down and abandoning module AssetManagerEditor (244)
[2018.03.13-00.25.07:088][824]LogModuleManager: Shutting down and abandoning module GraphEditor (243)
[2018.03.13-00.25.07:088][824]LogModuleManager: Shutting down and abandoning module ContentBrowser (241)
[2018.03.13-00.25.07:090][824]LogModuleManager: Shutting down and abandoning module LightPropagationVolumeRuntime (238)
[2018.03.13-00.25.07:090][824]LogModuleManager: Shutting down and abandoning module Paper2D (236)
[2018.03.13-00.25.07:090][824]LogModuleManager: Shutting down and abandoning module WindowsMoviePlayer (234)
[2018.03.13-00.25.07:090][824]LogModuleManager: Shutting down and abandoning module WmfMedia (232)
[2018.03.13-00.25.07:093][824]LogModuleManager: Shutting down and abandoning module ImgMedia (230)
[2018.03.13-00.25.07:093][824]LogModuleManager: Shutting down and abandoning module PacketHandler (228)
[2018.03.13-00.25.07:093][824]LogModuleManager: Shutting down and abandoning module ClothingSystemEditor (226)
[2018.03.13-00.25.07:093][824]LogModuleManager: Shutting down and abandoning module ClothingSystemRuntime (224)
[2018.03.13-00.25.07:093][824]LogModuleManager: Shutting down and abandoning module MediaAssets (222)
[2018.03.13-00.25.07:093][824]LogModuleManager: Shutting down and abandoning module Media (221)
[2018.03.13-00.25.07:099][824]LogModuleManager: Shutting down and abandoning module Overlay (218)
[2018.03.13-00.25.07:099][824]LogModuleManager: Shutting down and abandoning module OverlayEditor (217)
[2018.03.13-00.25.07:099][824]LogModuleManager: Shutting down and abandoning module VREditor (214)
[2018.03.13-00.25.07:100][824]LogModuleManager: Shutting down and abandoning module StringTableEditor (212)
[2018.03.13-00.25.07:100][824]LogModuleManager: Shutting down and abandoning module GameplayTasksEditor (210)
[2018.03.13-00.25.07:100][824]LogModuleManager: Shutting down and abandoning module BehaviorTreeEditor (208)
[2018.03.13-00.25.07:100][824]LogModuleManager: Shutting down and abandoning module FunctionalTesting (206)
[2018.03.13-00.25.07:100][824]LogModuleManager: Shutting down and abandoning module CollisionAnalyzer (204)
[2018.03.13-00.25.07:100][824]LogModuleManager: Shutting down and abandoning module WorkspaceMenuStructure (203)
[2018.03.13-00.25.07:100][824]LogModuleManager: Shutting down and abandoning module UMG (200)
[2018.03.13-00.25.07:100][824]LogModuleManager: Shutting down and abandoning module UMGEditor (199)
[2018.03.13-00.25.07:100][824]LogModuleManager: Shutting down and abandoning module Sequencer (198)
[2018.03.13-00.25.07:100][824]LogModuleManager: Shutting down and abandoning module MessageLog (195)
[2018.03.13-00.25.07:100][824]LogModuleManager: Shutting down and abandoning module SlateReflector (190)
[2018.03.13-00.25.07:100][824]LogModuleManager: Shutting down and abandoning module Slate (188)
[2018.03.13-00.25.07:100][824]LogModuleManager: Shutting down and abandoning module EditorStyle (186)
[2018.03.13-00.25.07:102][824]LogModuleManager: Shutting down and abandoning module MRMesh (184)
[2018.03.13-00.25.07:102][824]LogModuleManager: Shutting down and abandoning module SourceCodeAccess (182)
[2018.03.13-00.25.07:102][824]LogModuleManager: Shutting down and abandoning module HeadMountedDisplay (180)
[2018.03.13-00.25.07:102][824]LogModuleManager: Shutting down and abandoning module XAudio2 (178)
[2018.03.13-00.25.07:102][824]LogModuleManager: Shutting down and abandoning module Networking (176)
[2018.03.13-00.25.07:102][824]LogModuleManager: Shutting down and abandoning module Core (172)
[2018.03.13-00.25.07:102][824]LogModuleManager: Shutting down and abandoning module LevelSequence (168)
[2018.03.13-00.25.07:102][824]LogModuleManager: Shutting down and abandoning module DirectoryWatcher (166)
[2018.03.13-00.25.07:103][824]LogModuleManager: Shutting down and abandoning module KismetCompiler (164)
[2018.03.13-00.25.07:103][824]LogModuleManager: Shutting down and abandoning module MeshUtilities (162)
[2018.03.13-00.25.07:103][824]LogModuleManager: Shutting down and abandoning module MeshMergeUtilities (161)
[2018.03.13-00.25.07:103][824]LogModuleManager: Shutting down and abandoning module MeshReductionInterface (160)
[2018.03.13-00.25.07:103][824]LogModuleManager: Shutting down and abandoning module SimplygonSwarm (159)
[2018.03.13-00.25.07:103][824]LogModuleManager: Shutting down and abandoning module SimplygonMeshReduction (157)
[2018.03.13-00.25.07:104][824]LogModuleManager: Shutting down and abandoning module QuadricMeshReduction (155)
[2018.03.13-00.25.07:104][824]LogModuleManager: Shutting down and abandoning module MaterialBaking (151)
[2018.03.13-00.25.07:104][824]LogModuleManager: Shutting down and abandoning module DerivedDataCache (148)
[2018.03.13-00.25.07:139][824]LogDerivedDataCache: Shutdown
[2018.03.13-00.25.07:139][824]LogModuleManager: Shutting down and abandoning module TargetPlatform (146)
[2018.03.13-00.25.07:140][824]LogModuleManager: Shutting down and abandoning module VulkanShaderFormat (145)
[2018.03.13-00.25.07:140][824]LogModuleManager: Shutting down and abandoning module ShaderFormatVectorVM (143)
[2018.03.13-00.25.07:140][824]LogModuleManager: Shutting down and abandoning module ShaderFormatOpenGL (141)
[2018.03.13-00.25.07:140][824]LogModuleManager: Shutting down and abandoning module ShaderFormatD3D (139)
[2018.03.13-00.25.07:140][824]LogModuleManager: Shutting down and abandoning module MetalShaderFormat (137)
[2018.03.13-00.25.07:140][824]LogModuleManager: Shutting down and abandoning module TextureFormatUncompressed (135)
[2018.03.13-00.25.07:140][824]LogModuleManager: Shutting down and abandoning module TextureFormatPVR (133)
[2018.03.13-00.25.07:140][824]LogModuleManager: Shutting down and abandoning module TextureFormatDXT (131)
[2018.03.13-00.25.07:141][824]LogModuleManager: Shutting down and abandoning module TextureFormatIntelISPCTexComp (129)
[2018.03.13-00.25.07:141][824]LogModuleManager: Shutting down and abandoning module TextureFormatASTC (127)
[2018.03.13-00.25.07:141][824]LogModuleManager: Shutting down and abandoning module ImageWrapper (126)
[2018.03.13-00.25.07:141][824]LogModuleManager: Shutting down and abandoning module TextureFormatAndroid (123)
[2018.03.13-00.25.07:141][824]LogModuleManager: Shutting down and abandoning module AudioFormatOpus (121)
[2018.03.13-00.25.07:141][824]LogModuleManager: Shutting down and abandoning module AudioFormatOgg (119)
[2018.03.13-00.25.07:141][824]LogModuleManager: Shutting down and abandoning module AudioFormatADPCM (117)
[2018.03.13-00.25.07:141][824]LogModuleManager: Shutting down and abandoning module LinuxTargetPlatform (115)
[2018.03.13-00.25.07:141][824]LogModuleManager: Shutting down and abandoning module LinuxServerTargetPlatform (113)
[2018.03.13-00.25.07:141][824]LogModuleManager: Shutting down and abandoning module LinuxNoEditorTargetPlatform (111)
[2018.03.13-00.25.07:142][824]LogModuleManager: Shutting down and abandoning module LinuxClientTargetPlatform (109)
[2018.03.13-00.25.07:142][824]LogModuleManager: Shutting down and abandoning module TVOSTargetPlatform (107)
[2018.03.13-00.25.07:142][824]LogModuleManager: Shutting down and abandoning module Messaging (105)
[2018.03.13-00.25.07:142][824]LogModuleManager: Shutting down and abandoning module IOSTargetPlatform (103)
[2018.03.13-00.25.07:142][824]LogModuleManager: Shutting down and abandoning module HTML5TargetPlatform (101)
[2018.03.13-00.25.07:142][824]LogModuleManager: Shutting down and abandoning module AndroidTargetPlatform (99)
[2018.03.13-00.25.07:142][824]LogModuleManager: Shutting down and abandoning module Android_PVRTCTargetPlatform (97)
[2018.03.13-00.25.07:142][824]LogModuleManager: Shutting down and abandoning module Android_MultiTargetPlatform (95)
[2018.03.13-00.25.07:142][824]LogModuleManager: Shutting down and abandoning module Android_ETC2TargetPlatform (93)
[2018.03.13-00.25.07:142][824]LogModuleManager: Shutting down and abandoning module Android_ETC1TargetPlatform (91)
[2018.03.13-00.25.07:142][824]LogModuleManager: Shutting down and abandoning module Android_DXTTargetPlatform (89)
[2018.03.13-00.25.07:143][824]LogModuleManager: Shutting down and abandoning module Android_ATCTargetPlatform (87)
[2018.03.13-00.25.07:143][824]LogModuleManager: Shutting down and abandoning module Android_ASTCTargetPlatform (85)
[2018.03.13-00.25.07:143][824]LogModuleManager: Shutting down and abandoning module WindowsTargetPlatform (83)
[2018.03.13-00.25.07:143][824]LogModuleManager: Shutting down and abandoning module WindowsServerTargetPlatform (81)
[2018.03.13-00.25.07:143][824]LogModuleManager: Shutting down and abandoning module WindowsNoEditorTargetPlatform (79)
[2018.03.13-00.25.07:143][824]LogModuleManager: Shutting down and abandoning module WindowsClientTargetPlatform (77)
[2018.03.13-00.25.07:143][824]LogModuleManager: Shutting down and abandoning module MacTargetPlatform (75)
[2018.03.13-00.25.07:143][824]LogModuleManager: Shutting down and abandoning module MacServerTargetPlatform (73)
[2018.03.13-00.25.07:143][824]LogModuleManager: Shutting down and abandoning module MacNoEditorTargetPlatform (71)
[2018.03.13-00.25.07:144][824]LogModuleManager: Shutting down and abandoning module MacClientTargetPlatform (69)
[2018.03.13-00.25.07:144][824]LogModuleManager: Shutting down and abandoning module AllDesktopTargetPlatform (67)
[2018.03.13-00.25.07:144][824]LogModuleManager: Shutting down and abandoning module InputCore (64)
[2018.03.13-00.25.07:144][824]LogModuleManager: Shutting down and abandoning module Settings (62)
[2018.03.13-00.25.07:144][824]LogModuleManager: Shutting down and abandoning module PhysXCooking (60)
[2018.03.13-00.25.07:144][824]LogModuleManager: Shutting down and abandoning module SteamVR (58)
[2018.03.13-00.25.07:144][824]LogModuleManager: Shutting down and abandoning module OculusHMD (56)
[2018.03.13-00.25.07:144][824]LogModuleManager: Shutting down and abandoning module ExampleDeviceProfileSelector (54)
[2018.03.13-00.25.07:144][824]LogModuleManager: Shutting down and abandoning module AppleARKit (52)
[2018.03.13-00.25.07:144][824]LogModuleManager: Shutting down and abandoning module AugmentedReality (51)
[2018.03.13-00.25.07:144][824]LogModuleManager: Shutting down and abandoning module OnlineBlueprintSupport (48)
[2018.03.13-00.25.07:145][824]LogModuleManager: Shutting down and abandoning module OnlineSubsystem (44)
[2018.03.13-00.25.07:145][824]LogModuleManager: Shutting down and abandoning module XMPP (43)
[2018.03.13-00.25.07:145][824]LogModuleManager: Shutting down and abandoning module HTTP (41)
[2018.03.13-00.25.07:145][824]LogHttp: Display: Http module shutting down, but needs to wait on 1 outstanding Http requests:
[2018.03.13-00.25.07:145][824]LogHttp: Display: 	verb=[POST] url=[https://datarouter.ol.epicgames.com/datarouter/api/v1/public/data?SessionID=%7B7D892895-44B5-CB8C-C710-E0A8C9AAFEDE%7D&AppID=UEEditor.Rocket.Release&AppVersion=4.18.3-3832480%2B%2B%2BUE4%2BRelease-4.18&UserID=c39c5c09442c47ade7a166a3824dcf60%7C3f090def8e52455785dfe5939754062e%7C4b58a65d-b116-4526-8292-6226abd0ca42&AppEnvironment=datacollector-binary&UploadType=eteventstream] status=Processing
[2018.03.13-00.25.07:154][824]LogModuleManager: Shutting down and abandoning module SSL (40)
[2018.03.13-00.25.07:159][824]LogModuleManager: Shutting down and abandoning module AnimationModifiers (36)
[2018.03.13-00.25.07:159][824]LogModuleManager: Shutting down and abandoning module PropertyEditor (35)
[2018.03.13-00.25.07:159][824]LogModuleManager: Shutting down and abandoning module AudioEditor (32)
[2018.03.13-00.25.07:159][824]LogModuleManager: Shutting down and abandoning module TextureCompressor (30)
[2018.03.13-00.25.07:160][824]LogModuleManager: Shutting down and abandoning module ShaderCore (28)
[2018.03.13-00.25.07:160][824]LogModuleManager: Shutting down and abandoning module Landscape (26)
[2018.03.13-00.25.07:160][824]LogModuleManager: Shutting down and abandoning module SlateRHIRenderer (24)
[2018.03.13-00.25.07:162][824]LogModuleManager: Shutting down and abandoning module OpenGLDrv (22)
[2018.03.13-00.25.07:162][824]LogModuleManager: Shutting down and abandoning module D3D11RHI (20)
[2018.03.13-00.25.07:162][824]LogModuleManager: Shutting down and abandoning module AnimGraphRuntime (18)
[2018.03.13-00.25.07:162][824]LogModuleManager: Shutting down and abandoning module Renderer (16)
[2018.03.13-00.25.07:162][824]LogModuleManager: Shutting down and abandoning module Engine (14)
[2018.03.13-00.25.07:162][824]LogModuleManager: Shutting down and abandoning module CoreUObject (12)
[2018.03.13-00.25.07:162][824]LogModuleManager: Shutting down and abandoning module NetworkFile (10)
[2018.03.13-00.25.07:162][824]LogModuleManager: Shutting down and abandoning module CookedIterativeFile (8)
[2018.03.13-00.25.07:162][824]LogModuleManager: Shutting down and abandoning module StreamingFile (6)
[2018.03.13-00.25.07:162][824]LogModuleManager: Shutting down and abandoning module SandboxFile (4)
[2018.03.13-00.25.07:162][824]LogModuleManager: Shutting down and abandoning module PakFile (2)
[2018.03.13-00.25.07:169][824]LogExit: Exiting.
[2018.03.13-00.25.07:196][824]Log file closed, 03/13/18 01:25:07
