Log file open, 03/05/18 23:44:37
LogWindows: Failed to load 'aqProf.dll' (GetLastError=126)
LogWindows: File 'aqProf.dll' does not exist
LogWindows: Failed to load 'VSPerf140.dll' (GetLastError=126)
LogWindows: File 'VSPerf140.dll' does not exist
LogWindows: Failed to load 'VtuneApi.dll' (GetLastError=126)
LogWindows: File 'VtuneApi.dll' does not exist
LogWindows: Failed to load 'VtuneApi32e.dll' (GetLastError=126)
LogWindows: File 'VtuneApi32e.dll' does not exist
LogInit: Display: Running engine for game: MyProject
LogPlatformFile: Not using cached read wrapper
LogInit: Display: RandInit(-485085213) SRandInit(-485085213).
LogInit: Read version file with build ID '3709383'
LogInit: Overriding engine version to CL 3832480, compatible CL 3709383
LogInit: Registered custom module enumerator with build ID '3709383'
LogTaskGraph: Started task graph with 5 named threads and 20 total threads with 3 sets of task threads.
LogStats: Stats thread started at 0.288291
LogD3D11RHI: Aftermath initialized
LogModuleManager: Display: Found up-to-date module file ../../../Engine/Plugins/2D/Paper2D/Binaries/Win64/UE4Editor-Paper2D.dll (API version 3709383).
LogModuleManager: Display: Found up-to-date module file ../../../Engine/Plugins/2D/Paper2D/Binaries/Win64/UE4Editor-Paper2DEditor.dll (API version 3709383).
LogModuleManager: Display: Found up-to-date module file ../../../Engine/Plugins/2D/Paper2D/Binaries/Win64/UE4Editor-PaperSpriteSheetImporter.dll (API version 3709383).
LogModuleManager: Display: Found up-to-date module file ../../../Engine/Plugins/2D/Paper2D/Binaries/Win64/UE4Editor-PaperTiledImporter.dll (API version 3709383).
LogModuleManager: Display: Found up-to-date module file ../../../Engine/Plugins/2D/Paper2D/Binaries/Win64/UE4Editor-SmartSnapping.dll (API version 3709383).
LogModuleManager: Display: Found up-to-date module file ../../../Engine/Plugins/Blendables/LightPropagationVolume/Binaries/Win64/UE4Editor-LightPropagationVolumeRuntime.dll (API version 3709383).
LogModuleManager: Display: Found up-to-date module file ../../../Engine/Plugins/Blendables/LightPropagationVolume/Binaries/Win64/UE4Editor-LightPropagationVolumeEditor.dll (API version 3709383).
LogModuleManager: Display: Found up-to-date module file ../../../Engine/Plugins/Developer/GitSourceControl/Binaries/Win64/UE4Editor-GitSourceControl.dll (API version 3709383).
LogModuleManager: Display: Found up-to-date module file ../../../Engine/Plugins/Developer/PerforceSourceControl/Binaries/Win64/UE4Editor-PerforceSourceControl.dll (API version 3709383).
LogModuleManager: Display: Found up-to-date module file ../../../Engine/Plugins/Developer/SubversionSourceControl/Binaries/Win64/UE4Editor-SubversionSourceControl.dll (API version 3709383).
LogModuleManager: Display: Found up-to-date module file ../../../Engine/Plugins/Developer/UObjectPlugin/Binaries/Win64/UE4Editor-UObjectPlugin.dll (API version 3709383).
LogModuleManager: Display: Found up-to-date module file ../../../Engine/Plugins/Developer/VisualStudioCodeSourceCodeAccess/Binaries/Win64/UE4Editor-VisualStudioCodeSourceCodeAccess.dll (API version 3709383).
LogModuleManager: Display: Found up-to-date module file ../../../Engine/Plugins/Developer/VisualStudioSourceCodeAccess/Binaries/Win64/UE4Editor-VisualStudioSourceCodeAccess.dll (API version 3709383).
LogModuleManager: Display: Found up-to-date module file ../../../Engine/Plugins/Editor/AssetManagerEditor/Binaries/Win64/UE4Editor-AssetManagerEditor.dll (API version 3709383).
LogModuleManager: Display: Found up-to-date module file ../../../Engine/Plugins/Editor/AudioCapture/Binaries/Win64/UE4Editor-AudioCapture.dll (API version 3709383).
LogModuleManager: Display: Found up-to-date module file ../../../Engine/Plugins/Editor/FacialAnimation/Binaries/Win64/UE4Editor-FacialAnimation.dll (API version 3709383).
LogModuleManager: Display: Found up-to-date module file ../../../Engine/Plugins/Editor/FacialAnimation/Binaries/Win64/UE4Editor-FacialAnimationEditor.dll (API version 3709383).
LogModuleManager: Display: Found up-to-date module file ../../../Engine/Plugins/Editor/GameplayTagsEditor/Binaries/Win64/UE4Editor-GameplayTagsEditor.dll (API version 3709383).
LogModuleManager: Display: Found up-to-date module file ../../../Engine/Plugins/Editor/MobileLauncherProfileWizard/Binaries/Win64/UE4Editor-MobileLauncherProfileWizard.dll (API version 3709383).
LogModuleManager: Display: Found up-to-date module file ../../../Engine/Plugins/Editor/PluginBrowser/Binaries/Win64/UE4Editor-PluginBrowser.dll (API version 3709383).
LogModuleManager: Display: Found up-to-date module file ../../../Engine/Plugins/Editor/SpeedTreeImporter/Binaries/Win64/UE4Editor-SpeedTreeImporter.dll (API version 3709383).
LogModuleManager: Display: Found up-to-date module file ../../../Engine/Plugins/Experimental/AlembicImporter/Binaries/Win64/UE4Editor-AlembicImporter.dll (API version 3709383).
LogModuleManager: Display: Found up-to-date module file ../../../Engine/Plugins/Experimental/AlembicImporter/Binaries/Win64/UE4Editor-AlembicLibrary.dll (API version 3709383).
LogModuleManager: Display: Found up-to-date module file ../../../Engine/Plugins/Experimental/CharacterAI/Binaries/Win64/UE4Editor-CharacterAI.dll (API version 3709383).
LogModuleManager: Display: Found up-to-date module file ../../../Engine/Plugins/Experimental/HTML5Networking/Binaries/Win64/UE4Editor-HTML5Networking.dll (API version 3709383).
LogModuleManager: Display: Found up-to-date module file ../../../Engine/Plugins/Media/AndroidMedia/Binaries/Win64/UE4Editor-AndroidMediaEditor.dll (API version 3709383).
LogModuleManager: Display: Found up-to-date module file ../../../Engine/Plugins/Media/AndroidMedia/Binaries/Win64/UE4Editor-AndroidMediaFactory.dll (API version 3709383).
LogModuleManager: Display: Found up-to-date module file ../../../Engine/Plugins/Media/AvfMedia/Binaries/Win64/UE4Editor-AvfMediaEditor.dll (API version 3709383).
LogModuleManager: Display: Found up-to-date module file ../../../Engine/Plugins/Media/AvfMedia/Binaries/Win64/UE4Editor-AvfMediaFactory.dll (API version 3709383).
LogModuleManager: Display: Found up-to-date module file ../../../Engine/Plugins/Media/AvfMedia/Binaries/Win64/UE4Editor-AvfMediaFactory.dll (API version 3709383).
LogModuleManager: Display: Found up-to-date module file ../../../Engine/Plugins/Media/ImgMedia/Binaries/Win64/UE4Editor-ImgMedia.dll (API version 3709383).
LogModuleManager: Display: Found up-to-date module file ../../../Engine/Plugins/Media/ImgMedia/Binaries/Win64/UE4Editor-ImgMediaEditor.dll (API version 3709383).
LogModuleManager: Display: Found up-to-date module file ../../../Engine/Plugins/Media/ImgMedia/Binaries/Win64/UE4Editor-ImgMediaFactory.dll (API version 3709383).
LogModuleManager: Display: Found up-to-date module file ../../../Engine/Plugins/Media/ImgMedia/Binaries/Win64/UE4Editor-ImgMediaFactory.dll (API version 3709383).
LogModuleManager: Display: Found up-to-date module file ../../../Engine/Plugins/Media/ImgMedia/Binaries/Win64/UE4Editor-OpenExrWrapper.dll (API version 3709383).
LogModuleManager: Display: Found up-to-date module file ../../../Engine/Plugins/Media/MediaCompositing/Binaries/Win64/UE4Editor-MediaCompositing.dll (API version 3709383).
LogModuleManager: Display: Found up-to-date module file ../../../Engine/Plugins/Media/MediaCompositing/Binaries/Win64/UE4Editor-MediaCompositingEditor.dll (API version 3709383).
LogModuleManager: Display: Found up-to-date module file ../../../Engine/Plugins/Media/MediaPlayerEditor/Binaries/Win64/UE4Editor-MediaPlayerEditor.dll (API version 3709383).
LogModuleManager: Display: Found up-to-date module file ../../../Engine/Plugins/Media/WmfMedia/Binaries/Win64/UE4Editor-WmfMedia.dll (API version 3709383).
LogModuleManager: Display: Found up-to-date module file ../../../Engine/Plugins/Media/WmfMedia/Binaries/Win64/UE4Editor-WmfMediaEditor.dll (API version 3709383).
LogModuleManager: Display: Found up-to-date module file ../../../Engine/Plugins/Media/WmfMedia/Binaries/Win64/UE4Editor-WmfMediaFactory.dll (API version 3709383).
LogModuleManager: Display: Found up-to-date module file ../../../Engine/Plugins/Media/WmfMedia/Binaries/Win64/UE4Editor-WmfMediaFactory.dll (API version 3709383).
LogModuleManager: Display: Found up-to-date module file ../../../Engine/Plugins/Messaging/TcpMessaging/Binaries/Win64/UE4Editor-TcpMessaging.dll (API version 3709383).
LogModuleManager: Display: Found up-to-date module file ../../../Engine/Plugins/Messaging/UdpMessaging/Binaries/Win64/UE4Editor-UdpMessaging.dll (API version 3709383).
LogModuleManager: Display: Found up-to-date module file ../../../Engine/Plugins/MovieScene/ActorSequence/Binaries/Win64/UE4Editor-ActorSequence.dll (API version 3709383).
LogModuleManager: Display: Found up-to-date module file ../../../Engine/Plugins/MovieScene/LevelSequenceEditor/Binaries/Win64/UE4Editor-LevelSequenceEditor.dll (API version 3709383).
LogModuleManager: Display: Found up-to-date module file ../../../Engine/Plugins/MovieScene/MatineeToLevelSequence/Binaries/Win64/UE4Editor-MatineeToLevelSequence.dll (API version 3709383).
LogModuleManager: Display: Found up-to-date module file ../../../Engine/Plugins/Online/OnlineSubsystem/Binaries/Win64/UE4Editor-OnlineSubsystem.dll (API version 3709383).
LogModuleManager: Display: Found up-to-date module file ../../../Engine/Plugins/Runtime/AndroidPermission/Binaries/Win64/UE4Editor-AndroidPermission.dll (API version 3709383).
LogModuleManager: Display: Found up-to-date module file ../../../Engine/Plugins/Online/OnlineSubsystemNull/Binaries/Win64/UE4Editor-OnlineSubsystemNull.dll (API version 3709383).
LogModuleManager: Display: Found up-to-date module file ../../../Engine/Plugins/Online/OnlineSubsystemUtils/Binaries/Win64/UE4Editor-OnlineSubsystemUtils.dll (API version 3709383).
LogModuleManager: Display: Found up-to-date module file ../../../Engine/Plugins/Online/OnlineSubsystemUtils/Binaries/Win64/UE4Editor-OnlineBlueprintSupport.dll (API version 3709383).
LogModuleManager: Display: Found up-to-date module file ../../../Engine/Plugins/Runtime/AndroidDeviceProfileSelector/Binaries/Win64/UE4Editor-AndroidDeviceProfileSelector.dll (API version 3709383).
LogModuleManager: Display: Found up-to-date module file ../../../Engine/Plugins/Runtime/AppleARKit/Binaries/Win64/UE4Editor-AppleARKit.dll (API version 3709383).
LogModuleManager: Display: Found up-to-date module file ../../../Engine/Plugins/Runtime/ArchVisCharacter/Binaries/Win64/UE4Editor-ArchVisCharacter.dll (API version 3709383).
LogModuleManager: Display: Found up-to-date module file ../../../Engine/Plugins/Runtime/CableComponent/Binaries/Win64/UE4Editor-CableComponent.dll (API version 3709383).
LogModuleManager: Display: Found up-to-date module file ../../../Engine/Plugins/Runtime/CustomMeshComponent/Binaries/Win64/UE4Editor-CustomMeshComponent.dll (API version 3709383).
LogModuleManager: Display: Found up-to-date module file ../../../Engine/Plugins/Runtime/ExampleDeviceProfileSelector/Binaries/Win64/UE4Editor-ExampleDeviceProfileSelector.dll (API version 3709383).
LogModuleManager: Display: Found up-to-date module file ../../../Engine/Plugins/Runtime/ImmediatePhysics/Binaries/Win64/UE4Editor-ImmediatePhysics.dll (API version 3709383).
LogModuleManager: Display: Found up-to-date module file ../../../Engine/Plugins/Runtime/ImmediatePhysics/Binaries/Win64/UE4Editor-ImmediatePhysicsEditor.dll (API version 3709383).
LogModuleManager: Display: Found up-to-date module file ../../../Engine/Plugins/Runtime/LocationServicesBPLibrary/Binaries/Win64/UE4Editor-LocationServicesBPLibrary.dll (API version 3709383).
LogModuleManager: Display: Found up-to-date module file ../../../Engine/Plugins/Runtime/MobilePatchingUtils/Binaries/Win64/UE4Editor-MobilePatchingUtils.dll (API version 3709383).
LogModuleManager: Display: Found up-to-date module file ../../../Engine/Plugins/Runtime/Oculus/OculusVR/Binaries/Win64/UE4Editor-OculusHMD.dll (API version 3709383).
LogModuleManager: Display: Found up-to-date module file ../../../Engine/Plugins/Runtime/Oculus/OculusVR/Binaries/Win64/UE4Editor-OculusInput.dll (API version 3709383).
LogModuleManager: Display: Found up-to-date module file ../../../Engine/Plugins/Runtime/Oculus/OculusVR/Binaries/Win64/UE4Editor-OculusEditor.dll (API version 3709383).
LogModuleManager: Display: Found up-to-date module file ../../../Engine/Plugins/Runtime/PhysXVehicles/Binaries/Win64/UE4Editor-PhysXVehicles.dll (API version 3709383).
LogModuleManager: Display: Found up-to-date module file ../../../Engine/Plugins/Runtime/PhysXVehicles/Binaries/Win64/UE4Editor-PhysXVehiclesEditor.dll (API version 3709383).
LogModuleManager: Display: Found up-to-date module file ../../../Engine/Plugins/Runtime/ProceduralMeshComponent/Binaries/Win64/UE4Editor-ProceduralMeshComponent.dll (API version 3709383).
LogModuleManager: Display: Found up-to-date module file ../../../Engine/Plugins/Runtime/ProceduralMeshComponent/Binaries/Win64/UE4Editor-ProceduralMeshComponentEditor.dll (API version 3709383).
LogModuleManager: Display: Found up-to-date module file ../../../Engine/Plugins/Runtime/RuntimePhysXCooking/Binaries/Win64/UE4Editor-RuntimePhysXCooking.dll (API version 3709383).
LogModuleManager: Display: Found up-to-date module file ../../../Engine/Plugins/Runtime/Steam/SteamVR/Binaries/Win64/UE4Editor-SteamVR.dll (API version 3709383).
LogModuleManager: Display: Found up-to-date module file ../../../Engine/Plugins/Runtime/Steam/SteamVR/Binaries/Win64/UE4Editor-SteamVRController.dll (API version 3709383).
LogModuleManager: Display: Found up-to-date module file ../../../Engine/Plugins/Runtime/WindowsMoviePlayer/Binaries/Win64/UE4Editor-WindowsMoviePlayer.dll (API version 3709383).
LogPluginManager: Mounting plugin Paper2D
LogPluginManager: Mounting plugin LightPropagationVolume
LogPluginManager: Mounting plugin CodeLiteSourceCodeAccess
LogPluginManager: Mounting plugin GitSourceControl
LogPluginManager: Mounting plugin KDevelopSourceCodeAccess
LogPluginManager: Mounting plugin NullSourceCodeAccess
LogPluginManager: Mounting plugin PerforceSourceControl
LogPluginManager: Mounting plugin SubversionSourceControl
LogPluginManager: Mounting plugin UObjectPlugin
LogPluginManager: Mounting plugin VisualStudioCodeSourceCodeAccess
LogPluginManager: Mounting plugin VisualStudioSourceCodeAccess
LogPluginManager: Mounting plugin XCodeSourceCodeAccess
LogPluginManager: Mounting plugin AssetManagerEditor
LogPluginManager: Mounting plugin AudioCapture
LogPluginManager: Mounting plugin FacialAnimation
LogPluginManager: Mounting plugin GameplayTagsEditor
LogPluginManager: Mounting plugin MobileLauncherProfileWizard
LogPluginManager: Mounting plugin PluginBrowser
LogPluginManager: Mounting plugin SpeedTreeImporter
LogPluginManager: Mounting plugin AlembicImporter
LogPluginManager: Mounting plugin CharacterAI
LogPluginManager: Mounting plugin HTML5Networking
LogPluginManager: Mounting plugin AndroidMedia
LogPluginManager: Mounting plugin AvfMedia
LogPluginManager: Mounting plugin ImgMedia
LogPluginManager: Mounting plugin MediaCompositing
LogPluginManager: Mounting plugin MediaPlayerEditor
LogPluginManager: Mounting plugin WmfMedia
LogPluginManager: Mounting plugin TcpMessaging
LogPluginManager: Mounting plugin UdpMessaging
LogPluginManager: Mounting plugin ActorSequence
LogPluginManager: Mounting plugin LevelSequenceEditor
LogPluginManager: Mounting plugin MatineeToLevelSequence
LogPluginManager: Mounting plugin OnlineSubsystemGooglePlay
LogPluginManager: Mounting plugin OnlineSubsystemIOS
LogPluginManager: Mounting plugin OnlineSubsystem
LogPluginManager: Mounting plugin OnlineSubsystemNull
LogPluginManager: Mounting plugin OnlineSubsystemUtils
LogPluginManager: Mounting plugin AndroidDeviceProfileSelector
LogPluginManager: Mounting plugin AndroidMoviePlayer
LogPluginManager: Mounting plugin AndroidPermission
LogPluginManager: Mounting plugin AppleARKit
LogPluginManager: Mounting plugin AppleMoviePlayer
LogPluginManager: Mounting plugin ArchVisCharacter
LogPluginManager: Mounting plugin CableComponent
LogPluginManager: Mounting plugin CustomMeshComponent
LogPluginManager: Mounting plugin ExampleDeviceProfileSelector
LogPluginManager: Mounting plugin GoogleCloudMessaging
LogPluginManager: Mounting plugin ImmediatePhysics
LogPluginManager: Mounting plugin IOSDeviceProfileSelector
LogPluginManager: Mounting plugin LinuxDeviceProfileSelector
LogPluginManager: Mounting plugin LocationServicesBPLibrary
LogPluginManager: Mounting plugin MobilePatchingUtils
LogPluginManager: Mounting plugin OculusVR
LogPluginManager: Plugin shader directory ../../../Engine/Plugins/Runtime/Oculus/OculusVR/Shaders found
LogPluginManager: Mapping shader source directory ../../../Engine/Plugins/Runtime/Oculus/OculusVR/Shaders to virtual directory /Plugin/OculusVR
LogPluginManager: Mounting plugin PhysXVehicles
LogPluginManager: Mounting plugin ProceduralMeshComponent
LogPluginManager: Mounting plugin RuntimePhysXCooking
LogPluginManager: Mounting plugin SteamVR
LogPluginManager: Mounting plugin WindowsMoviePlayer
LogInit: Using libcurl 7.47.1
LogInit:  - built for x86_64-pc-win32
LogInit:  - supports SSL with OpenSSL/1.0.2g
LogInit:  - supports HTTP deflate (compression) using libz 1.2.8
LogInit:  - other features:
LogInit:      CURL_VERSION_SSL
LogInit:      CURL_VERSION_LIBZ
LogInit:      CURL_VERSION_IPV6
LogInit:      CURL_VERSION_ASYNCHDNS
LogInit:      CURL_VERSION_LARGEFILE
LogInit:      CURL_VERSION_IDN
LogInit:  CurlRequestOptions (configurable via config and command line):
LogInit:  - bVerifyPeer = false  - Libcurl will NOT verify peer certificate
LogInit:  - bUseHttpProxy = false  - Libcurl will NOT use HTTP proxy
LogInit:  - bDontReuseConnections = false  - Libcurl will reuse connections
LogInit:  - CertBundlePath = nullptr  - Libcurl will use whatever was configured at build time.
LogInit: Build: ++UE4+Release-4.18-CL-3832480
LogInit: Engine Version: 4.18.3-3832480+++UE4+Release-4.18
LogInit: Compatible Engine Version: 4.18.0-3709383+++UE4+Release-4.18
LogInit: Net CL: 3709383
LogDevObjectVersion: Number of dev versions registered: 16
LogDevObjectVersion:   Dev-Blueprints (B0D832E4-1F89-4F0D-ACCF-7EB736FD4AA2): 10
LogDevObjectVersion:   Dev-Build (E1C64328-A22C-4D53-A36C-8E866417BD8C): 0
LogDevObjectVersion:   Dev-Core (375EC13C-06E4-48FB-B500-84F0262A717E): 2
LogDevObjectVersion:   Dev-Editor (E4B068ED-F494-42E9-A231-DA0B2E46BB41): 20
LogDevObjectVersion:   Dev-Framework (CFFC743F-43B0-4480-9391-14DF171D2073): 30
LogDevObjectVersion:   Dev-Mobile (B02B49B5-BB20-44E9-A304-32B752E40360): 0
LogDevObjectVersion:   Dev-Networking (A4E4105C-59A1-49B5-A7C5-40C4547EDFEE): 0
LogDevObjectVersion:   Dev-Online (39C831C9-5AE6-47DC-9A44-9C173E1C8E7C): 0
LogDevObjectVersion:   Dev-Physics (78F01B33-EBEA-4F98-B9B4-84EACCB95AA2): 0
LogDevObjectVersion:   Dev-Platform (6631380F-2D4D-43E0-8009-CF276956A95A): 0
LogDevObjectVersion:   Dev-Rendering (12F88B9F-8875-4AFC-A67C-D90C383ABD29): 20
LogDevObjectVersion:   Dev-Sequencer (7B5AE74C-D270-4C10-A958-57980B212A5A): 4
LogDevObjectVersion:   Dev-VR (D7296918-1DD6-4BDD-9DE2-64A83CC13884): 0
LogDevObjectVersion:   Dev-LoadTimes (C2A15278-BFE7-4AFE-6C17-90FF531DF755): 1
LogDevObjectVersion:   Private-Geometry (6EACA3D4-40EC-4CC1-B786-8BED09428FC5): 1
LogDevObjectVersion:   Dev-AnimPhys (29E575DD-E0A3-4627-9D10-D276232CDCEA): 12
LogInit: Compiled (64-bit): Jan 12 2018 02:04:55
LogInit: Compiled with Visual C++: 19.00.24215.01
LogInit: Build Configuration: Development
LogInit: Branch Name: ++UE4+Release-4.18
LogInit: Command line:  
LogInit: Base directory: D:/Unreal/UE_4.18/Engine/Binaries/Win64/
LogInit: Installed Engine Build: 1
LogInit: Presizing for max 8388607 objects, including 0 objects not considered by GC, pre-allocating 0 bytes for permanent pool.
LogInit: Object subsystem initialized
[2018.03.05-22.44.39:090][  0]LogInit: Selected Device Profile: [Windows]
[2018.03.05-22.44.39:090][  0]LogInit: Applying CVar settings loaded from the selected device profile: [Windows]
[2018.03.05-22.44.39:100][  0]LogInit: Computer: DESKTOP-SRIHI8I
[2018.03.05-22.44.39:100][  0]LogInit: User: Aleix
[2018.03.05-22.44.39:100][  0]LogInit: CPU Page size=4096, Cores=6
[2018.03.05-22.44.39:100][  0]LogInit: High frequency timer resolution =3.119140 MHz
[2018.03.05-22.44.39:101][  0]LogMemory: Memory total: Physical=16.0GB (16GB approx)
[2018.03.05-22.44.39:101][  0]LogMemory: Platform Memory Stats for Windows
[2018.03.05-22.44.39:101][  0]LogMemory: Process Physical Memory: 275.92 MB used, 275.92 MB peak
[2018.03.05-22.44.39:101][  0]LogMemory: Process Virtual Memory: 270.31 MB used, 270.31 MB peak
[2018.03.05-22.44.39:101][  0]LogMemory: Physical Memory: 5163.75 MB used,  11172.88 MB free, 16336.63 MB total
[2018.03.05-22.44.39:101][  0]LogMemory: Virtual Memory: 683.54 MB used,  11172.88 MB free, 134217728.00 MB total
[2018.03.05-22.44.39:249][  0]LogInit: Overriding language with editor language configuration option (en).
[2018.03.05-22.44.39:249][  0]LogInit: Overriding locale with editor locale configuration option (en).
[2018.03.05-22.44.39:879][  0]LogInit: Setting process to per monitor DPI aware
[2018.03.05-22.44.40:246][  0]LogD3D11RHI: D3D11 adapters:
[2018.03.05-22.44.40:338][  0]LogD3D11RHI:    0. 'NVIDIA GeForce GTX 1080' (Feature Level 11_0)
[2018.03.05-22.44.40:338][  0]LogD3D11RHI:       8079/0/8168 MB DedicatedVideo/DedicatedSystem/SharedSystem, Outputs:1, VendorId:0x10de
[2018.03.05-22.44.40:342][  0]LogD3D11RHI:    1. 'Microsoft Basic Render Driver' (Feature Level 11_0)
[2018.03.05-22.44.40:342][  0]LogD3D11RHI:       0/0/8168 MB DedicatedVideo/DedicatedSystem/SharedSystem, Outputs:0, VendorId:0x1414
[2018.03.05-22.44.40:342][  0]LogD3D11RHI: Chosen D3D11 Adapter: 0
[2018.03.05-22.44.40:352][  0]LogD3D11RHI: Creating new Direct3DDevice
[2018.03.05-22.44.40:352][  0]LogD3D11RHI:     GPU DeviceId: 0x1b80 (for the marketing name, search the web for "GPU Device Id")
[2018.03.05-22.44.40:352][  0]LogWindows: EnumDisplayDevices:
[2018.03.05-22.44.40:352][  0]LogWindows:    0. 'NVIDIA GeForce GTX 1080' (P:1 D:1)
[2018.03.05-22.44.40:353][  0]LogWindows:    1. 'NVIDIA GeForce GTX 1080' (P:0 D:0)
[2018.03.05-22.44.40:353][  0]LogWindows:    2. 'NVIDIA GeForce GTX 1080' (P:0 D:0)
[2018.03.05-22.44.40:353][  0]LogWindows:    3. 'NVIDIA GeForce GTX 1080' (P:0 D:0)
[2018.03.05-22.44.40:353][  0]LogWindows: DebugString: GetVideoDriverDetailsInvalid PrimaryIsNotTheChoosenAdapter GetVideoDriverDetailsInvalid PrimaryIsNotTheChoosenAdapter GetVideoDriverDetailsInvalid PrimaryIsNotTheChoosenAdapter GetVideoDriverDetailsInvalid PrimaryIsNotTheChoosenAdapter FoundDriverCount:0 
[2018.03.05-22.44.40:353][  0]LogD3D11RHI:     Adapter Name: NVIDIA GeForce GTX 1080
[2018.03.05-22.44.40:353][  0]LogD3D11RHI:   Driver Version: Unknown (internal:Unknown, unified:Unknown)
[2018.03.05-22.44.40:353][  0]LogD3D11RHI:      Driver Date: Unknown
[2018.03.05-22.44.40:353][  0]LogRHI: Texture pool is 5655 MB (70% of 8079 MB)
[2018.03.05-22.44.40:412][  0]LogD3D11RHI: Async texture creation enabled
[2018.03.05-22.44.40:441][  0]LogD3D11RHI: GPU Timing Frequency: 1000.000000 (Debug: 2 2)
[2018.03.05-22.44.40:492][  0]LogShaderCompilers: Guid format shader working directory is -16 characters bigger than the processId version (../../../../../Github/Motors-Jocs-II/Motors-Jocs-II/MyProject/Intermediate/Shaders/WorkingDirectory/10396/).
[2018.03.05-22.44.40:492][  0]LogShaderCompilers: Cleaned the shader compiler working directory 'C:/Users/Aleix/AppData/Local/Temp/UnrealShaderWorkingDir/B239D8854ACC9194A7F9E7ACB552D4B2/'.
[2018.03.05-22.44.40:492][  0]LogShaderCompilers: Display: Using Local Shader Compiler.
[2018.03.05-22.44.41:784][  0]LogTemp: Display: Loaded TP AllDesktopTargetPlatform
[2018.03.05-22.44.41:838][  0]LogTemp: Display: Loaded TP MacClientTargetPlatform
[2018.03.05-22.44.41:893][  0]LogTemp: Display: Loaded TP MacNoEditorTargetPlatform
[2018.03.05-22.44.41:969][  0]LogTemp: Display: Loaded TP MacServerTargetPlatform
[2018.03.05-22.44.42:062][  0]LogTemp: Display: Loaded TP MacTargetPlatform
[2018.03.05-22.44.42:152][  0]LogTemp: Display: Loaded TP WindowsClientTargetPlatform
[2018.03.05-22.44.42:225][  0]LogTemp: Display: Loaded TP WindowsNoEditorTargetPlatform
[2018.03.05-22.44.42:275][  0]LogTemp: Display: Loaded TP WindowsServerTargetPlatform
[2018.03.05-22.44.42:318][  0]LogTemp: Display: Loaded TP WindowsTargetPlatform
[2018.03.05-22.44.42:392][  0]LogTemp: Display: Loaded TP Android_ASTCTargetPlatform
[2018.03.05-22.44.42:456][  0]LogTemp: Display: Loaded TP Android_ATCTargetPlatform
[2018.03.05-22.44.42:508][  0]LogTemp: Display: Loaded TP Android_DXTTargetPlatform
[2018.03.05-22.44.42:559][  0]LogTemp: Display: Loaded TP Android_ETC1TargetPlatform
[2018.03.05-22.44.42:632][  0]LogTemp: Display: Loaded TP Android_ETC2TargetPlatform
[2018.03.05-22.44.42:796][  0]LogTemp: Display: Loaded TP Android_MultiTargetPlatform
[2018.03.05-22.44.42:796][  0]LogTemp: Display: Loaded TP Android_PVRTCTargetPlatform
[2018.03.05-22.44.42:862][  0]LogTemp: Display: Loaded TP AndroidTargetPlatform
[2018.03.05-22.44.42:928][  0]LogTemp: Display: Loaded TP HTML5TargetPlatform
[2018.03.05-22.44.43:037][  0]LogTemp: Display: Loaded TP IOSTargetPlatform
[2018.03.05-22.44.43:081][  0]LogTemp: Display: Loaded TP TVOSTargetPlatform
[2018.03.05-22.44.43:150][  0]LogTemp: Display: Loaded TP LinuxClientTargetPlatform
[2018.03.05-22.44.43:215][  0]LogTemp: Display: Loaded TP LinuxNoEditorTargetPlatform
[2018.03.05-22.44.43:274][  0]LogTemp: Display: Loaded TP LinuxServerTargetPlatform
[2018.03.05-22.44.43:339][  0]LogTemp: Display: Loaded TP LinuxTargetPlatform
[2018.03.05-22.44.43:339][  0]LogTargetPlatformManager: Display: Building Assets For Windows
[2018.03.05-22.44.43:900][  0]LogDerivedDataCache: Display: Max Cache Size: 512 MB
[2018.03.05-22.44.44:033][  0]LogDerivedDataCache: Loaded boot cache 0.13s 78MB C:/Users/Aleix/AppData/Local/UnrealEngine/4.18/DerivedDataCache/Boot.ddc.
[2018.03.05-22.44.44:034][  0]LogDerivedDataCache: Display: Loaded Boot cache: C:/Users/Aleix/AppData/Local/UnrealEngine/4.18/DerivedDataCache/Boot.ddc
[2018.03.05-22.44.44:034][  0]LogDerivedDataCache: FDerivedDataBackendGraph:  Pak pak cache file ../../../../../Github/Motors-Jocs-II/Motors-Jocs-II/MyProject/DerivedDataCache/DDC.ddp not found, will not use a pak cache.
[2018.03.05-22.44.44:034][  0]LogDerivedDataCache: Unable to find inner node Pak for hierarchical cache Hierarchy.
[2018.03.05-22.44.44:034][  0]LogDerivedDataCache: FDerivedDataBackendGraph:  CompressedPak pak cache file ../../../../../Github/Motors-Jocs-II/Motors-Jocs-II/MyProject/DerivedDataCache/Compressed.ddp not found, will not use a pak cache.
[2018.03.05-22.44.44:034][  0]LogDerivedDataCache: Unable to find inner node CompressedPak for hierarchical cache Hierarchy.
[2018.03.05-22.44.44:084][  0]LogDerivedDataCache: Display: Pak cache opened for reading ../../../Engine/DerivedDataCache/Compressed.ddp.
[2018.03.05-22.44.44:096][  0]LogDerivedDataCache: Using Local data cache path C:/Users/Aleix/AppData/Local/UnrealEngine/Common/DerivedDataCache: Writable
[2018.03.05-22.44.44:108][  0]LogMaterial: Verifying Global Shaders for PCD3D_SM5
[2018.03.05-22.44.44:108][  0]LogSlate: Using Freetype 2.6.0
[2018.03.05-22.44.44:109][  0]LogSlate: SlateFontCache - WITH_FREETYPE: 1, WITH_HARFBUZZ: 1
[2018.03.05-22.44.44:109][  0]LogSlate: SlateFontCache - WITH_FREETYPE: 1, WITH_HARFBUZZ: 1
[2018.03.05-22.44.44:709][  0]LogInit: Selected Device Profile: [Windows]
[2018.03.05-22.44.45:155][  0]LogSimplygon: Simplygon DLL not present - disabling.
[2018.03.05-22.44.45:191][  0]LogMeshReduction: Using SimplygonSwarm for distributed automatic mesh merging
[2018.03.05-22.44.45:191][  0]LogMeshReduction: Using QuadricMeshReduction for automatic static mesh reduction
[2018.03.05-22.44.45:191][  0]LogMeshReduction: No automatic skeletal mesh reduction module available
[2018.03.05-22.44.45:191][  0]LogMeshReduction: No automatic mesh merging module available
[2018.03.05-22.44.45:191][  0]LogMeshMerging: No automatic mesh merging module available
[2018.03.05-22.44.45:222][  0]LogNetVersion: MyProject , NetCL: 3709383, EngineNetVer: 2, GameNetVer: 0 (Checksum: 1490074681)
[2018.03.05-22.44.45:421][  0]LogAssetRegistry: FAssetRegistry took 0.0286 seconds to start up
[2018.03.05-22.44.46:018][  0]LogPackageLocalizationCache: Processed 7 localized package path(s) for 1 prioritized culture(s) in 0.038559 seconds
[2018.03.05-22.44.46:026][  0]LogUObjectArray: 35870 objects as part of root set at end of initial load.
[2018.03.05-22.44.46:026][  0]LogUObjectAllocator: 7363696 out of 0 bytes used by permanent object pool.
[2018.03.05-22.44.46:026][  0]LogUObjectArray: CloseDisregardForGC: 0/0 objects in disregard for GC pool
[2018.03.05-22.44.46:092][  0]LogInit: WinSock: version 1.1 (2.2), MaxSocks=32767, MaxUdp=65467
[2018.03.05-22.44.49:667][  0]LogTcpMessaging: Initializing TcpMessaging bridge
[2018.03.05-22.44.49:720][  0]LogUdpMessaging: Initializing bridge on interface 0.0.0.0:0 to multicast group 230.0.0.1:6666.
[2018.03.05-22.44.50:603][  0]LogMaterial: Uniform references updated for custom material expression Custom.
[2018.03.05-22.44.51:149][  0]SourceControl: Source control is disabled
[2018.03.05-22.44.51:149][  0]SourceControl: Source control is disabled
[2018.03.05-22.44.51:255][  0]SourceControl: Source control is disabled
[2018.03.05-22.44.51:321][  0]SourceControl: Source control is disabled
[2018.03.05-22.44.52:480][  0]LogAndroidPermission: UAndroidPermissionCallbackProxy::GetInstance
[2018.03.05-22.44.52:876][  0]LogOcInput: OculusInput pre-init called
[2018.03.05-22.44.53:301][  0]LogEngine: Initializing Engine...
[2018.03.05-22.44.53:305][  0]LogHMD: Failed to initialize OpenVR with code 110
[2018.03.05-22.44.53:591][  0]LogStats: UGameplayTagsManager::ConstructGameplayTagTree: Construct from data asset -  0.000 s
[2018.03.05-22.44.53:591][  0]LogStats: UGameplayTagsManager::ConstructGameplayTagTree: GameplayTagTreeChangedEvent.Broadcast -  0.000 s
[2018.03.05-22.44.53:737][  0]LogAIModule: Creating AISystem for world Untitled
[2018.03.05-22.44.53:749][  0]LogInit: XAudio2 using 'BenQ LCD (NVIDIA High Definition Audio)' : 2 channels at 48 kHz using 16 bits per sample (channel mask 0x3)
[2018.03.05-22.44.53:777][  0]LogInit: FAudioDevice initialized.
[2018.03.05-22.44.53:913][  0]LogDerivedDataCache: Saved boot cache 0.14s 78MB C:/Users/Aleix/AppData/Local/UnrealEngine/4.18/DerivedDataCache/Boot.ddc.
[2018.03.05-22.44.53:935][  0]LogInit: Texture streaming: Enabled
[2018.03.05-22.44.54:069][  0]LogEngineSessionManager: EngineSessionManager initialized
[2018.03.05-22.44.54:227][  0]LogInit: Transaction tracking system initialized
[2018.03.05-22.44.54:571][  0]BlueprintLog: New page: Editor Load
[2018.03.05-22.44.55:629][  0]LocalizationService: Localization service is disabled
[2018.03.05-22.44.56:849][  0]LogConsoleResponse: Display: 
[2018.03.05-22.44.57:057][  0]LogCook: Display: Max memory allowance for cook 16384mb min free memory 0mb
[2018.03.05-22.44.57:057][  0]LogCook: Display: Mobile HDR setting 1
[2018.03.05-22.44.57:058][  0]LogGameplayTags: Display: UGameplayTagsManager::DoneAddingNativeTags. DelegateIsBound: 0
[2018.03.05-22.44.57:485][  0]LogFileCache: Scanning file cache for directory 'D:/Github/Motors-Jocs-II/Motors-Jocs-II/MyProject/Content/' took 0.02s
[2018.03.05-22.44.58:477][  0]SourceControl: Source control is disabled
[2018.03.05-22.44.58:477][  0]Cmd: MAP LOAD FILE="../../../../../Github/Motors-Jocs-II/Motors-Jocs-II/MyProject/Content/Levels/MainMenu.umap" TEMPLATE=0 SHOWPROGRESS=1 FEATURELEVEL=3
[2018.03.05-22.44.58:477][  0]LightingResults: New page: Lighting Build
[2018.03.05-22.44.58:531][  0]MapCheck: New page: Map Check
[2018.03.05-22.44.58:531][  0]LightingResults: New page: Lighting Build
[2018.03.05-22.44.58:593][  0]LogAIModule: Creating AISystem for world MainMenu
[2018.03.05-22.44.58:594][  0]LogEditorServer: Finished looking for orphan Actors (0.000 secs)
[2018.03.05-22.44.58:622][  0]Cmd: MAP CHECKDEP NOCLEARLOG
[2018.03.05-22.44.58:708][  0]MapCheck: Map check complete: 0 Error(s), 0 Warning(s), took 86.045ms to complete.
[2018.03.05-22.44.58:709][  0]LogFileHelpers: Loading map 'MainMenu' took 0.232
[2018.03.05-22.44.58:897][  0]LogCollectionManager: Loaded 0 collections in 0.001355 seconds
[2018.03.05-22.44.58:986][  0]LogFileCache: Scanning file cache for directory 'D:/Github/Motors-Jocs-II/Motors-Jocs-II/MyProject/Saved/Collections/' took 0.01s
[2018.03.05-22.44.58:986][  0]LogFileCache: Scanning file cache for directory 'D:/Github/Motors-Jocs-II/Motors-Jocs-II/MyProject/Content/Developers/Aleix/Collections/' took 0.01s
[2018.03.05-22.44.58:986][  0]LogFileCache: Scanning file cache for directory 'D:/Github/Motors-Jocs-II/Motors-Jocs-II/MyProject/Content/Collections/' took 0.01s
[2018.03.05-22.44.58:986][  0]LogCollectionManager: Rebuilt the GUID cache for 0 collections in 0.000000 seconds
[2018.03.05-22.44.58:998][  0]LogContentBrowser: Native class hierarchy populated in 0.0114 seconds. Added 2363 classes and 519 folders.
[2018.03.05-22.44.59:072][  0]LogContentBrowser: Native class hierarchy updated for 'WidgetCarousel' in 0.0003 seconds. Added 0 classes and 0 folders.
[2018.03.05-22.44.59:141][  0]LogContentBrowser: Native class hierarchy updated for 'AddContentDialog' in 0.0003 seconds. Added 0 classes and 0 folders.
[2018.03.05-22.44.59:190][  0]LogContentBrowser: Native class hierarchy updated for 'SceneOutliner' in 0.0003 seconds. Added 1 classes and 2 folders.
[2018.03.05-22.44.59:264][  0]LogSlate: Took 0.000797 seconds to synchronously load lazily loaded font '../../../Engine/Content/Slate/Fonts/Roboto-Regular.ttf' (155K)
[2018.03.05-22.44.59:267][  0]LogSlate: Took 0.000319 seconds to synchronously load lazily loaded font '../../../Engine/Content/Slate/Fonts/Roboto-Bold.ttf' (160K)
[2018.03.05-22.44.59:276][  0]LogSlate: Took 0.000271 seconds to synchronously load lazily loaded font '../../../Engine/Content/Editor/Slate/Fonts/FontAwesome.ttf' (139K)
[2018.03.05-22.44.59:392][  0]LogRenderer: Reallocating scene render targets to support 1292x736 Format 10 NumSamples 1 (Frame:1).
[2018.03.05-22.44.59:601][  0]LogContentBrowser: Native class hierarchy updated for 'HierarchicalLODOutliner' in 0.0003 seconds. Added 1 classes and 2 folders.
[2018.03.05-22.44.59:602][  0]LogLoad: (Engine Initialization) Total time: 23.70 seconds
[2018.03.05-22.44.59:602][  0]LogLoad: (Engine Initialization) Total Blueprint compile time: 0.00 seconds
[2018.03.05-22.44.59:602][  0]LogExternalProfiler: No external profilers were discovered.  External profiling features will not be available.
[2018.03.05-22.44.59:971][  0]LogContentStreaming: Texture pool size now 1000 MB
[2018.03.05-22.45.00:275][  1]LogFileCache: Retrieving MD5 hashes for directory 'D:/Github/Motors-Jocs-II/Motors-Jocs-II/MyProject/Content/' took 0.32s
[2018.03.05-22.45.00:292][  1]LogAssetRegistry: Asset discovery search completed in 14.8938 seconds
[2018.03.05-22.45.00:294][  1]LogCollectionManager: Rebuilt the object cache for 0 collections in 0.000001 seconds (found 0 objects)
[2018.03.05-22.45.00:294][  1]LogCollectionManager: Fixed up redirectors for 0 collections in 0.000079 seconds (updated 0 objects)
[2018.03.05-22.45.00:943][  3]LogSlate: Took 0.000301 seconds to synchronously load lazily loaded font '../../../Engine/Content/Slate/Fonts/Roboto-Light.ttf' (159K)
[2018.03.05-22.45.05:321][ 16]AssetReimport: New page: Outstanding source content changes 12:45:05 AM
[2018.03.05-22.45.05:345][ 16]LogFactory: FactoryCreateFile: StaticMesh with FbxFactory (0 0 D:/Github/Motors-Jocs-II/Motors-Jocs-II/MyProject/Content/Assets/3DModels/lightsaber.obj)
[2018.03.05-22.45.05:456][ 16]LogFbx: Loading FBX Scene from D:/Github/Motors-Jocs-II/Motors-Jocs-II/MyProject/Content/Assets/3DModels/lightsaber.obj
[2018.03.05-22.45.06:125][ 16]LogFbx: FBX Scene Loaded Succesfully
[2018.03.05-22.45.12:533][ 16]LogFbx: Loading FBX Scene from D:/Github/Motors-Jocs-II/Motors-Jocs-II/MyProject/Content/Assets/3DModels/lightsaber.obj
[2018.03.05-22.45.13:241][ 16]LogFbx: FBX Scene Loaded Succesfully
[2018.03.05-22.45.13:243][ 16]LogLinker: Can't find file '/Game/Assets/3DModels/Capsule001Mat'
[2018.03.05-22.45.13:243][ 16]LogLinker: Can't find file '/Game/Assets/3DModels/Capsule001Mat'
[2018.03.05-22.45.13:349][ 16]LogMaterial: Missing cached shader map for material Capsule001Mat, compiling. 
[2018.03.05-22.45.13:619][ 16]LogStaticMesh: Building static mesh lightsaber_Capsule001...
[2018.03.05-22.45.13:644][ 16]LogStaticMesh: Built static mesh [0.03s] /Game/Assets/3DModels/lightsaber_Capsule001.lightsaber_Capsule001
[2018.03.05-22.45.13:786][ 16]LogLinker: Can't find file '/Game/Assets/3DModels/ChamferCyl01Mat'
[2018.03.05-22.45.13:786][ 16]LogLinker: Can't find file '/Game/Assets/3DModels/ChamferCyl01Mat'
[2018.03.05-22.45.13:789][ 16]LogMaterial: Missing cached shader map for material ChamferCyl01Mat, compiling. 
[2018.03.05-22.45.14:320][ 16]LogStaticMesh: Building static mesh lightsaber_ChamferCyl01...
[2018.03.05-22.45.14:425][ 16]LogStaticMesh: Built static mesh [0.11s] /Game/Assets/3DModels/lightsaber_ChamferCyl01.lightsaber_ChamferCyl01
[2018.03.05-22.45.14:478][ 16]LogLinker: Can't find file '/Game/Assets/3DModels/Cylinder02Mat'
[2018.03.05-22.45.14:478][ 16]LogLinker: Can't find file '/Game/Assets/3DModels/Cylinder02Mat'
[2018.03.05-22.45.14:483][ 16]LogMaterial: Missing cached shader map for material Cylinder02Mat, compiling. 
[2018.03.05-22.45.15:101][ 16]LogStaticMesh: Building static mesh lightsaber_Cylinder02...
[2018.03.05-22.45.15:236][ 16]LogStaticMesh: Built static mesh [0.14s] /Game/Assets/3DModels/lightsaber_Cylinder02.lightsaber_Cylinder02
[2018.03.05-22.45.15:337][ 16]LogLinker: Can't find file '/Game/Assets/3DModels/Cylinder04Mat'
[2018.03.05-22.45.15:337][ 16]LogLinker: Can't find file '/Game/Assets/3DModels/Cylinder04Mat'
[2018.03.05-22.45.15:349][ 16]LogMaterial: Missing cached shader map for material Cylinder04Mat, compiling. 
[2018.03.05-22.45.16:773][ 16]LogStaticMesh: Building static mesh lightsaber_Cylinder04...
[2018.03.05-22.45.17:318][ 16]LogStaticMesh: Built static mesh [0.55s] /Game/Assets/3DModels/lightsaber_Cylinder04.lightsaber_Cylinder04
[2018.03.05-22.45.17:579][ 16]LogLinker: Can't find file '/Game/Assets/3DModels/Cylinder05Mat'
[2018.03.05-22.45.17:579][ 16]LogLinker: Can't find file '/Game/Assets/3DModels/Cylinder05Mat'
[2018.03.05-22.45.17:584][ 16]LogMaterial: Missing cached shader map for material Cylinder05Mat, compiling. 
[2018.03.05-22.45.17:965][ 16]LogStaticMesh: Building static mesh lightsaber_Cylinder05...
[2018.03.05-22.45.18:040][ 16]LogStaticMesh: Built static mesh [0.08s] /Game/Assets/3DModels/lightsaber_Cylinder05.lightsaber_Cylinder05
[2018.03.05-22.45.18:086][ 16]LogLinker: Can't find file '/Game/Assets/3DModels/Cylinder06Mat'
[2018.03.05-22.45.18:086][ 16]LogLinker: Can't find file '/Game/Assets/3DModels/Cylinder06Mat'
[2018.03.05-22.45.18:095][ 16]LogMaterial: Missing cached shader map for material Cylinder06Mat, compiling. 
[2018.03.05-22.45.18:327][ 16]LogStaticMesh: Building static mesh lightsaber_Cylinder06...
[2018.03.05-22.45.18:356][ 16]LogStaticMesh: Built static mesh [0.03s] /Game/Assets/3DModels/lightsaber_Cylinder06.lightsaber_Cylinder06
[2018.03.05-22.45.18:392][ 16]LogLinker: Can't find file '/Game/Assets/3DModels/emetteurMat'
[2018.03.05-22.45.18:392][ 16]LogLinker: Can't find file '/Game/Assets/3DModels/emetteurMat'
[2018.03.05-22.45.18:398][ 16]LogMaterial: Missing cached shader map for material emetteurMat, compiling. 
[2018.03.05-22.45.18:654][ 16]LogStaticMesh: Building static mesh lightsaber_emetteur...
[2018.03.05-22.45.18:708][ 16]LogStaticMesh: Built static mesh [0.05s] /Game/Assets/3DModels/lightsaber_emetteur.lightsaber_emetteur
[2018.03.05-22.45.18:750][ 16]LogLinker: Can't find file '/Game/Assets/3DModels/Plane002Mat'
[2018.03.05-22.45.18:750][ 16]LogLinker: Can't find file '/Game/Assets/3DModels/Plane002Mat'
[2018.03.05-22.45.18:757][ 16]LogMaterial: Missing cached shader map for material Plane002Mat, compiling. 
[2018.03.05-22.45.18:806][ 16]LogStaticMesh: Building static mesh lightsaber_Plane002...
[2018.03.05-22.45.18:808][ 16]LogStaticMesh: Built static mesh [0.00s] /Game/Assets/3DModels/lightsaber_Plane002.lightsaber_Plane002
[2018.03.05-22.45.18:809][ 16]LogLinker: Can't find file '/Game/Assets/3DModels/Plane003Mat'
[2018.03.05-22.45.18:810][ 16]LogLinker: Can't find file '/Game/Assets/3DModels/Plane003Mat'
[2018.03.05-22.45.18:816][ 16]LogMaterial: Missing cached shader map for material Plane003Mat, compiling. 
[2018.03.05-22.45.18:869][ 16]LogStaticMesh: Building static mesh lightsaber_Plane003...
[2018.03.05-22.45.18:871][ 16]LogStaticMesh: Built static mesh [0.00s] /Game/Assets/3DModels/lightsaber_Plane003.lightsaber_Plane003
[2018.03.05-22.45.19:077][ 17]LogSlate: Took 0.000378 seconds to synchronously load lazily loaded font '../../../Engine/Content/Slate/Fonts/Roboto-Light.ttf' (159K)
[2018.03.05-22.45.19:118][ 17]Cmd: OBJ SAVEPACKAGE PACKAGE="/Game/Assets/3DModels/lightsaber" FILE="../../../../../Github/Motors-Jocs-II/Motors-Jocs-II/MyProject/Content/Assets/3DModels/lightsaber.uasset" SILENT=true
[2018.03.05-22.45.19:121][ 17]LogSavePackage: Save=2.01ms
[2018.03.05-22.45.19:121][ 17]LogSavePackage: Moving '../../../../../Github/Motors-Jocs-II/Motors-Jocs-II/MyProject/Saved/lightsaber95E7BEE14BA8EBFC01753ABD57AE96A0.tmp' to '../../../../../Github/Motors-Jocs-II/Motors-Jocs-II/MyProject/Content/Assets/3DModels/lightsaber.uasset'
[2018.03.05-22.45.19:123][ 17]LogSavePackage: Display: Finished SavePackage ../../../../../Github/Motors-Jocs-II/Motors-Jocs-II/MyProject/Content/Assets/3DModels/lightsaber.uasset
[2018.03.05-22.45.22:421][122]AssetReimport: Importing new asset /Game/Assets/3DModels/lightsaber.
[2018.03.05-22.45.37:506][222]LogActorFactory: Actor Factory created lightsaber_ChamferCyl01
[2018.03.05-22.45.37:644][232]LogActorFactory: Actor Factory created lightsaber_ChamferCyl01
[2018.03.05-22.45.39:185][366]Cmd: DELETE
[2018.03.05-22.45.39:185][366]Cmd: ACTOR DELETE
[2018.03.05-22.45.39:200][366]LogEditorActor: Deleted Actor: StaticMeshActor
[2018.03.05-22.45.39:222][366]LogEditorActor: Deleted 1 Actors (0.025 secs)
[2018.03.05-22.49.10:239][368]SourceControl: On branch IA_v1.2
[2018.03.05-22.49.10:240][368]SourceControl: Your branch is ahead of 'origin/IA_v1.2' by 1 commit.
[2018.03.05-22.49.10:240][368]SourceControl:   (use "git push" to publish your local commits)
[2018.03.05-22.49.10:240][368]SourceControl: Changes not staged for commit:
[2018.03.05-22.49.10:240][368]SourceControl:   (use "git add/rm <file>..." to update what will be committed)
[2018.03.05-22.49.10:240][368]SourceControl:   (use "git checkout -- <file>..." to discard changes in working directory)
[2018.03.05-22.49.10:240][368]SourceControl: 	modified:   MyProject/Intermediate/CachedAssetRegistry.bin
[2018.03.05-22.49.10:240][368]SourceControl: 	modified:   MyProject/Intermediate/ReimportCache/3688439234.bin
[2018.03.05-22.49.10:240][368]SourceControl: 	modified:   MyProject/Saved/Config/Windows/Editor.ini
[2018.03.05-22.49.10:240][368]SourceControl: 	modified:   MyProject/Saved/Config/Windows/EditorPerProjectUserSettings.ini
[2018.03.05-22.49.10:240][368]SourceControl: 	modified:   MyProject/Saved/Config/Windows/Engine.ini
[2018.03.05-22.49.10:240][368]SourceControl: 	deleted:    MyProject/Saved/Logs/MyProject-backup-2018.02.28-15.36.40.log
[2018.03.05-22.49.10:240][368]SourceControl: 	modified:   MyProject/Saved/Logs/MyProject.log
[2018.03.05-22.49.10:240][368]SourceControl: Untracked files:
[2018.03.05-22.49.10:240][368]SourceControl:   (use "git add <file>..." to include in what will be committed)
[2018.03.05-22.49.10:240][368]SourceControl: 	MyProject/Content/Assets/3DModels/lightsaber.uasset
[2018.03.05-22.49.10:240][368]SourceControl: 	MyProject/Saved/Config/CrashReportClient/UE4CC-Windows-FEC3BC924076A0084CE4469727FDF3E7/
[2018.03.05-22.49.10:240][368]SourceControl: 	MyProject/Saved/Logs/MyProject-backup-2018.03.05-23.44.37.log
[2018.03.05-22.49.10:240][368]SourceControl: no changes added to commit (use "git add" and/or "git commit -a")
[2018.03.05-22.49.14:679][811]Cmd: OBJ SAVEPACKAGE PACKAGE="/Game/Levels/MainMenu" FILE="../../../../../Github/Motors-Jocs-II/Motors-Jocs-II/MyProject/Content/Levels/MainMenu.umap" SILENT=true AUTOSAVING=false KEEPDIRTY=false
[2018.03.05-22.49.14:895][811]LogSavePackage: Save=119.74ms
[2018.03.05-22.49.14:895][811]LogSavePackage: Moving '../../../../../Github/Motors-Jocs-II/Motors-Jocs-II/MyProject/Saved/MainMenu90679FA84656BA7E0FBC02976BB60D4D.tmp' to '../../../../../Github/Motors-Jocs-II/Motors-Jocs-II/MyProject/Content/Levels/MainMenu.umap'
[2018.03.05-22.49.14:897][811]LogSavePackage: Display: Finished SavePackage ../../../../../Github/Motors-Jocs-II/Motors-Jocs-II/MyProject/Content/Levels/MainMenu.umap
[2018.03.05-22.49.14:970][811]LogFileHelpers: Saving map 'MainMenu' took 0.340
[2018.03.05-22.49.15:017][811]LogSavePackage: Save=21.99ms
[2018.03.05-22.49.15:018][811]LogSavePackage: Moving '../../../../../Github/Motors-Jocs-II/Motors-Jocs-II/MyProject/Saved/lightsaber_Capsule0015E4BD8F44FC34CEB4D1C0B81498D1E21.tmp' to '../../../../../Github/Motors-Jocs-II/Motors-Jocs-II/MyProject/Content/Assets/3DModels/lightsaber_Capsule001.uasset'
[2018.03.05-22.49.15:022][811]LogSavePackage: Display: Finished SavePackage ../../../../../Github/Motors-Jocs-II/Motors-Jocs-II/MyProject/Content/Assets/3DModels/lightsaber_Capsule001.uasset
[2018.03.05-22.49.15:445][811]Cmd: OBJ SAVEPACKAGE PACKAGE="/Game/Assets/3DModels/Capsule001Mat" FILE="../../../../../Github/Motors-Jocs-II/Motors-Jocs-II/MyProject/Content/Assets/3DModels/Capsule001Mat.uasset" SILENT=true
[2018.03.05-22.49.15:456][811]LogSavePackage: Save=10.24ms
[2018.03.05-22.49.15:456][811]LogSavePackage: Moving '../../../../../Github/Motors-Jocs-II/Motors-Jocs-II/MyProject/Saved/Capsule001Mat511702034392AA6D2A17D8B8710DAB54.tmp' to '../../../../../Github/Motors-Jocs-II/Motors-Jocs-II/MyProject/Content/Assets/3DModels/Capsule001Mat.uasset'
[2018.03.05-22.49.15:458][811]LogSavePackage: Display: Finished SavePackage ../../../../../Github/Motors-Jocs-II/Motors-Jocs-II/MyProject/Content/Assets/3DModels/Capsule001Mat.uasset
[2018.03.05-22.49.15:844][811]LogSavePackage: Save=10.22ms
[2018.03.05-22.49.15:844][811]LogSavePackage: Moving '../../../../../Github/Motors-Jocs-II/Motors-Jocs-II/MyProject/Saved/lightsaber_ChamferCyl01D54A55774A0782B87F8C468FD44BDEB2.tmp' to '../../../../../Github/Motors-Jocs-II/Motors-Jocs-II/MyProject/Content/Assets/3DModels/lightsaber_ChamferCyl01.uasset'
[2018.03.05-22.49.15:848][811]LogSavePackage: Display: Finished SavePackage ../../../../../Github/Motors-Jocs-II/Motors-Jocs-II/MyProject/Content/Assets/3DModels/lightsaber_ChamferCyl01.uasset
[2018.03.05-22.49.16:202][811]Cmd: OBJ SAVEPACKAGE PACKAGE="/Game/Assets/3DModels/ChamferCyl01Mat" FILE="../../../../../Github/Motors-Jocs-II/Motors-Jocs-II/MyProject/Content/Assets/3DModels/ChamferCyl01Mat.uasset" SILENT=true
[2018.03.05-22.49.16:213][811]LogSavePackage: Save=10.26ms
[2018.03.05-22.49.16:213][811]LogSavePackage: Moving '../../../../../Github/Motors-Jocs-II/Motors-Jocs-II/MyProject/Saved/ChamferCyl01Mat50C8425A402E19722E7C2B9EDC6AA260.tmp' to '../../../../../Github/Motors-Jocs-II/Motors-Jocs-II/MyProject/Content/Assets/3DModels/ChamferCyl01Mat.uasset'
[2018.03.05-22.49.16:217][811]LogSavePackage: Display: Finished SavePackage ../../../../../Github/Motors-Jocs-II/Motors-Jocs-II/MyProject/Content/Assets/3DModels/ChamferCyl01Mat.uasset
[2018.03.05-22.49.16:570][811]LogSavePackage: Save=11.95ms
[2018.03.05-22.49.16:570][811]LogSavePackage: Moving '../../../../../Github/Motors-Jocs-II/Motors-Jocs-II/MyProject/Saved/lightsaber_Cylinder02EC593836423C7FC665C8EB95BEA73D79.tmp' to '../../../../../Github/Motors-Jocs-II/Motors-Jocs-II/MyProject/Content/Assets/3DModels/lightsaber_Cylinder02.uasset'
[2018.03.05-22.49.16:572][811]LogSavePackage: Display: Finished SavePackage ../../../../../Github/Motors-Jocs-II/Motors-Jocs-II/MyProject/Content/Assets/3DModels/lightsaber_Cylinder02.uasset
[2018.03.05-22.49.16:926][811]Cmd: OBJ SAVEPACKAGE PACKAGE="/Game/Assets/3DModels/Cylinder02Mat" FILE="../../../../../Github/Motors-Jocs-II/Motors-Jocs-II/MyProject/Content/Assets/3DModels/Cylinder02Mat.uasset" SILENT=true
[2018.03.05-22.49.16:940][811]LogSavePackage: Save=12.11ms
[2018.03.05-22.49.16:940][811]LogSavePackage: Moving '../../../../../Github/Motors-Jocs-II/Motors-Jocs-II/MyProject/Saved/Cylinder02MatFB3258AE4F2ACDD26DC2A3ACDAE12A96.tmp' to '../../../../../Github/Motors-Jocs-II/Motors-Jocs-II/MyProject/Content/Assets/3DModels/Cylinder02Mat.uasset'
[2018.03.05-22.49.16:942][811]LogSavePackage: Display: Finished SavePackage ../../../../../Github/Motors-Jocs-II/Motors-Jocs-II/MyProject/Content/Assets/3DModels/Cylinder02Mat.uasset
[2018.03.05-22.49.17:275][811]LogSavePackage: Save=20.86ms
[2018.03.05-22.49.17:275][811]LogSavePackage: Moving '../../../../../Github/Motors-Jocs-II/Motors-Jocs-II/MyProject/Saved/lightsaber_Cylinder040B7160154C0A8BF3FFF830B4469D2AD8.tmp' to '../../../../../Github/Motors-Jocs-II/Motors-Jocs-II/MyProject/Content/Assets/3DModels/lightsaber_Cylinder04.uasset'
[2018.03.05-22.49.17:277][811]LogSavePackage: Display: Finished SavePackage ../../../../../Github/Motors-Jocs-II/Motors-Jocs-II/MyProject/Content/Assets/3DModels/lightsaber_Cylinder04.uasset
[2018.03.05-22.49.17:667][811]Cmd: OBJ SAVEPACKAGE PACKAGE="/Game/Assets/3DModels/Cylinder04Mat" FILE="../../../../../Github/Motors-Jocs-II/Motors-Jocs-II/MyProject/Content/Assets/3DModels/Cylinder04Mat.uasset" SILENT=true
[2018.03.05-22.49.17:679][811]LogSavePackage: Save=10.78ms
[2018.03.05-22.49.17:679][811]LogSavePackage: Moving '../../../../../Github/Motors-Jocs-II/Motors-Jocs-II/MyProject/Saved/Cylinder04MatFC6CAB1349FE87CB3A629B9A5E166CD9.tmp' to '../../../../../Github/Motors-Jocs-II/Motors-Jocs-II/MyProject/Content/Assets/3DModels/Cylinder04Mat.uasset'
[2018.03.05-22.49.17:682][811]LogSavePackage: Display: Finished SavePackage ../../../../../Github/Motors-Jocs-II/Motors-Jocs-II/MyProject/Content/Assets/3DModels/Cylinder04Mat.uasset
[2018.03.05-22.49.18:067][811]LogSavePackage: Save=22.50ms
[2018.03.05-22.49.18:067][811]LogSavePackage: Moving '../../../../../Github/Motors-Jocs-II/Motors-Jocs-II/MyProject/Saved/lightsaber_Cylinder050D145A764D0351C03D85A8BCBB8335D9.tmp' to '../../../../../Github/Motors-Jocs-II/Motors-Jocs-II/MyProject/Content/Assets/3DModels/lightsaber_Cylinder05.uasset'
[2018.03.05-22.49.18:069][811]LogSavePackage: Display: Finished SavePackage ../../../../../Github/Motors-Jocs-II/Motors-Jocs-II/MyProject/Content/Assets/3DModels/lightsaber_Cylinder05.uasset
[2018.03.05-22.49.18:399][811]Cmd: OBJ SAVEPACKAGE PACKAGE="/Game/Assets/3DModels/Cylinder05Mat" FILE="../../../../../Github/Motors-Jocs-II/Motors-Jocs-II/MyProject/Content/Assets/3DModels/Cylinder05Mat.uasset" SILENT=true
[2018.03.05-22.49.18:412][811]LogSavePackage: Save=11.16ms
[2018.03.05-22.49.18:412][811]LogSavePackage: Moving '../../../../../Github/Motors-Jocs-II/Motors-Jocs-II/MyProject/Saved/Cylinder05Mat806CECA44295EDAA532B0EAAFC499EC4.tmp' to '../../../../../Github/Motors-Jocs-II/Motors-Jocs-II/MyProject/Content/Assets/3DModels/Cylinder05Mat.uasset'
[2018.03.05-22.49.18:413][811]LogSavePackage: Display: Finished SavePackage ../../../../../Github/Motors-Jocs-II/Motors-Jocs-II/MyProject/Content/Assets/3DModels/Cylinder05Mat.uasset
[2018.03.05-22.49.18:727][811]LogSavePackage: Save=10.48ms
[2018.03.05-22.49.18:727][811]LogSavePackage: Moving '../../../../../Github/Motors-Jocs-II/Motors-Jocs-II/MyProject/Saved/lightsaber_Cylinder06AF62DC2143FA5260FE8655ADFE2CC635.tmp' to '../../../../../Github/Motors-Jocs-II/Motors-Jocs-II/MyProject/Content/Assets/3DModels/lightsaber_Cylinder06.uasset'
[2018.03.05-22.49.18:729][811]LogSavePackage: Display: Finished SavePackage ../../../../../Github/Motors-Jocs-II/Motors-Jocs-II/MyProject/Content/Assets/3DModels/lightsaber_Cylinder06.uasset
[2018.03.05-22.49.19:050][811]Cmd: OBJ SAVEPACKAGE PACKAGE="/Game/Assets/3DModels/Cylinder06Mat" FILE="../../../../../Github/Motors-Jocs-II/Motors-Jocs-II/MyProject/Content/Assets/3DModels/Cylinder06Mat.uasset" SILENT=true
[2018.03.05-22.49.19:082][811]LogSavePackage: Save=31.14ms
[2018.03.05-22.49.19:082][811]LogSavePackage: Moving '../../../../../Github/Motors-Jocs-II/Motors-Jocs-II/MyProject/Saved/Cylinder06MatB914AC904F46A1DDDEA95BBE1C10CC37.tmp' to '../../../../../Github/Motors-Jocs-II/Motors-Jocs-II/MyProject/Content/Assets/3DModels/Cylinder06Mat.uasset'
[2018.03.05-22.49.19:085][811]LogSavePackage: Display: Finished SavePackage ../../../../../Github/Motors-Jocs-II/Motors-Jocs-II/MyProject/Content/Assets/3DModels/Cylinder06Mat.uasset
[2018.03.05-22.49.19:372][811]Cmd: OBJ SAVEPACKAGE PACKAGE="/Game/Assets/3DModels/lightsaber_emetteur" FILE="../../../../../Github/Motors-Jocs-II/Motors-Jocs-II/MyProject/Content/Assets/3DModels/lightsaber_emetteur.uasset" SILENT=true
[2018.03.05-22.49.19:384][811]LogSavePackage: Save=10.48ms
[2018.03.05-22.49.19:384][811]LogSavePackage: Moving '../../../../../Github/Motors-Jocs-II/Motors-Jocs-II/MyProject/Saved/lightsaber_emetteur9DCDE92A4F17F417FA9B50A70E90D537.tmp' to '../../../../../Github/Motors-Jocs-II/Motors-Jocs-II/MyProject/Content/Assets/3DModels/lightsaber_emetteur.uasset'
[2018.03.05-22.49.19:386][811]LogSavePackage: Display: Finished SavePackage ../../../../../Github/Motors-Jocs-II/Motors-Jocs-II/MyProject/Content/Assets/3DModels/lightsaber_emetteur.uasset
[2018.03.05-22.49.19:685][811]Cmd: OBJ SAVEPACKAGE PACKAGE="/Game/Assets/3DModels/emetteurMat" FILE="../../../../../Github/Motors-Jocs-II/Motors-Jocs-II/MyProject/Content/Assets/3DModels/emetteurMat.uasset" SILENT=true
[2018.03.05-22.49.19:697][811]LogSavePackage: Save=10.25ms
[2018.03.05-22.49.19:697][811]LogSavePackage: Moving '../../../../../Github/Motors-Jocs-II/Motors-Jocs-II/MyProject/Saved/emetteurMat3AE799DF4D80929B7C6B668AD9246FCD.tmp' to '../../../../../Github/Motors-Jocs-II/Motors-Jocs-II/MyProject/Content/Assets/3DModels/emetteurMat.uasset'
[2018.03.05-22.49.19:698][811]LogSavePackage: Display: Finished SavePackage ../../../../../Github/Motors-Jocs-II/Motors-Jocs-II/MyProject/Content/Assets/3DModels/emetteurMat.uasset
[2018.03.05-22.49.20:010][811]Cmd: OBJ SAVEPACKAGE PACKAGE="/Game/Assets/3DModels/lightsaber_Plane002" FILE="../../../../../Github/Motors-Jocs-II/Motors-Jocs-II/MyProject/Content/Assets/3DModels/lightsaber_Plane002.uasset" SILENT=true
[2018.03.05-22.49.20:022][811]LogSavePackage: Save=10.12ms
[2018.03.05-22.49.20:022][811]LogSavePackage: Moving '../../../../../Github/Motors-Jocs-II/Motors-Jocs-II/MyProject/Saved/lightsaber_Plane00231082F76497045DFD9633CB77B308167.tmp' to '../../../../../Github/Motors-Jocs-II/Motors-Jocs-II/MyProject/Content/Assets/3DModels/lightsaber_Plane002.uasset'
[2018.03.05-22.49.20:024][811]LogSavePackage: Display: Finished SavePackage ../../../../../Github/Motors-Jocs-II/Motors-Jocs-II/MyProject/Content/Assets/3DModels/lightsaber_Plane002.uasset
[2018.03.05-22.49.20:339][811]Cmd: OBJ SAVEPACKAGE PACKAGE="/Game/Assets/3DModels/Plane002Mat" FILE="../../../../../Github/Motors-Jocs-II/Motors-Jocs-II/MyProject/Content/Assets/3DModels/Plane002Mat.uasset" SILENT=true
[2018.03.05-22.49.20:351][811]LogSavePackage: Save=10.73ms
[2018.03.05-22.49.20:351][811]LogSavePackage: Moving '../../../../../Github/Motors-Jocs-II/Motors-Jocs-II/MyProject/Saved/Plane002MatC725186C49151B6562FD69B21A0C62AC.tmp' to '../../../../../Github/Motors-Jocs-II/Motors-Jocs-II/MyProject/Content/Assets/3DModels/Plane002Mat.uasset'
[2018.03.05-22.49.20:353][811]LogSavePackage: Display: Finished SavePackage ../../../../../Github/Motors-Jocs-II/Motors-Jocs-II/MyProject/Content/Assets/3DModels/Plane002Mat.uasset
[2018.03.05-22.49.20:656][811]Cmd: OBJ SAVEPACKAGE PACKAGE="/Game/Assets/3DModels/lightsaber_Plane003" FILE="../../../../../Github/Motors-Jocs-II/Motors-Jocs-II/MyProject/Content/Assets/3DModels/lightsaber_Plane003.uasset" SILENT=true
[2018.03.05-22.49.20:687][811]LogSavePackage: Save=29.46ms
[2018.03.05-22.49.20:687][811]LogSavePackage: Moving '../../../../../Github/Motors-Jocs-II/Motors-Jocs-II/MyProject/Saved/lightsaber_Plane00313365B82407470607516BC92178146AE.tmp' to '../../../../../Github/Motors-Jocs-II/Motors-Jocs-II/MyProject/Content/Assets/3DModels/lightsaber_Plane003.uasset'
[2018.03.05-22.49.20:689][811]LogSavePackage: Display: Finished SavePackage ../../../../../Github/Motors-Jocs-II/Motors-Jocs-II/MyProject/Content/Assets/3DModels/lightsaber_Plane003.uasset
[2018.03.05-22.49.21:005][811]Cmd: OBJ SAVEPACKAGE PACKAGE="/Game/Assets/3DModels/Plane003Mat" FILE="../../../../../Github/Motors-Jocs-II/Motors-Jocs-II/MyProject/Content/Assets/3DModels/Plane003Mat.uasset" SILENT=true
[2018.03.05-22.49.21:035][811]LogSavePackage: Save=29.51ms
[2018.03.05-22.49.21:035][811]LogSavePackage: Moving '../../../../../Github/Motors-Jocs-II/Motors-Jocs-II/MyProject/Saved/Plane003MatC6D869DB44AD44AE8425C7958450FD42.tmp' to '../../../../../Github/Motors-Jocs-II/Motors-Jocs-II/MyProject/Content/Assets/3DModels/Plane003Mat.uasset'
[2018.03.05-22.49.21:037][811]LogSavePackage: Display: Finished SavePackage ../../../../../Github/Motors-Jocs-II/Motors-Jocs-II/MyProject/Content/Assets/3DModels/Plane003Mat.uasset
[2018.03.05-22.49.26:452][363]SourceControl: fatal: D:/Unreal/UE_4.18/Engine/Content/: 'D:/Unreal/UE_4.18/Engine/Content/' is outside repository
