Log file open, 02/28/18 16:18:57
LogWindows: Failed to load 'aqProf.dll' (GetLastError=126)
LogWindows: File 'aqProf.dll' does not exist
LogWindows: Failed to load 'VSPerf140.dll' (GetLastError=126)
LogWindows: File 'VSPerf140.dll' does not exist
LogWindows: Failed to load 'VtuneApi.dll' (GetLastError=126)
LogWindows: File 'VtuneApi.dll' does not exist
LogWindows: Failed to load 'VtuneApi32e.dll' (GetLastError=126)
LogWindows: File 'VtuneApi32e.dll' does not exist
LogInit: Display: Running engine for game: MyProject
LogPlatformFile: Not using cached read wrapper
LogInit: Display: RandInit(-1160359716) SRandInit(-1160359716).
LogInit: Read version file with build ID '3709383'
LogInit: Overriding engine version to CL 3832480, compatible CL 3709383
LogInit: Registered custom module enumerator with build ID '3709383'
LogTaskGraph: Started task graph with 5 named threads and 20 total threads with 3 sets of task threads.
LogStats: Stats thread started at 0.290335
LogD3D11RHI: Aftermath initialized
LogModuleManager: Display: Found up-to-date module file ../../../Engine/Plugins/2D/Paper2D/Binaries/Win64/UE4Editor-Paper2D.dll (API version 3709383).
LogModuleManager: Display: Found up-to-date module file ../../../Engine/Plugins/2D/Paper2D/Binaries/Win64/UE4Editor-Paper2DEditor.dll (API version 3709383).
LogModuleManager: Display: Found up-to-date module file ../../../Engine/Plugins/2D/Paper2D/Binaries/Win64/UE4Editor-PaperSpriteSheetImporter.dll (API version 3709383).
LogModuleManager: Display: Found up-to-date module file ../../../Engine/Plugins/2D/Paper2D/Binaries/Win64/UE4Editor-PaperTiledImporter.dll (API version 3709383).
LogModuleManager: Display: Found up-to-date module file ../../../Engine/Plugins/2D/Paper2D/Binaries/Win64/UE4Editor-SmartSnapping.dll (API version 3709383).
LogModuleManager: Display: Found up-to-date module file ../../../Engine/Plugins/Blendables/LightPropagationVolume/Binaries/Win64/UE4Editor-LightPropagationVolumeRuntime.dll (API version 3709383).
LogModuleManager: Display: Found up-to-date module file ../../../Engine/Plugins/Blendables/LightPropagationVolume/Binaries/Win64/UE4Editor-LightPropagationVolumeEditor.dll (API version 3709383).
LogModuleManager: Display: Found up-to-date module file ../../../Engine/Plugins/Developer/GitSourceControl/Binaries/Win64/UE4Editor-GitSourceControl.dll (API version 3709383).
LogModuleManager: Display: Found up-to-date module file ../../../Engine/Plugins/Developer/PerforceSourceControl/Binaries/Win64/UE4Editor-PerforceSourceControl.dll (API version 3709383).
LogModuleManager: Display: Found up-to-date module file ../../../Engine/Plugins/Developer/SubversionSourceControl/Binaries/Win64/UE4Editor-SubversionSourceControl.dll (API version 3709383).
LogModuleManager: Display: Found up-to-date module file ../../../Engine/Plugins/Developer/UObjectPlugin/Binaries/Win64/UE4Editor-UObjectPlugin.dll (API version 3709383).
LogModuleManager: Display: Found up-to-date module file ../../../Engine/Plugins/Developer/VisualStudioCodeSourceCodeAccess/Binaries/Win64/UE4Editor-VisualStudioCodeSourceCodeAccess.dll (API version 3709383).
LogModuleManager: Display: Found up-to-date module file ../../../Engine/Plugins/Developer/VisualStudioSourceCodeAccess/Binaries/Win64/UE4Editor-VisualStudioSourceCodeAccess.dll (API version 3709383).
LogModuleManager: Display: Found up-to-date module file ../../../Engine/Plugins/Editor/AssetManagerEditor/Binaries/Win64/UE4Editor-AssetManagerEditor.dll (API version 3709383).
LogModuleManager: Display: Found up-to-date module file ../../../Engine/Plugins/Editor/AudioCapture/Binaries/Win64/UE4Editor-AudioCapture.dll (API version 3709383).
LogModuleManager: Display: Found up-to-date module file ../../../Engine/Plugins/Editor/FacialAnimation/Binaries/Win64/UE4Editor-FacialAnimation.dll (API version 3709383).
LogModuleManager: Display: Found up-to-date module file ../../../Engine/Plugins/Editor/FacialAnimation/Binaries/Win64/UE4Editor-FacialAnimationEditor.dll (API version 3709383).
LogModuleManager: Display: Found up-to-date module file ../../../Engine/Plugins/Editor/GameplayTagsEditor/Binaries/Win64/UE4Editor-GameplayTagsEditor.dll (API version 3709383).
LogModuleManager: Display: Found up-to-date module file ../../../Engine/Plugins/Editor/MobileLauncherProfileWizard/Binaries/Win64/UE4Editor-MobileLauncherProfileWizard.dll (API version 3709383).
LogModuleManager: Display: Found up-to-date module file ../../../Engine/Plugins/Editor/PluginBrowser/Binaries/Win64/UE4Editor-PluginBrowser.dll (API version 3709383).
LogModuleManager: Display: Found up-to-date module file ../../../Engine/Plugins/Editor/SpeedTreeImporter/Binaries/Win64/UE4Editor-SpeedTreeImporter.dll (API version 3709383).
LogModuleManager: Display: Found up-to-date module file ../../../Engine/Plugins/Experimental/AlembicImporter/Binaries/Win64/UE4Editor-AlembicImporter.dll (API version 3709383).
LogModuleManager: Display: Found up-to-date module file ../../../Engine/Plugins/Experimental/AlembicImporter/Binaries/Win64/UE4Editor-AlembicLibrary.dll (API version 3709383).
LogModuleManager: Display: Found up-to-date module file ../../../Engine/Plugins/Experimental/CharacterAI/Binaries/Win64/UE4Editor-CharacterAI.dll (API version 3709383).
LogModuleManager: Display: Found up-to-date module file ../../../Engine/Plugins/Experimental/HTML5Networking/Binaries/Win64/UE4Editor-HTML5Networking.dll (API version 3709383).
LogModuleManager: Display: Found up-to-date module file ../../../Engine/Plugins/Media/AndroidMedia/Binaries/Win64/UE4Editor-AndroidMediaEditor.dll (API version 3709383).
LogModuleManager: Display: Found up-to-date module file ../../../Engine/Plugins/Media/AndroidMedia/Binaries/Win64/UE4Editor-AndroidMediaFactory.dll (API version 3709383).
LogModuleManager: Display: Found up-to-date module file ../../../Engine/Plugins/Media/AvfMedia/Binaries/Win64/UE4Editor-AvfMediaEditor.dll (API version 3709383).
LogModuleManager: Display: Found up-to-date module file ../../../Engine/Plugins/Media/AvfMedia/Binaries/Win64/UE4Editor-AvfMediaFactory.dll (API version 3709383).
LogModuleManager: Display: Found up-to-date module file ../../../Engine/Plugins/Media/AvfMedia/Binaries/Win64/UE4Editor-AvfMediaFactory.dll (API version 3709383).
LogModuleManager: Display: Found up-to-date module file ../../../Engine/Plugins/Media/ImgMedia/Binaries/Win64/UE4Editor-ImgMedia.dll (API version 3709383).
LogModuleManager: Display: Found up-to-date module file ../../../Engine/Plugins/Media/ImgMedia/Binaries/Win64/UE4Editor-ImgMediaEditor.dll (API version 3709383).
LogModuleManager: Display: Found up-to-date module file ../../../Engine/Plugins/Media/ImgMedia/Binaries/Win64/UE4Editor-ImgMediaFactory.dll (API version 3709383).
LogModuleManager: Display: Found up-to-date module file ../../../Engine/Plugins/Media/ImgMedia/Binaries/Win64/UE4Editor-ImgMediaFactory.dll (API version 3709383).
LogModuleManager: Display: Found up-to-date module file ../../../Engine/Plugins/Media/ImgMedia/Binaries/Win64/UE4Editor-OpenExrWrapper.dll (API version 3709383).
LogModuleManager: Display: Found up-to-date module file ../../../Engine/Plugins/Media/MediaCompositing/Binaries/Win64/UE4Editor-MediaCompositing.dll (API version 3709383).
LogModuleManager: Display: Found up-to-date module file ../../../Engine/Plugins/Media/MediaCompositing/Binaries/Win64/UE4Editor-MediaCompositingEditor.dll (API version 3709383).
LogModuleManager: Display: Found up-to-date module file ../../../Engine/Plugins/Media/MediaPlayerEditor/Binaries/Win64/UE4Editor-MediaPlayerEditor.dll (API version 3709383).
LogModuleManager: Display: Found up-to-date module file ../../../Engine/Plugins/Media/WmfMedia/Binaries/Win64/UE4Editor-WmfMedia.dll (API version 3709383).
LogModuleManager: Display: Found up-to-date module file ../../../Engine/Plugins/Media/WmfMedia/Binaries/Win64/UE4Editor-WmfMediaEditor.dll (API version 3709383).
LogModuleManager: Display: Found up-to-date module file ../../../Engine/Plugins/Media/WmfMedia/Binaries/Win64/UE4Editor-WmfMediaFactory.dll (API version 3709383).
LogModuleManager: Display: Found up-to-date module file ../../../Engine/Plugins/Media/WmfMedia/Binaries/Win64/UE4Editor-WmfMediaFactory.dll (API version 3709383).
LogModuleManager: Display: Found up-to-date module file ../../../Engine/Plugins/Messaging/TcpMessaging/Binaries/Win64/UE4Editor-TcpMessaging.dll (API version 3709383).
LogModuleManager: Display: Found up-to-date module file ../../../Engine/Plugins/Messaging/UdpMessaging/Binaries/Win64/UE4Editor-UdpMessaging.dll (API version 3709383).
LogModuleManager: Display: Found up-to-date module file ../../../Engine/Plugins/MovieScene/ActorSequence/Binaries/Win64/UE4Editor-ActorSequence.dll (API version 3709383).
LogModuleManager: Display: Found up-to-date module file ../../../Engine/Plugins/MovieScene/LevelSequenceEditor/Binaries/Win64/UE4Editor-LevelSequenceEditor.dll (API version 3709383).
LogModuleManager: Display: Found up-to-date module file ../../../Engine/Plugins/MovieScene/MatineeToLevelSequence/Binaries/Win64/UE4Editor-MatineeToLevelSequence.dll (API version 3709383).
LogModuleManager: Display: Found up-to-date module file ../../../Engine/Plugins/Online/OnlineSubsystem/Binaries/Win64/UE4Editor-OnlineSubsystem.dll (API version 3709383).
LogModuleManager: Display: Found up-to-date module file ../../../Engine/Plugins/Runtime/AndroidPermission/Binaries/Win64/UE4Editor-AndroidPermission.dll (API version 3709383).
LogModuleManager: Display: Found up-to-date module file ../../../Engine/Plugins/Online/OnlineSubsystemNull/Binaries/Win64/UE4Editor-OnlineSubsystemNull.dll (API version 3709383).
LogModuleManager: Display: Found up-to-date module file ../../../Engine/Plugins/Online/OnlineSubsystemUtils/Binaries/Win64/UE4Editor-OnlineSubsystemUtils.dll (API version 3709383).
LogModuleManager: Display: Found up-to-date module file ../../../Engine/Plugins/Online/OnlineSubsystemUtils/Binaries/Win64/UE4Editor-OnlineBlueprintSupport.dll (API version 3709383).
LogModuleManager: Display: Found up-to-date module file ../../../Engine/Plugins/Runtime/AndroidDeviceProfileSelector/Binaries/Win64/UE4Editor-AndroidDeviceProfileSelector.dll (API version 3709383).
LogModuleManager: Display: Found up-to-date module file ../../../Engine/Plugins/Runtime/AppleARKit/Binaries/Win64/UE4Editor-AppleARKit.dll (API version 3709383).
LogModuleManager: Display: Found up-to-date module file ../../../Engine/Plugins/Runtime/ArchVisCharacter/Binaries/Win64/UE4Editor-ArchVisCharacter.dll (API version 3709383).
LogModuleManager: Display: Found up-to-date module file ../../../Engine/Plugins/Runtime/CableComponent/Binaries/Win64/UE4Editor-CableComponent.dll (API version 3709383).
LogModuleManager: Display: Found up-to-date module file ../../../Engine/Plugins/Runtime/CustomMeshComponent/Binaries/Win64/UE4Editor-CustomMeshComponent.dll (API version 3709383).
LogModuleManager: Display: Found up-to-date module file ../../../Engine/Plugins/Runtime/ExampleDeviceProfileSelector/Binaries/Win64/UE4Editor-ExampleDeviceProfileSelector.dll (API version 3709383).
LogModuleManager: Display: Found up-to-date module file ../../../Engine/Plugins/Runtime/ImmediatePhysics/Binaries/Win64/UE4Editor-ImmediatePhysics.dll (API version 3709383).
LogModuleManager: Display: Found up-to-date module file ../../../Engine/Plugins/Runtime/ImmediatePhysics/Binaries/Win64/UE4Editor-ImmediatePhysicsEditor.dll (API version 3709383).
LogModuleManager: Display: Found up-to-date module file ../../../Engine/Plugins/Runtime/LocationServicesBPLibrary/Binaries/Win64/UE4Editor-LocationServicesBPLibrary.dll (API version 3709383).
LogModuleManager: Display: Found up-to-date module file ../../../Engine/Plugins/Runtime/MobilePatchingUtils/Binaries/Win64/UE4Editor-MobilePatchingUtils.dll (API version 3709383).
LogModuleManager: Display: Found up-to-date module file ../../../Engine/Plugins/Runtime/Oculus/OculusVR/Binaries/Win64/UE4Editor-OculusHMD.dll (API version 3709383).
LogModuleManager: Display: Found up-to-date module file ../../../Engine/Plugins/Runtime/Oculus/OculusVR/Binaries/Win64/UE4Editor-OculusInput.dll (API version 3709383).
LogModuleManager: Display: Found up-to-date module file ../../../Engine/Plugins/Runtime/Oculus/OculusVR/Binaries/Win64/UE4Editor-OculusEditor.dll (API version 3709383).
LogModuleManager: Display: Found up-to-date module file ../../../Engine/Plugins/Runtime/PhysXVehicles/Binaries/Win64/UE4Editor-PhysXVehicles.dll (API version 3709383).
LogModuleManager: Display: Found up-to-date module file ../../../Engine/Plugins/Runtime/PhysXVehicles/Binaries/Win64/UE4Editor-PhysXVehiclesEditor.dll (API version 3709383).
LogModuleManager: Display: Found up-to-date module file ../../../Engine/Plugins/Runtime/ProceduralMeshComponent/Binaries/Win64/UE4Editor-ProceduralMeshComponent.dll (API version 3709383).
LogModuleManager: Display: Found up-to-date module file ../../../Engine/Plugins/Runtime/ProceduralMeshComponent/Binaries/Win64/UE4Editor-ProceduralMeshComponentEditor.dll (API version 3709383).
LogModuleManager: Display: Found up-to-date module file ../../../Engine/Plugins/Runtime/RuntimePhysXCooking/Binaries/Win64/UE4Editor-RuntimePhysXCooking.dll (API version 3709383).
LogModuleManager: Display: Found up-to-date module file ../../../Engine/Plugins/Runtime/Steam/SteamVR/Binaries/Win64/UE4Editor-SteamVR.dll (API version 3709383).
LogModuleManager: Display: Found up-to-date module file ../../../Engine/Plugins/Runtime/Steam/SteamVR/Binaries/Win64/UE4Editor-SteamVRController.dll (API version 3709383).
LogModuleManager: Display: Found up-to-date module file ../../../Engine/Plugins/Runtime/WindowsMoviePlayer/Binaries/Win64/UE4Editor-WindowsMoviePlayer.dll (API version 3709383).
LogPluginManager: Mounting plugin Paper2D
LogPluginManager: Mounting plugin LightPropagationVolume
LogPluginManager: Mounting plugin CodeLiteSourceCodeAccess
LogPluginManager: Mounting plugin GitSourceControl
LogPluginManager: Mounting plugin KDevelopSourceCodeAccess
LogPluginManager: Mounting plugin NullSourceCodeAccess
LogPluginManager: Mounting plugin PerforceSourceControl
LogPluginManager: Mounting plugin SubversionSourceControl
LogPluginManager: Mounting plugin UObjectPlugin
LogPluginManager: Mounting plugin VisualStudioCodeSourceCodeAccess
LogPluginManager: Mounting plugin VisualStudioSourceCodeAccess
LogPluginManager: Mounting plugin XCodeSourceCodeAccess
LogPluginManager: Mounting plugin AssetManagerEditor
LogPluginManager: Mounting plugin AudioCapture
LogPluginManager: Mounting plugin FacialAnimation
LogPluginManager: Mounting plugin GameplayTagsEditor
LogPluginManager: Mounting plugin MobileLauncherProfileWizard
LogPluginManager: Mounting plugin PluginBrowser
LogPluginManager: Mounting plugin SpeedTreeImporter
LogPluginManager: Mounting plugin AlembicImporter
LogPluginManager: Mounting plugin CharacterAI
LogPluginManager: Mounting plugin HTML5Networking
LogPluginManager: Mounting plugin AndroidMedia
LogPluginManager: Mounting plugin AvfMedia
LogPluginManager: Mounting plugin ImgMedia
LogPluginManager: Mounting plugin MediaCompositing
LogPluginManager: Mounting plugin MediaPlayerEditor
LogPluginManager: Mounting plugin WmfMedia
LogPluginManager: Mounting plugin TcpMessaging
LogPluginManager: Mounting plugin UdpMessaging
LogPluginManager: Mounting plugin ActorSequence
LogPluginManager: Mounting plugin LevelSequenceEditor
LogPluginManager: Mounting plugin MatineeToLevelSequence
LogPluginManager: Mounting plugin OnlineSubsystemGooglePlay
LogPluginManager: Mounting plugin OnlineSubsystemIOS
LogPluginManager: Mounting plugin OnlineSubsystem
LogPluginManager: Mounting plugin OnlineSubsystemNull
LogPluginManager: Mounting plugin OnlineSubsystemUtils
LogPluginManager: Mounting plugin AndroidDeviceProfileSelector
LogPluginManager: Mounting plugin AndroidMoviePlayer
LogPluginManager: Mounting plugin AndroidPermission
LogPluginManager: Mounting plugin AppleARKit
LogPluginManager: Mounting plugin AppleMoviePlayer
LogPluginManager: Mounting plugin ArchVisCharacter
LogPluginManager: Mounting plugin CableComponent
LogPluginManager: Mounting plugin CustomMeshComponent
LogPluginManager: Mounting plugin ExampleDeviceProfileSelector
LogPluginManager: Mounting plugin GoogleCloudMessaging
LogPluginManager: Mounting plugin ImmediatePhysics
LogPluginManager: Mounting plugin IOSDeviceProfileSelector
LogPluginManager: Mounting plugin LinuxDeviceProfileSelector
LogPluginManager: Mounting plugin LocationServicesBPLibrary
LogPluginManager: Mounting plugin MobilePatchingUtils
LogPluginManager: Mounting plugin OculusVR
LogPluginManager: Plugin shader directory ../../../Engine/Plugins/Runtime/Oculus/OculusVR/Shaders found
LogPluginManager: Mapping shader source directory ../../../Engine/Plugins/Runtime/Oculus/OculusVR/Shaders to virtual directory /Plugin/OculusVR
LogPluginManager: Mounting plugin PhysXVehicles
LogPluginManager: Mounting plugin ProceduralMeshComponent
LogPluginManager: Mounting plugin RuntimePhysXCooking
LogPluginManager: Mounting plugin SteamVR
LogPluginManager: Mounting plugin WindowsMoviePlayer
LogInit: Using libcurl 7.47.1
LogInit:  - built for x86_64-pc-win32
LogInit:  - supports SSL with OpenSSL/1.0.2g
LogInit:  - supports HTTP deflate (compression) using libz 1.2.8
LogInit:  - other features:
LogInit:      CURL_VERSION_SSL
LogInit:      CURL_VERSION_LIBZ
LogInit:      CURL_VERSION_IPV6
LogInit:      CURL_VERSION_ASYNCHDNS
LogInit:      CURL_VERSION_LARGEFILE
LogInit:      CURL_VERSION_IDN
LogInit:  CurlRequestOptions (configurable via config and command line):
LogInit:  - bVerifyPeer = false  - Libcurl will NOT verify peer certificate
LogInit:  - bUseHttpProxy = false  - Libcurl will NOT use HTTP proxy
LogInit:  - bDontReuseConnections = false  - Libcurl will reuse connections
LogInit:  - CertBundlePath = nullptr  - Libcurl will use whatever was configured at build time.
LogInit: Build: ++UE4+Release-4.18-CL-3832480
LogInit: Engine Version: 4.18.3-3832480+++UE4+Release-4.18
LogInit: Compatible Engine Version: 4.18.0-3709383+++UE4+Release-4.18
LogInit: Net CL: 3709383
LogDevObjectVersion: Number of dev versions registered: 16
LogDevObjectVersion:   Dev-Blueprints (B0D832E4-1F89-4F0D-ACCF-7EB736FD4AA2): 10
LogDevObjectVersion:   Dev-Build (E1C64328-A22C-4D53-A36C-8E866417BD8C): 0
LogDevObjectVersion:   Dev-Core (375EC13C-06E4-48FB-B500-84F0262A717E): 2
LogDevObjectVersion:   Dev-Editor (E4B068ED-F494-42E9-A231-DA0B2E46BB41): 20
LogDevObjectVersion:   Dev-Framework (CFFC743F-43B0-4480-9391-14DF171D2073): 30
LogDevObjectVersion:   Dev-Mobile (B02B49B5-BB20-44E9-A304-32B752E40360): 0
LogDevObjectVersion:   Dev-Networking (A4E4105C-59A1-49B5-A7C5-40C4547EDFEE): 0
LogDevObjectVersion:   Dev-Online (39C831C9-5AE6-47DC-9A44-9C173E1C8E7C): 0
LogDevObjectVersion:   Dev-Physics (78F01B33-EBEA-4F98-B9B4-84EACCB95AA2): 0
LogDevObjectVersion:   Dev-Platform (6631380F-2D4D-43E0-8009-CF276956A95A): 0
LogDevObjectVersion:   Dev-Rendering (12F88B9F-8875-4AFC-A67C-D90C383ABD29): 20
LogDevObjectVersion:   Dev-Sequencer (7B5AE74C-D270-4C10-A958-57980B212A5A): 4
LogDevObjectVersion:   Dev-VR (D7296918-1DD6-4BDD-9DE2-64A83CC13884): 0
LogDevObjectVersion:   Dev-LoadTimes (C2A15278-BFE7-4AFE-6C17-90FF531DF755): 1
LogDevObjectVersion:   Private-Geometry (6EACA3D4-40EC-4CC1-B786-8BED09428FC5): 1
LogDevObjectVersion:   Dev-AnimPhys (29E575DD-E0A3-4627-9D10-D276232CDCEA): 12
LogInit: Compiled (64-bit): Jan 12 2018 02:04:55
LogInit: Compiled with Visual C++: 19.00.24215.01
LogInit: Build Configuration: Development
LogInit: Branch Name: ++UE4+Release-4.18
LogInit: Command line:  
LogInit: Base directory: D:/Unreal/UE_4.18/Engine/Binaries/Win64/
LogInit: Installed Engine Build: 1
LogInit: Presizing for max 8388607 objects, including 0 objects not considered by GC, pre-allocating 0 bytes for permanent pool.
LogInit: Object subsystem initialized
[2018.02.28-15.18.59:706][  0]LogInit: Selected Device Profile: [Windows]
[2018.02.28-15.18.59:706][  0]LogInit: Applying CVar settings loaded from the selected device profile: [Windows]
[2018.02.28-15.18.59:731][  0]LogInit: Computer: DESKTOP-SRIHI8I
[2018.02.28-15.18.59:731][  0]LogInit: User: Aleix
[2018.02.28-15.18.59:731][  0]LogInit: CPU Page size=4096, Cores=6
[2018.02.28-15.18.59:731][  0]LogInit: High frequency timer resolution =3.119140 MHz
[2018.02.28-15.18.59:732][  0]LogMemory: Memory total: Physical=16.0GB (16GB approx)
[2018.02.28-15.18.59:732][  0]LogMemory: Platform Memory Stats for Windows
[2018.02.28-15.18.59:732][  0]LogMemory: Process Physical Memory: 275.25 MB used, 275.25 MB peak
[2018.02.28-15.18.59:732][  0]LogMemory: Process Virtual Memory: 270.23 MB used, 270.23 MB peak
[2018.02.28-15.18.59:732][  0]LogMemory: Physical Memory: 4467.08 MB used,  11869.54 MB free, 16336.63 MB total
[2018.02.28-15.18.59:732][  0]LogMemory: Virtual Memory: 683.54 MB used,  11869.54 MB free, 134217728.00 MB total
[2018.02.28-15.18.59:863][  0]LogInit: Overriding language with editor language configuration option (en).
[2018.02.28-15.18.59:863][  0]LogInit: Overriding locale with editor locale configuration option (en).
[2018.02.28-15.19.00:404][  0]LogInit: Setting process to per monitor DPI aware
[2018.02.28-15.19.00:683][  0]LogD3D11RHI: D3D11 adapters:
[2018.02.28-15.19.00:738][  0]LogD3D11RHI:    0. 'NVIDIA GeForce GTX 1080' (Feature Level 11_0)
[2018.02.28-15.19.00:738][  0]LogD3D11RHI:       8079/0/8168 MB DedicatedVideo/DedicatedSystem/SharedSystem, Outputs:1, VendorId:0x10de
[2018.02.28-15.19.00:740][  0]LogD3D11RHI:    1. 'Microsoft Basic Render Driver' (Feature Level 11_0)
[2018.02.28-15.19.00:740][  0]LogD3D11RHI:       0/0/8168 MB DedicatedVideo/DedicatedSystem/SharedSystem, Outputs:0, VendorId:0x1414
[2018.02.28-15.19.00:740][  0]LogD3D11RHI: Chosen D3D11 Adapter: 0
[2018.02.28-15.19.00:756][  0]LogD3D11RHI: Creating new Direct3DDevice
[2018.02.28-15.19.00:756][  0]LogD3D11RHI:     GPU DeviceId: 0x1b80 (for the marketing name, search the web for "GPU Device Id")
[2018.02.28-15.19.00:756][  0]LogWindows: EnumDisplayDevices:
[2018.02.28-15.19.00:756][  0]LogWindows:    0. 'NVIDIA GeForce GTX 1080' (P:1 D:1)
[2018.02.28-15.19.00:756][  0]LogWindows:    1. 'NVIDIA GeForce GTX 1080' (P:0 D:0)
[2018.02.28-15.19.00:757][  0]LogWindows:    2. 'NVIDIA GeForce GTX 1080' (P:0 D:0)
[2018.02.28-15.19.00:757][  0]LogWindows:    3. 'NVIDIA GeForce GTX 1080' (P:0 D:0)
[2018.02.28-15.19.00:757][  0]LogWindows: DebugString: GetVideoDriverDetailsInvalid PrimaryIsNotTheChoosenAdapter GetVideoDriverDetailsInvalid PrimaryIsNotTheChoosenAdapter GetVideoDriverDetailsInvalid PrimaryIsNotTheChoosenAdapter GetVideoDriverDetailsInvalid PrimaryIsNotTheChoosenAdapter FoundDriverCount:0 
[2018.02.28-15.19.00:757][  0]LogD3D11RHI:     Adapter Name: NVIDIA GeForce GTX 1080
[2018.02.28-15.19.00:757][  0]LogD3D11RHI:   Driver Version: Unknown (internal:Unknown, unified:Unknown)
[2018.02.28-15.19.00:757][  0]LogD3D11RHI:      Driver Date: Unknown
[2018.02.28-15.19.00:757][  0]LogRHI: Texture pool is 5655 MB (70% of 8079 MB)
[2018.02.28-15.19.00:796][  0]LogD3D11RHI: Async texture creation enabled
[2018.02.28-15.19.00:814][  0]LogD3D11RHI: GPU Timing Frequency: 1000.000000 (Debug: 2 2)
[2018.02.28-15.19.00:865][  0]LogShaderCompilers: Guid format shader working directory is 0 characters bigger than the processId version (../../../../../Github/Motors-Jocs-II/MyProject/Intermediate/Shaders/WorkingDirectory/5984/).
[2018.02.28-15.19.00:865][  0]LogShaderCompilers: Cleaned the shader compiler working directory 'C:/Users/Aleix/AppData/Local/Temp/UnrealShaderWorkingDir/AB2C809D4C4022026B96BEBB3AA27E6A/'.
[2018.02.28-15.19.00:865][  0]LogShaderCompilers: Display: Using Local Shader Compiler.
[2018.02.28-15.19.02:061][  0]LogTemp: Display: Loaded TP AllDesktopTargetPlatform
[2018.02.28-15.19.02:113][  0]LogTemp: Display: Loaded TP MacClientTargetPlatform
[2018.02.28-15.19.02:194][  0]LogTemp: Display: Loaded TP MacNoEditorTargetPlatform
[2018.02.28-15.19.02:244][  0]LogTemp: Display: Loaded TP MacServerTargetPlatform
[2018.02.28-15.19.02:335][  0]LogTemp: Display: Loaded TP MacTargetPlatform
[2018.02.28-15.19.02:429][  0]LogTemp: Display: Loaded TP WindowsClientTargetPlatform
[2018.02.28-15.19.02:505][  0]LogTemp: Display: Loaded TP WindowsNoEditorTargetPlatform
[2018.02.28-15.19.02:556][  0]LogTemp: Display: Loaded TP WindowsServerTargetPlatform
[2018.02.28-15.19.02:603][  0]LogTemp: Display: Loaded TP WindowsTargetPlatform
[2018.02.28-15.19.02:661][  0]LogTemp: Display: Loaded TP Android_ASTCTargetPlatform
[2018.02.28-15.19.02:730][  0]LogTemp: Display: Loaded TP Android_ATCTargetPlatform
[2018.02.28-15.19.02:779][  0]LogTemp: Display: Loaded TP Android_DXTTargetPlatform
[2018.02.28-15.19.02:827][  0]LogTemp: Display: Loaded TP Android_ETC1TargetPlatform
[2018.02.28-15.19.02:889][  0]LogTemp: Display: Loaded TP Android_ETC2TargetPlatform
[2018.02.28-15.19.03:042][  0]LogTemp: Display: Loaded TP Android_MultiTargetPlatform
[2018.02.28-15.19.03:042][  0]LogTemp: Display: Loaded TP Android_PVRTCTargetPlatform
[2018.02.28-15.19.03:120][  0]LogTemp: Display: Loaded TP AndroidTargetPlatform
[2018.02.28-15.19.03:170][  0]LogTemp: Display: Loaded TP HTML5TargetPlatform
[2018.02.28-15.19.03:268][  0]LogTemp: Display: Loaded TP IOSTargetPlatform
[2018.02.28-15.19.03:297][  0]LogTemp: Display: Loaded TP TVOSTargetPlatform
[2018.02.28-15.19.03:359][  0]LogTemp: Display: Loaded TP LinuxClientTargetPlatform
[2018.02.28-15.19.03:446][  0]LogTemp: Display: Loaded TP LinuxNoEditorTargetPlatform
[2018.02.28-15.19.03:545][  0]LogTemp: Display: Loaded TP LinuxServerTargetPlatform
[2018.02.28-15.19.03:596][  0]LogTemp: Display: Loaded TP LinuxTargetPlatform
[2018.02.28-15.19.03:596][  0]LogTargetPlatformManager: Display: Building Assets For Windows
[2018.02.28-15.19.04:170][  0]LogDerivedDataCache: Display: Max Cache Size: 512 MB
[2018.02.28-15.19.04:285][  0]LogDerivedDataCache: Loaded boot cache 0.11s 78MB C:/Users/Aleix/AppData/Local/UnrealEngine/4.18/DerivedDataCache/Boot.ddc.
[2018.02.28-15.19.04:285][  0]LogDerivedDataCache: Display: Loaded Boot cache: C:/Users/Aleix/AppData/Local/UnrealEngine/4.18/DerivedDataCache/Boot.ddc
[2018.02.28-15.19.04:285][  0]LogDerivedDataCache: FDerivedDataBackendGraph:  Pak pak cache file ../../../../../Github/Motors-Jocs-II/MyProject/DerivedDataCache/DDC.ddp not found, will not use a pak cache.
[2018.02.28-15.19.04:285][  0]LogDerivedDataCache: Unable to find inner node Pak for hierarchical cache Hierarchy.
[2018.02.28-15.19.04:285][  0]LogDerivedDataCache: FDerivedDataBackendGraph:  CompressedPak pak cache file ../../../../../Github/Motors-Jocs-II/MyProject/DerivedDataCache/Compressed.ddp not found, will not use a pak cache.
[2018.02.28-15.19.04:285][  0]LogDerivedDataCache: Unable to find inner node CompressedPak for hierarchical cache Hierarchy.
[2018.02.28-15.19.04:325][  0]LogDerivedDataCache: Display: Pak cache opened for reading ../../../Engine/DerivedDataCache/Compressed.ddp.
[2018.02.28-15.19.04:338][  0]LogDerivedDataCache: Using Local data cache path C:/Users/Aleix/AppData/Local/UnrealEngine/Common/DerivedDataCache: Writable
[2018.02.28-15.19.04:350][  0]LogMaterial: Verifying Global Shaders for PCD3D_SM5
[2018.02.28-15.19.04:350][  0]LogSlate: Using Freetype 2.6.0
[2018.02.28-15.19.04:351][  0]LogSlate: SlateFontCache - WITH_FREETYPE: 1, WITH_HARFBUZZ: 1
[2018.02.28-15.19.04:351][  0]LogSlate: SlateFontCache - WITH_FREETYPE: 1, WITH_HARFBUZZ: 1
[2018.02.28-15.19.04:944][  0]LogInit: Selected Device Profile: [Windows]
[2018.02.28-15.19.05:264][  0]LogSimplygon: Simplygon DLL not present - disabling.
[2018.02.28-15.19.05:300][  0]LogMeshReduction: Using SimplygonSwarm for distributed automatic mesh merging
[2018.02.28-15.19.05:300][  0]LogMeshReduction: Using QuadricMeshReduction for automatic static mesh reduction
[2018.02.28-15.19.05:300][  0]LogMeshReduction: No automatic skeletal mesh reduction module available
[2018.02.28-15.19.05:300][  0]LogMeshReduction: No automatic mesh merging module available
[2018.02.28-15.19.05:300][  0]LogMeshMerging: No automatic mesh merging module available
[2018.02.28-15.19.05:330][  0]LogNetVersion: MyProject , NetCL: 3709383, EngineNetVer: 2, GameNetVer: 0 (Checksum: 1490074681)
[2018.02.28-15.19.05:493][  0]LogAssetRegistry: FAssetRegistry took 0.0273 seconds to start up
[2018.02.28-15.19.05:957][  0]LogPackageLocalizationCache: Processed 7 localized package path(s) for 1 prioritized culture(s) in 0.028882 seconds
[2018.02.28-15.19.05:966][  0]LogUObjectArray: 35870 objects as part of root set at end of initial load.
[2018.02.28-15.19.05:966][  0]LogUObjectAllocator: 7363704 out of 0 bytes used by permanent object pool.
[2018.02.28-15.19.05:966][  0]LogUObjectArray: CloseDisregardForGC: 0/0 objects in disregard for GC pool
[2018.02.28-15.19.06:018][  0]LogInit: WinSock: version 1.1 (2.2), MaxSocks=32767, MaxUdp=65467
[2018.02.28-15.19.08:686][  0]LogTcpMessaging: Initializing TcpMessaging bridge
[2018.02.28-15.19.08:726][  0]LogUdpMessaging: Initializing bridge on interface 0.0.0.0:0 to multicast group 230.0.0.1:6666.
[2018.02.28-15.19.09:559][  0]LogMaterial: Uniform references updated for custom material expression Custom.
[2018.02.28-15.19.10:147][  0]SourceControl: Source control is disabled
[2018.02.28-15.19.10:147][  0]SourceControl: Source control is disabled
[2018.02.28-15.19.10:207][  0]SourceControl: Source control is disabled
[2018.02.28-15.19.10:279][  0]SourceControl: Source control is disabled
[2018.02.28-15.19.11:287][  0]LogAndroidPermission: UAndroidPermissionCallbackProxy::GetInstance
[2018.02.28-15.19.11:675][  0]LogOcInput: OculusInput pre-init called
[2018.02.28-15.19.12:022][  0]LogEngine: Initializing Engine...
[2018.02.28-15.19.12:028][  0]LogHMD: Failed to initialize OpenVR with code 110
[2018.02.28-15.19.12:302][  0]LogStats: UGameplayTagsManager::ConstructGameplayTagTree: Construct from data asset -  0.000 s
[2018.02.28-15.19.12:302][  0]LogStats: UGameplayTagsManager::ConstructGameplayTagTree: GameplayTagTreeChangedEvent.Broadcast -  0.000 s
[2018.02.28-15.19.12:437][  0]LogAIModule: Creating AISystem for world Untitled
[2018.02.28-15.19.12:448][  0]LogInit: XAudio2 using 'BenQ LCD (NVIDIA High Definition Audio)' : 2 channels at 48 kHz using 16 bits per sample (channel mask 0x3)
[2018.02.28-15.19.12:465][  0]LogInit: FAudioDevice initialized.
[2018.02.28-15.19.12:603][  0]LogDerivedDataCache: Saved boot cache 0.14s 78MB C:/Users/Aleix/AppData/Local/UnrealEngine/4.18/DerivedDataCache/Boot.ddc.
[2018.02.28-15.19.12:619][  0]LogInit: Texture streaming: Enabled
[2018.02.28-15.19.12:760][  0]LogEngineSessionManager: EngineSessionManager initialized
[2018.02.28-15.19.12:918][  0]LogInit: Transaction tracking system initialized
[2018.02.28-15.19.13:281][  0]BlueprintLog: New page: Editor Load
[2018.02.28-15.19.14:601][  0]LocalizationService: Localization service is disabled
[2018.02.28-15.19.15:463][  0]LogConsoleResponse: Display: 
[2018.02.28-15.19.15:635][  0]LogCook: Display: Max memory allowance for cook 16384mb min free memory 0mb
[2018.02.28-15.19.15:635][  0]LogCook: Display: Mobile HDR setting 1
[2018.02.28-15.19.15:635][  0]LogGameplayTags: Display: UGameplayTagsManager::DoneAddingNativeTags. DelegateIsBound: 0
[2018.02.28-15.19.15:692][  0]LogFileCache: Scanning file cache for directory 'D:/Github/Motors-Jocs-II/MyProject/Content/' took 0.01s
[2018.02.28-15.19.16:883][  0]SourceControl: Source control is disabled
[2018.02.28-15.19.16:883][  0]Cmd: MAP LOAD FILE="../../../Engine/Content/Maps/Templates/Template_Default.umap" TEMPLATE=1 SHOWPROGRESS=1 FEATURELEVEL=3
[2018.02.28-15.19.16:884][  0]LightingResults: New page: Lighting Build
[2018.02.28-15.19.16:960][  0]MapCheck: New page: Map Check
[2018.02.28-15.19.16:960][  0]LightingResults: New page: Lighting Build
[2018.02.28-15.19.17:183][  0]LogAIModule: Creating AISystem for world Untitled_1
[2018.02.28-15.19.17:190][  0]LogEditorServer: Finished looking for orphan Actors (0.000 secs)
[2018.02.28-15.19.17:222][  0]Cmd: MAP CHECKDEP NOCLEARLOG
[2018.02.28-15.19.17:268][  0]MapCheck: Map check complete: 0 Error(s), 0 Warning(s), took 46.123ms to complete.
[2018.02.28-15.19.17:268][  0]LogFileHelpers: Loading map 'Template_Default' took 0.385
[2018.02.28-15.19.17:440][  0]LogCollectionManager: Loaded 0 collections in 0.002779 seconds
[2018.02.28-15.19.17:539][  0]LogFileCache: Scanning file cache for directory 'D:/Github/Motors-Jocs-II/MyProject/Saved/Collections/' took 0.01s
[2018.02.28-15.19.17:539][  0]LogFileCache: Scanning file cache for directory 'D:/Github/Motors-Jocs-II/MyProject/Content/Developers/Aleix/Collections/' took 0.01s
[2018.02.28-15.19.17:539][  0]LogFileCache: Scanning file cache for directory 'D:/Github/Motors-Jocs-II/MyProject/Content/Collections/' took 0.01s
[2018.02.28-15.19.17:539][  0]LogCollectionManager: Rebuilt the GUID cache for 0 collections in 0.000000 seconds
[2018.02.28-15.19.17:551][  0]LogContentBrowser: Native class hierarchy populated in 0.0114 seconds. Added 2363 classes and 519 folders.
[2018.02.28-15.19.17:637][  0]LogContentBrowser: Native class hierarchy updated for 'WidgetCarousel' in 0.0003 seconds. Added 0 classes and 0 folders.
[2018.02.28-15.19.17:713][  0]LogContentBrowser: Native class hierarchy updated for 'AddContentDialog' in 0.0006 seconds. Added 0 classes and 0 folders.
[2018.02.28-15.19.17:776][  0]LogContentBrowser: Native class hierarchy updated for 'SceneOutliner' in 0.0003 seconds. Added 1 classes and 2 folders.
[2018.02.28-15.19.17:859][  0]LogSlate: Took 0.000497 seconds to synchronously load lazily loaded font '../../../Engine/Content/Slate/Fonts/Roboto-Regular.ttf' (155K)
[2018.02.28-15.19.17:866][  0]LogSlate: Took 0.000407 seconds to synchronously load lazily loaded font '../../../Engine/Content/Slate/Fonts/Roboto-Bold.ttf' (160K)
[2018.02.28-15.19.17:880][  0]LogSlate: Took 0.000431 seconds to synchronously load lazily loaded font '../../../Engine/Content/Editor/Slate/Fonts/FontAwesome.ttf' (139K)
[2018.02.28-15.19.18:000][  0]LogRenderer: Reallocating scene render targets to support 1292x736 Format 10 NumSamples 1 (Frame:1).
[2018.02.28-15.19.18:172][  0]LogContentBrowser: Native class hierarchy updated for 'HierarchicalLODOutliner' in 0.0003 seconds. Added 1 classes and 2 folders.
[2018.02.28-15.19.18:172][  0]LogLoad: (Engine Initialization) Total time: 21.59 seconds
[2018.02.28-15.19.18:172][  0]LogLoad: (Engine Initialization) Total Blueprint compile time: 0.00 seconds
[2018.02.28-15.19.18:173][  0]LogExternalProfiler: No external profilers were discovered.  External profiling features will not be available.
[2018.02.28-15.19.18:539][  0]LogContentStreaming: Texture pool size now 1000 MB
[2018.02.28-15.19.19:194][  2]LogAssetRegistry: Asset discovery search completed in 13.7226 seconds
[2018.02.28-15.19.19:197][  2]LogCollectionManager: Rebuilt the object cache for 0 collections in 0.000001 seconds (found 0 objects)
[2018.02.28-15.19.19:197][  2]LogCollectionManager: Fixed up redirectors for 0 collections in 0.000122 seconds (updated 0 objects)
[2018.02.28-15.20.44:795][305]LogSlate: Took 0.000207 seconds to synchronously load lazily loaded font '../../../Engine/Content/Slate/Fonts/Roboto-Light.ttf' (159K)
[2018.02.28-15.20.45:845][305]LogSlate: Took 0.000186 seconds to synchronously load lazily loaded font '../../../Engine/Content/Slate/Fonts/Roboto-Regular.ttf' (155K)
[2018.02.28-15.20.46:292][305]LogAIModule: Creating AISystem for world IATest
[2018.02.28-15.20.46:556][305]Cmd: MAP LOAD FILE="../../../../../Github/Motors-Jocs-II/MyProject/Content/Levels/TestLevels/IATest.umap" TEMPLATE=0 SHOWPROGRESS=1 FEATURELEVEL=3
[2018.02.28-15.20.46:556][305]LightingResults: New page: Lighting Build
[2018.02.28-15.20.46:557][305]LoadErrors: New page: Loading map: IATest.umap
[2018.02.28-15.20.46:557][305]MapCheck: New page: Map Check
[2018.02.28-15.20.46:557][305]LightingResults: New page: Lighting Build
[2018.02.28-15.20.46:960][305]LogEditorServer: Finished looking for orphan Actors (0.000 secs)
[2018.02.28-15.20.47:336][305]Cmd: MAP CHECKDEP NOCLEARLOG
[2018.02.28-15.20.47:407][305]MapCheck: Map check complete: 0 Error(s), 0 Warning(s), took 71.167ms to complete.
[2018.02.28-15.20.47:407][305]LogFileHelpers: Loading map 'IATest' took 0.878
[2018.02.28-15.20.55:373][831]LogSlate: Took 0.017929 seconds to synchronously load lazily loaded font '../../../Engine/Content/Editor/Slate/Fonts/Roboto-Italic.ttf' (157K)
[2018.02.28-15.20.57:340][924]LogContentBrowser: Native class hierarchy updated for 'BlueprintGraph' in 0.0008 seconds. Added 116 classes and 0 folders.
[2018.02.28-15.20.58:589][924]LogSlate: Took 0.000236 seconds to synchronously load lazily loaded font '../../../Engine/Content/Editor/Slate/Fonts/Roboto-BoldCondensed.ttf' (158K)
[2018.02.28-15.27.08:657][581]LogSlate: Took 0.000280 seconds to synchronously load lazily loaded font '../../../Engine/Content/Slate/Fonts/Roboto-Light.ttf' (159K)
[2018.02.28-15.27.13:696][848]LogPackageName: SearchForPackageOnDisk took   0.000s, but failed to resolve /Game/BluePrints/IA/BTService_BlueprintBase_New.
[2018.02.28-15.27.34:216][900]LogMetaData: Removing '/Game/BluePrints/IA/Update_path.SKEL_Update_path_C' ref from Metadata '/Game/BluePrints/IA/BTService_BlueprintBase_New.PackageMetaData'
[2018.02.28-15.27.34:216][900]LogMetaData: Removing '/Game/BluePrints/IA/Update_path.Update_path_C' ref from Metadata '/Game/BluePrints/IA/BTService_BlueprintBase_New.PackageMetaData'
[2018.02.28-15.27.34:293][900]Cmd: OBJ SAVEPACKAGE PACKAGE="/Game/BluePrints/IA/Update_path" FILE="../../../../../Github/Motors-Jocs-II/MyProject/Content/BluePrints/IA/Update_path.uasset" SILENT=true
[2018.02.28-15.27.34:384][900]LogSavePackage: Save=71.28ms
[2018.02.28-15.27.34:384][900]LogSavePackage: Moving '../../../../../Github/Motors-Jocs-II/MyProject/Saved/Update_pathE1176494498747394EA1EE87C2F5BE55.tmp' to '../../../../../Github/Motors-Jocs-II/MyProject/Content/BluePrints/IA/Update_path.uasset'
[2018.02.28-15.27.34:408][900]LogSavePackage: Display: Finished SavePackage ../../../../../Github/Motors-Jocs-II/MyProject/Content/BluePrints/IA/Update_path.uasset
[2018.02.28-15.27.34:826][905]LogPackageName: SearchForPackageOnDisk took   0.000s to resolve /Game/BluePrints/IA/Update_path.
[2018.02.28-15.30.41:423][537]LogRenderer: Reallocating scene render targets to support 1292x772 Format 10 NumSamples 1 (Frame:4054).
[2018.02.28-15.32.35:477][216]LogSavePackage: Save=36.63ms
[2018.02.28-15.32.35:477][216]LogSavePackage: Moving '../../../../../Github/Motors-Jocs-II/MyProject/Saved/IATest_Auto18ACE94BA4C3C56799D63C0BBAAD2D8FB.tmp' to '../../../../../Github/Motors-Jocs-II/MyProject/Saved/Autosaves/Game/Levels/TestLevels/IATest_Auto1.umap'
[2018.02.28-15.32.35:478][216]LogSavePackage: Display: Finished SavePackage ../../../../../Github/Motors-Jocs-II/MyProject/Saved/Autosaves/Game/Levels/TestLevels/IATest_Auto1.umap
[2018.02.28-15.32.35:503][216]LogFileHelpers: Editor autosave (incl. sublevels) for '/Game/Levels/TestLevels/IATest' took 0.182
[2018.02.28-15.32.35:503][216]LogFileHelpers: Editor autosave (incl. sublevels) for all levels took 0.182
[2018.02.28-15.32.35:505][216]OBJ SavePackage: Generating thumbnails for [1] asset(s) in package [/Game/Assets/3DModels/IABotTest] ([1] browsable assets)...
[2018.02.28-15.32.35:567][216]OBJ SavePackage:     Rendered thumbnail for [Blueprint /Game/Assets/3DModels/IABotTest.IABotTest]
[2018.02.28-15.32.35:567][216]OBJ SavePackage: Finished generating thumbnails for package [/Game/Assets/3DModels/IABotTest]
[2018.02.28-15.32.35:622][216]LogSavePackage: Save=49.86ms
[2018.02.28-15.32.35:622][216]LogSavePackage: Moving '../../../../../Github/Motors-Jocs-II/MyProject/Saved/IABotTest_Auto151144FB1405BFD931624BFAAB9D534D6.tmp' to '../../../../../Github/Motors-Jocs-II/MyProject/Saved/Autosaves/Game/Assets/3DModels/IABotTest_Auto1.uasset'
[2018.02.28-15.32.35:624][216]LogSavePackage: Display: Finished SavePackage ../../../../../Github/Motors-Jocs-II/MyProject/Saved/Autosaves/Game/Assets/3DModels/IABotTest_Auto1.uasset
[2018.02.28-15.32.35:624][216]OBJ SavePackage: Generating thumbnails for [0] asset(s) in package [/Game/BluePrints/IA/Update_path] ([1] browsable assets)...
[2018.02.28-15.32.35:624][216]OBJ SavePackage: Finished generating thumbnails for package [/Game/BluePrints/IA/Update_path]
[2018.02.28-15.32.35:637][216]LogSavePackage: Save=5.44ms
[2018.02.28-15.32.35:637][216]LogSavePackage: Moving '../../../../../Github/Motors-Jocs-II/MyProject/Saved/Update_path_Auto1EF7C3D864F1CE6BD4BF564ACA782490D.tmp' to '../../../../../Github/Motors-Jocs-II/MyProject/Saved/Autosaves/Game/BluePrints/IA/Update_path_Auto1.uasset'
[2018.02.28-15.32.35:638][216]LogSavePackage: Display: Finished SavePackage ../../../../../Github/Motors-Jocs-II/MyProject/Saved/Autosaves/Game/BluePrints/IA/Update_path_Auto1.uasset
[2018.02.28-15.32.35:638][216]LogFileHelpers: Auto-saving content packages took 0.134
[2018.02.28-15.34.15:401][331]LogSlate: Warning: Prevented a slow task dialog from being summoned while a context menu was open
[2018.02.28-15.36.18:311][448]Cmd: OBJ SAVEPACKAGE PACKAGE="/Game/BluePrints/IA/BotBlackBoard" FILE="../../../../../Github/Motors-Jocs-II/MyProject/Content/BluePrints/IA/BotBlackBoard.uasset" SILENT=true
[2018.02.28-15.36.18:320][448]LogSavePackage: Save=2.70ms
[2018.02.28-15.36.18:320][448]LogSavePackage: Moving '../../../../../Github/Motors-Jocs-II/MyProject/Saved/BotBlackBoard07EA7E13438315ABEEF9728AAD5DCB74.tmp' to '../../../../../Github/Motors-Jocs-II/MyProject/Content/BluePrints/IA/BotBlackBoard.uasset'
[2018.02.28-15.36.18:322][448]LogSavePackage: Display: Finished SavePackage ../../../../../Github/Motors-Jocs-II/MyProject/Content/BluePrints/IA/BotBlackBoard.uasset
[2018.02.28-15.36.51:580][392]Cmd: OBJ SAVEPACKAGE PACKAGE="/Game/BluePrints/IA/Tasks/BTD_UpdateRoute" FILE="../../../../../Github/Motors-Jocs-II/MyProject/Content/BluePrints/IA/Tasks/BTD_UpdateRoute.uasset" SILENT=true
[2018.02.28-15.36.51:593][392]LogSavePackage: Save=7.28ms
[2018.02.28-15.36.51:593][392]LogSavePackage: Moving '../../../../../Github/Motors-Jocs-II/MyProject/Saved/BTD_UpdateRoute078D7D554876EEF2074407A4AAF3CF09.tmp' to '../../../../../Github/Motors-Jocs-II/MyProject/Content/BluePrints/IA/Tasks/BTD_UpdateRoute.uasset'
[2018.02.28-15.36.51:605][392]LogSavePackage: Display: Finished SavePackage ../../../../../Github/Motors-Jocs-II/MyProject/Content/BluePrints/IA/Tasks/BTD_UpdateRoute.uasset
[2018.02.28-15.36.52:881][465]Cmd: OBJ SAVEPACKAGE PACKAGE="/Game/BluePrints/IA/Update_path" FILE="../../../../../Github/Motors-Jocs-II/MyProject/Content/BluePrints/IA/Update_path.uasset" SILENT=true
[2018.02.28-15.36.52:890][465]LogSavePackage: Save=6.05ms
[2018.02.28-15.36.52:890][465]LogSavePackage: Moving '../../../../../Github/Motors-Jocs-II/MyProject/Saved/Update_pathC3004ED149933445783D86B0660BE542.tmp' to '../../../../../Github/Motors-Jocs-II/MyProject/Content/BluePrints/IA/Update_path.uasset'
[2018.02.28-15.36.52:895][465]LogSavePackage: Display: Finished SavePackage ../../../../../Github/Motors-Jocs-II/MyProject/Content/BluePrints/IA/Update_path.uasset
[2018.02.28-15.36.55:987][629]Cmd: OBJ SAVEPACKAGE PACKAGE="/Game/Assets/3DModels/IABotTest" FILE="../../../../../Github/Motors-Jocs-II/MyProject/Content/Assets/3DModels/IABotTest.uasset" SILENT=true
[2018.02.28-15.36.56:011][629]LogSavePackage: Save=20.85ms
[2018.02.28-15.36.56:012][629]LogSavePackage: Moving '../../../../../Github/Motors-Jocs-II/MyProject/Saved/IABotTest61176BFB4825ECD9ADC782BAECBECDA4.tmp' to '../../../../../Github/Motors-Jocs-II/MyProject/Content/Assets/3DModels/IABotTest.uasset'
[2018.02.28-15.36.56:014][629]LogSavePackage: Display: Finished SavePackage ../../../../../Github/Motors-Jocs-II/MyProject/Content/Assets/3DModels/IABotTest.uasset
[2018.02.28-15.37.46:405][870]Cmd: OBJ SAVEPACKAGE PACKAGE="/Game/BluePrints/IA/BotTree" FILE="../../../../../Github/Motors-Jocs-II/MyProject/Content/BluePrints/IA/BotTree.uasset" SILENT=true
[2018.02.28-15.37.46:421][870]LogSavePackage: Save=8.24ms
[2018.02.28-15.37.46:421][870]LogSavePackage: Moving '../../../../../Github/Motors-Jocs-II/MyProject/Saved/BotTree1002EAAF44E783E6F1DF758984F28559.tmp' to '../../../../../Github/Motors-Jocs-II/MyProject/Content/BluePrints/IA/BotTree.uasset'
[2018.02.28-15.37.46:443][870]LogSavePackage: Display: Finished SavePackage ../../../../../Github/Motors-Jocs-II/MyProject/Content/BluePrints/IA/BotTree.uasset
[2018.02.28-15.37.46:448][870]Cmd: OBJ SAVEPACKAGE PACKAGE="/Game/BluePrints/IA/BotBlackBoard" FILE="../../../../../Github/Motors-Jocs-II/MyProject/Content/BluePrints/IA/BotBlackBoard.uasset" SILENT=true
[2018.02.28-15.37.46:451][870]LogSavePackage: Save=1.67ms
[2018.02.28-15.37.46:451][870]LogSavePackage: Moving '../../../../../Github/Motors-Jocs-II/MyProject/Saved/BotBlackBoardCE46861748CA4C018EC523B9AFD493D9.tmp' to '../../../../../Github/Motors-Jocs-II/MyProject/Content/BluePrints/IA/BotBlackBoard.uasset'
[2018.02.28-15.37.46:453][870]LogSavePackage: Display: Finished SavePackage ../../../../../Github/Motors-Jocs-II/MyProject/Content/BluePrints/IA/BotBlackBoard.uasset
[2018.02.28-15.43.51:110][397]LogFileHelpers: Editor autosave (incl. sublevels) for '/Game/Levels/TestLevels/IATest' took 0.038
[2018.02.28-15.43.51:112][397]OBJ SavePackage: Generating thumbnails for [1] asset(s) in package [/Game/Assets/3DModels/IABotTest] ([1] browsable assets)...
[2018.02.28-15.43.51:135][397]OBJ SavePackage:     Rendered thumbnail for [Blueprint /Game/Assets/3DModels/IABotTest.IABotTest]
[2018.02.28-15.43.51:135][397]OBJ SavePackage: Finished generating thumbnails for package [/Game/Assets/3DModels/IABotTest]
[2018.02.28-15.43.51:169][397]LogSavePackage: Save=30.92ms
[2018.02.28-15.43.51:169][397]LogSavePackage: Moving '../../../../../Github/Motors-Jocs-II/MyProject/Saved/IABotTest_Auto2FEC440A74369D05022A2E086AA2BF94A.tmp' to '../../../../../Github/Motors-Jocs-II/MyProject/Saved/Autosaves/Game/Assets/3DModels/IABotTest_Auto2.uasset'
[2018.02.28-15.43.51:172][397]LogSavePackage: Display: Finished SavePackage ../../../../../Github/Motors-Jocs-II/MyProject/Saved/Autosaves/Game/Assets/3DModels/IABotTest_Auto2.uasset
[2018.02.28-15.43.51:172][397]OBJ SavePackage: Generating thumbnails for [0] asset(s) in package [/Game/BluePrints/IA/BotTree] ([1] browsable assets)...
[2018.02.28-15.43.51:172][397]OBJ SavePackage: Finished generating thumbnails for package [/Game/BluePrints/IA/BotTree]
[2018.02.28-15.43.51:172][397]Cmd: OBJ SAVEPACKAGE PACKAGE="/Game/BluePrints/IA/BotTree" FILE="../../../../../Github/Motors-Jocs-II/MyProject/Saved/Autosaves/Game/BluePrints/IA/BotTree_Auto2.uasset" SILENT=false AUTOSAVING=true
[2018.02.28-15.43.51:200][397]LogSavePackage: Save=24.32ms
[2018.02.28-15.43.51:200][397]LogSavePackage: Moving '../../../../../Github/Motors-Jocs-II/MyProject/Saved/BotTree_Auto20C5AEEA3460DFE9E1F5472BF1FF5271D.tmp' to '../../../../../Github/Motors-Jocs-II/MyProject/Saved/Autosaves/Game/BluePrints/IA/BotTree_Auto2.uasset'
[2018.02.28-15.43.51:201][397]LogSavePackage: Display: Finished SavePackage ../../../../../Github/Motors-Jocs-II/MyProject/Saved/Autosaves/Game/BluePrints/IA/BotTree_Auto2.uasset
[2018.02.28-15.43.51:202][397]OBJ SavePackage: Generating thumbnails for [0] asset(s) in package [/Game/BluePrints/IA/Tasks/BTT_NextRoute] ([1] browsable assets)...
[2018.02.28-15.43.51:202][397]OBJ SavePackage: Finished generating thumbnails for package [/Game/BluePrints/IA/Tasks/BTT_NextRoute]
[2018.02.28-15.43.51:224][397]LogSavePackage: Save=19.67ms
[2018.02.28-15.43.51:224][397]LogSavePackage: Moving '../../../../../Github/Motors-Jocs-II/MyProject/Saved/BTT_NextRoute_Auto27E8EA9C64AF8A8C80DEB918C483CB437.tmp' to '../../../../../Github/Motors-Jocs-II/MyProject/Saved/Autosaves/Game/BluePrints/IA/Tasks/BTT_NextRoute_Auto2.uasset'
[2018.02.28-15.43.51:225][397]LogSavePackage: Display: Finished SavePackage ../../../../../Github/Motors-Jocs-II/MyProject/Saved/Autosaves/Game/BluePrints/IA/Tasks/BTT_NextRoute_Auto2.uasset
[2018.02.28-15.43.51:225][397]LogFileHelpers: Auto-saving content packages took 0.114
[2018.02.28-15.54.24:440][918]LogFileHelpers: Editor autosave (incl. sublevels) for '/Game/Levels/TestLevels/IATest' took 0.034
[2018.02.28-15.54.24:445][918]OBJ SavePackage: Generating thumbnails for [0] asset(s) in package [/Game/BluePrints/IA/BotTree] ([1] browsable assets)...
[2018.02.28-15.54.24:445][918]OBJ SavePackage: Finished generating thumbnails for package [/Game/BluePrints/IA/BotTree]
[2018.02.28-15.54.24:445][918]Cmd: OBJ SAVEPACKAGE PACKAGE="/Game/BluePrints/IA/BotTree" FILE="../../../../../Github/Motors-Jocs-II/MyProject/Saved/Autosaves/Game/BluePrints/IA/BotTree_Auto3.uasset" SILENT=false AUTOSAVING=true
[2018.02.28-15.54.24:481][918]LogSavePackage: Save=28.97ms
[2018.02.28-15.54.24:481][918]LogSavePackage: Moving '../../../../../Github/Motors-Jocs-II/MyProject/Saved/BotTree_Auto308035A7F41ACB03F19BFEC9CD46AFE93.tmp' to '../../../../../Github/Motors-Jocs-II/MyProject/Saved/Autosaves/Game/BluePrints/IA/BotTree_Auto3.uasset'
[2018.02.28-15.54.24:482][918]LogSavePackage: Display: Finished SavePackage ../../../../../Github/Motors-Jocs-II/MyProject/Saved/Autosaves/Game/BluePrints/IA/BotTree_Auto3.uasset
[2018.02.28-15.54.24:483][918]OBJ SavePackage: Generating thumbnails for [0] asset(s) in package [/Game/BluePrints/IA/Tasks/BTT_NextRoute] ([1] browsable assets)...
[2018.02.28-15.54.24:483][918]OBJ SavePackage: Finished generating thumbnails for package [/Game/BluePrints/IA/Tasks/BTT_NextRoute]
[2018.02.28-15.54.24:501][918]LogSavePackage: Save=14.66ms
[2018.02.28-15.54.24:501][918]LogSavePackage: Moving '../../../../../Github/Motors-Jocs-II/MyProject/Saved/BTT_NextRoute_Auto315D3450047D7DE20E5B3248D4953DD37.tmp' to '../../../../../Github/Motors-Jocs-II/MyProject/Saved/Autosaves/Game/BluePrints/IA/Tasks/BTT_NextRoute_Auto3.uasset'
[2018.02.28-15.54.24:509][918]LogSavePackage: Display: Finished SavePackage ../../../../../Github/Motors-Jocs-II/MyProject/Saved/Autosaves/Game/BluePrints/IA/Tasks/BTT_NextRoute_Auto3.uasset
[2018.02.28-15.54.24:510][918]LogFileHelpers: Auto-saving content packages took 0.069
[2018.02.28-16.00.37:444][684]LogSlate: Took 0.016124 seconds to synchronously load lazily loaded font '../../../Engine/Content/Editor/Slate/Fonts/Roboto-BoldCondensedItalic.ttf' (160K)
[2018.02.28-16.03.28:627][585]LogEditorViewport: Clicking on Actor (LMB): StaticMeshActor (Cube)
[2018.02.28-16.03.56:746][500]Cmd: TRANSACTION UNDO
[2018.02.28-16.03.56:746][500]LogEditorTransaction: Undo Clicking on Actors
[2018.02.28-16.03.57:189][513]Cmd: TRANSACTION UNDO
[2018.02.28-16.03.57:189][513]LogEditorTransaction: Undo Edit Entry Name
[2018.02.28-16.05.11:264][725]LogFileHelpers: Editor autosave (incl. sublevels) for '/Game/Levels/TestLevels/IATest' took 0.044
[2018.02.28-16.05.11:266][725]OBJ SavePackage: Generating thumbnails for [0] asset(s) in package [/Game/BluePrints/IA/BotBlackBoard] ([1] browsable assets)...
[2018.02.28-16.05.11:266][725]OBJ SavePackage: Finished generating thumbnails for package [/Game/BluePrints/IA/BotBlackBoard]
[2018.02.28-16.05.11:270][725]LogSavePackage: Save=1.76ms
[2018.02.28-16.05.11:270][725]LogSavePackage: Moving '../../../../../Github/Motors-Jocs-II/MyProject/Saved/BotBlackBoard_Auto48954FD644EDCEA97F7E8F3BB8C13C226.tmp' to '../../../../../Github/Motors-Jocs-II/MyProject/Saved/Autosaves/Game/BluePrints/IA/BotBlackBoard_Auto4.uasset'
[2018.02.28-16.05.11:271][725]LogSavePackage: Display: Finished SavePackage ../../../../../Github/Motors-Jocs-II/MyProject/Saved/Autosaves/Game/BluePrints/IA/BotBlackBoard_Auto4.uasset
[2018.02.28-16.05.11:272][725]OBJ SavePackage: Generating thumbnails for [0] asset(s) in package [/Game/BluePrints/IA/Tasks/BTT_NextRoute] ([1] browsable assets)...
[2018.02.28-16.05.11:272][725]OBJ SavePackage: Finished generating thumbnails for package [/Game/BluePrints/IA/Tasks/BTT_NextRoute]
[2018.02.28-16.05.11:312][725]LogSavePackage: Save=12.20ms
[2018.02.28-16.05.11:312][725]LogSavePackage: Moving '../../../../../Github/Motors-Jocs-II/MyProject/Saved/BTT_NextRoute_Auto4DF9D858F48A5E99C499BB78DF1270A38.tmp' to '../../../../../Github/Motors-Jocs-II/MyProject/Saved/Autosaves/Game/BluePrints/IA/Tasks/BTT_NextRoute_Auto4.uasset'
[2018.02.28-16.05.11:313][725]LogSavePackage: Display: Finished SavePackage ../../../../../Github/Motors-Jocs-II/MyProject/Saved/Autosaves/Game/BluePrints/IA/Tasks/BTT_NextRoute_Auto4.uasset
[2018.02.28-16.05.11:313][725]LogFileHelpers: Auto-saving content packages took 0.048
[2018.02.28-16.12.06:056][ 57]BlueprintLog: New page: Compile IABotTest
[2018.02.28-16.12.06:081][ 57]LogBlueprint: Error: [Compiler IABotTest] The type of  Array  is undetermined.  Connect something to  ForEachLoop  to imply a specific type.
[2018.02.28-16.12.06:082][ 57]LogBlueprint: Error: [Compiler IABotTest] The type of  Target Array  is undetermined.  Connect something to  Length  to imply a specific type.
[2018.02.28-16.12.07:270][ 57]LogBlueprint: Warning: [Compiler IABotTest] [3190.69] Compile of IABotTest failed. 2 Fatal Issue(s) 0 Warning(s) [in 1,214 ms] (/Game/Assets/3DModels/IABotTest.IABotTest)
[2018.02.28-16.12.09:594][168]BlueprintLog: New page: Compile IABotTest
[2018.02.28-16.15.11:543][807]BlueprintLog: New page: Compile IABotTest
[2018.02.28-16.15.13:683][870]Cmd: OBJ SAVEPACKAGE PACKAGE="/Game/Assets/3DModels/IABotTest" FILE="../../../../../Github/Motors-Jocs-II/MyProject/Content/Assets/3DModels/IABotTest.uasset" SILENT=true
[2018.02.28-16.15.13:713][870]LogSavePackage: Save=26.73ms
[2018.02.28-16.15.13:713][870]LogSavePackage: Moving '../../../../../Github/Motors-Jocs-II/MyProject/Saved/IABotTestC60721E24F98E861AC85378178B05560.tmp' to '../../../../../Github/Motors-Jocs-II/MyProject/Content/Assets/3DModels/IABotTest.uasset'
[2018.02.28-16.15.13:715][870]LogSavePackage: Display: Finished SavePackage ../../../../../Github/Motors-Jocs-II/MyProject/Content/Assets/3DModels/IABotTest.uasset
[2018.02.28-16.19.10:282][917]BlueprintLog: New page: Compile IABotTest
[2018.02.28-16.19.11:267][917]Cmd: OBJ SAVEPACKAGE PACKAGE="/Game/Assets/3DModels/IABotTest" FILE="../../../../../Github/Motors-Jocs-II/MyProject/Content/Assets/3DModels/IABotTest.uasset" SILENT=true
[2018.02.28-16.19.11:315][917]LogSavePackage: Save=45.66ms
[2018.02.28-16.19.11:315][917]LogSavePackage: Moving '../../../../../Github/Motors-Jocs-II/MyProject/Saved/IABotTest749CC0F841F3FF6A2B0AADBE0D631766.tmp' to '../../../../../Github/Motors-Jocs-II/MyProject/Content/Assets/3DModels/IABotTest.uasset'
[2018.02.28-16.19.11:317][917]LogSavePackage: Display: Finished SavePackage ../../../../../Github/Motors-Jocs-II/MyProject/Content/Assets/3DModels/IABotTest.uasset
[2018.02.28-16.20.23:407][912]Cmd: OBJ SAVEPACKAGE PACKAGE="/Game/Assets/3DModels/IABotTest" FILE="../../../../../Github/Motors-Jocs-II/MyProject/Content/Assets/3DModels/IABotTest.uasset" SILENT=true
[2018.02.28-16.20.23:467][912]LogSavePackage: Save=57.01ms
[2018.02.28-16.20.23:467][912]LogSavePackage: Moving '../../../../../Github/Motors-Jocs-II/MyProject/Saved/IABotTest9E772DA1402D28CACE1879833816BF5A.tmp' to '../../../../../Github/Motors-Jocs-II/MyProject/Content/Assets/3DModels/IABotTest.uasset'
[2018.02.28-16.20.23:468][912]LogSavePackage: Display: Finished SavePackage ../../../../../Github/Motors-Jocs-II/MyProject/Content/Assets/3DModels/IABotTest.uasset
[2018.02.28-16.25.48:035][748]BlueprintLog: New page: Compile BTT_NextRoute
[2018.02.28-16.25.48:064][748]LogClass: Warning: Type mismatch in MaxWaypoint of BTT_NextRoute_C - Previous (IntProperty) Current(StructProperty) for package:  FObjectReader
[2018.02.28-16.25.48:081][748]LogClass: Warning: Type mismatch in MaxWaypoint of BTT_NextRoute_C - Previous (IntProperty) Current(StructProperty) for package:  FObjectReader
[2018.02.28-16.25.48:081][748]LogClass: Warning: Type mismatch in MaxWaypoint of BTT_NextRoute_C - Previous (IntProperty) Current(StructProperty) for package:  FObjectReader
[2018.02.28-16.25.49:188][793]Cmd: OBJ SAVEPACKAGE PACKAGE="/Game/BluePrints/IA/Tasks/BTT_NextRoute" FILE="../../../../../Github/Motors-Jocs-II/MyProject/Content/BluePrints/IA/Tasks/BTT_NextRoute.uasset" SILENT=true
[2018.02.28-16.25.49:244][793]LogSavePackage: Save=51.87ms
[2018.02.28-16.25.49:244][793]LogSavePackage: Moving '../../../../../Github/Motors-Jocs-II/MyProject/Saved/BTT_NextRouteCF2066314F91EAB8F8C630BB92DDC996.tmp' to '../../../../../Github/Motors-Jocs-II/MyProject/Content/BluePrints/IA/Tasks/BTT_NextRoute.uasset'
[2018.02.28-16.25.49:246][793]LogSavePackage: Display: Finished SavePackage ../../../../../Github/Motors-Jocs-II/MyProject/Content/BluePrints/IA/Tasks/BTT_NextRoute.uasset
[2018.02.28-16.26.29:252][761]LogSavePackage: Save=24.17ms
[2018.02.28-16.26.29:252][761]LogSavePackage: Moving '../../../../../Github/Motors-Jocs-II/MyProject/Saved/IATest_Auto57891754B49E3598C80A48CB4A3050EA3.tmp' to '../../../../../Github/Motors-Jocs-II/MyProject/Saved/Autosaves/Game/Levels/TestLevels/IATest_Auto5.umap'
[2018.02.28-16.26.29:253][761]LogSavePackage: Display: Finished SavePackage ../../../../../Github/Motors-Jocs-II/MyProject/Saved/Autosaves/Game/Levels/TestLevels/IATest_Auto5.umap
[2018.02.28-16.26.29:255][761]LogFileHelpers: Editor autosave (incl. sublevels) for '/Game/Levels/TestLevels/IATest' took 0.067
[2018.02.28-16.26.29:255][761]LogFileHelpers: Editor autosave (incl. sublevels) for all levels took 0.067
[2018.02.28-16.26.29:257][761]OBJ SavePackage: Generating thumbnails for [0] asset(s) in package [/Game/BluePrints/IA/BotBlackBoard] ([1] browsable assets)...
[2018.02.28-16.26.29:257][761]OBJ SavePackage: Finished generating thumbnails for package [/Game/BluePrints/IA/BotBlackBoard]
[2018.02.28-16.26.29:261][761]LogSavePackage: Save=1.60ms
[2018.02.28-16.26.29:261][761]LogSavePackage: Moving '../../../../../Github/Motors-Jocs-II/MyProject/Saved/BotBlackBoard_Auto5E1FE943E4A0C00D8257095979325ABF9.tmp' to '../../../../../Github/Motors-Jocs-II/MyProject/Saved/Autosaves/Game/BluePrints/IA/BotBlackBoard_Auto5.uasset'
[2018.02.28-16.26.29:262][761]LogSavePackage: Display: Finished SavePackage ../../../../../Github/Motors-Jocs-II/MyProject/Saved/Autosaves/Game/BluePrints/IA/BotBlackBoard_Auto5.uasset
[2018.02.28-16.26.29:262][761]LogFileHelpers: Auto-saving content packages took 0.006
[2018.02.28-16.41.02:958][600]BlueprintLog: New page: Compile BTT_NextRoute
[2018.02.28-16.42.13:196][157]Cmd: OBJ SAVEPACKAGE PACKAGE="/Game/BluePrints/IA/BotTree" FILE="../../../../../Github/Motors-Jocs-II/MyProject/Content/BluePrints/IA/BotTree.uasset" SILENT=true
[2018.02.28-16.42.13:209][157]LogSavePackage: Save=9.71ms
[2018.02.28-16.42.13:209][157]LogSavePackage: Moving '../../../../../Github/Motors-Jocs-II/MyProject/Saved/BotTree78300C6448BB597F454B4F9C2FC42C04.tmp' to '../../../../../Github/Motors-Jocs-II/MyProject/Content/BluePrints/IA/BotTree.uasset'
[2018.02.28-16.42.13:211][157]LogSavePackage: Display: Finished SavePackage ../../../../../Github/Motors-Jocs-II/MyProject/Content/BluePrints/IA/BotTree.uasset
[2018.02.28-16.42.13:216][157]Cmd: OBJ SAVEPACKAGE PACKAGE="/Game/BluePrints/IA/BotBlackBoard" FILE="../../../../../Github/Motors-Jocs-II/MyProject/Content/BluePrints/IA/BotBlackBoard.uasset" SILENT=true
[2018.02.28-16.42.13:225][157]LogSavePackage: Save=4.44ms
[2018.02.28-16.42.13:225][157]LogSavePackage: Moving '../../../../../Github/Motors-Jocs-II/MyProject/Saved/BotBlackBoard55A3931A42A1129881CB34AC724FB874.tmp' to '../../../../../Github/Motors-Jocs-II/MyProject/Content/BluePrints/IA/BotBlackBoard.uasset'
[2018.02.28-16.42.13:226][157]LogSavePackage: Display: Finished SavePackage ../../../../../Github/Motors-Jocs-II/MyProject/Content/BluePrints/IA/BotBlackBoard.uasset
[2018.02.28-16.43.05:164][953]LogActorComponent: UnregisterComponent: (/Engine/Transient.EditorFloorComp) Not registered. Aborting.
[2018.02.28-16.43.10:197][  7]Cmd: OBJ SAVEPACKAGE PACKAGE="/Game/Assets/3DModels/IABotTest" FILE="../../../../../Github/Motors-Jocs-II/MyProject/Content/Assets/3DModels/IABotTest.uasset" SILENT=true
[2018.02.28-16.43.10:255][  7]LogSavePackage: Save=54.48ms
[2018.02.28-16.43.10:255][  7]LogSavePackage: Moving '../../../../../Github/Motors-Jocs-II/MyProject/Saved/IABotTest0A1F12C142BD28D8B1EBE5AFBDA8F261.tmp' to '../../../../../Github/Motors-Jocs-II/MyProject/Content/Assets/3DModels/IABotTest.uasset'
[2018.02.28-16.43.10:257][  7]LogSavePackage: Display: Finished SavePackage ../../../../../Github/Motors-Jocs-II/MyProject/Content/Assets/3DModels/IABotTest.uasset
[2018.02.28-16.43.10:262][  7]Cmd: OBJ SAVEPACKAGE PACKAGE="/Game/BluePrints/IA/BotTree" FILE="../../../../../Github/Motors-Jocs-II/MyProject/Content/BluePrints/IA/BotTree.uasset" SILENT=true
[2018.02.28-16.43.10:272][  7]LogSavePackage: Save=7.58ms
[2018.02.28-16.43.10:272][  7]LogSavePackage: Moving '../../../../../Github/Motors-Jocs-II/MyProject/Saved/BotTree46EE376D43E47CE547FC82B7248BD55D.tmp' to '../../../../../Github/Motors-Jocs-II/MyProject/Content/BluePrints/IA/BotTree.uasset'
[2018.02.28-16.43.10:274][  7]LogSavePackage: Display: Finished SavePackage ../../../../../Github/Motors-Jocs-II/MyProject/Content/BluePrints/IA/BotTree.uasset
[2018.02.28-16.43.10:280][  7]Cmd: OBJ SAVEPACKAGE PACKAGE="/Game/BluePrints/IA/Tasks/BTT_NextRoute" FILE="../../../../../Github/Motors-Jocs-II/MyProject/Content/BluePrints/IA/Tasks/BTT_NextRoute.uasset" SILENT=true
[2018.02.28-16.43.10:337][  7]LogSavePackage: Save=51.95ms
[2018.02.28-16.43.10:337][  7]LogSavePackage: Moving '../../../../../Github/Motors-Jocs-II/MyProject/Saved/BTT_NextRoute45E5C4084FB9B989AF51398D0BB87B31.tmp' to '../../../../../Github/Motors-Jocs-II/MyProject/Content/BluePrints/IA/Tasks/BTT_NextRoute.uasset'
[2018.02.28-16.43.10:339][  7]LogSavePackage: Display: Finished SavePackage ../../../../../Github/Motors-Jocs-II/MyProject/Content/BluePrints/IA/Tasks/BTT_NextRoute.uasset
[2018.02.28-16.43.11:117][  7]Cmd: OBJ SAVEPACKAGE PACKAGE="/Game/Levels/TestLevels/IATest" FILE="../../../../../Github/Motors-Jocs-II/MyProject/Content/Levels/TestLevels/IATest.umap" SILENT=true AUTOSAVING=false KEEPDIRTY=false
[2018.02.28-16.43.11:180][  7]LogSavePackage: Save=31.33ms
[2018.02.28-16.43.11:180][  7]LogSavePackage: Moving '../../../../../Github/Motors-Jocs-II/MyProject/Saved/IATest0F486814464B2AB50A01FABFBADD5F1C.tmp' to '../../../../../Github/Motors-Jocs-II/MyProject/Content/Levels/TestLevels/IATest.umap'
[2018.02.28-16.43.11:200][  7]LogSavePackage: Display: Finished SavePackage ../../../../../Github/Motors-Jocs-II/MyProject/Content/Levels/TestLevels/IATest.umap
[2018.02.28-16.43.11:229][  7]LogFileHelpers: Saving map 'IATest' took 0.864
[2018.02.28-16.43.11:329][  7]LogWindowsTextInputMethodSystem: Display: IME system now deactivated.
[2018.02.28-16.43.11:640][  8]Cmd: QUIT_EDITOR
[2018.02.28-16.43.11:690][  8]LogExit: Preparing to exit.
[2018.02.28-16.43.12:180][  8]LogDirectoryWatcher: A directory notification failed for 'D:/Github/Motors-Jocs-II/MyProject/Content/', and we were unable to create a new request.
[2018.02.28-16.43.12:238][  8]LogExit: Editor shut down
[2018.02.28-16.43.12:249][  8]LogExit: Transaction tracking system shut down
[2018.02.28-16.43.12:406][  8]LogDirectoryWatcher: A directory notification for '../../../Engine/Content/' was aborted.
[2018.02.28-16.43.12:406][  8]LogDirectoryWatcher: A directory notification for '../../../../../Github/Motors-Jocs-II/MyProject/Content/' was aborted.
[2018.02.28-16.43.12:406][  8]LogDirectoryWatcher: A directory notification for '../../../Engine/Plugins/2D/Paper2D/Content/' was aborted.
[2018.02.28-16.43.12:406][  8]LogDirectoryWatcher: A directory notification for '../../../Engine/Plugins/Media/MediaCompositing/Content/' was aborted.
[2018.02.28-16.43.12:406][  8]LogDirectoryWatcher: A directory notification for '../../../Engine/Plugins/Runtime/AppleARKit/Content/' was aborted.
[2018.02.28-16.43.12:407][  8]LogDirectoryWatcher: A directory notification for '../../../Engine/Plugins/Runtime/Oculus/OculusVR/Content/' was aborted.
[2018.02.28-16.43.12:407][  8]LogDirectoryWatcher: A directory notification for '../../../Engine/Plugins/Runtime/Steam/SteamVR/Content/' was aborted.
[2018.02.28-16.43.12:539][  8]LogExit: Object subsystem successfully closed.
[2018.02.28-16.43.12:569][  8]LogD3D11RHI: Shutdown
[2018.02.28-16.43.12:569][  8]LogD3D11RHI: CleanupD3DDevice
[2018.02.28-16.43.12:572][  8]LogD3D11RHI: ~FD3D11DynamicRHI
[2018.02.28-16.43.12:583][  8]LogModuleManager: Shutting down and abandoning module BlueprintGraph (552)
[2018.02.28-16.43.12:583][  8]LogModuleManager: Shutting down and abandoning module HierarchicalLODOutliner (550)
[2018.02.28-16.43.12:583][  8]LogModuleManager: Shutting down and abandoning module SceneOutliner (548)
[2018.02.28-16.43.12:583][  8]LogModuleManager: Shutting down and abandoning module AddContentDialog (546)
[2018.02.28-16.43.12:583][  8]LogDirectoryWatcher: A directory notification for 'D:/Unreal/UE_4.18/FeaturePacks/' was aborted.
[2018.02.28-16.43.12:584][  8]LogModuleManager: Shutting down and abandoning module WidgetCarousel (545)
[2018.02.28-16.43.12:584][  8]LogModuleManager: Shutting down and abandoning module EditorWidgets (542)
[2018.02.28-16.43.12:584][  8]LogModuleManager: Shutting down and abandoning module CollectionManager (540)
[2018.02.28-16.43.12:584][  8]LogDirectoryWatcher: A directory notification for 'D:/Github/Motors-Jocs-II/MyProject/Content/Collections/' was aborted.
[2018.02.28-16.43.12:585][  8]LogDirectoryWatcher: A directory notification for 'D:/Github/Motors-Jocs-II/MyProject/Content/Developers/Aleix/Collections/' was aborted.
[2018.02.28-16.43.12:585][  8]LogDirectoryWatcher: A directory notification for 'D:/Github/Motors-Jocs-II/MyProject/Saved/Collections/' was aborted.
[2018.02.28-16.43.12:586][  8]LogModuleManager: Shutting down and abandoning module HierarchicalLODUtilities (538)
[2018.02.28-16.43.12:586][  8]LogModuleManager: Shutting down and abandoning module StatsViewer (536)
[2018.02.28-16.43.12:586][  8]LogModuleManager: Shutting down and abandoning module FoliageEdit (534)
[2018.02.28-16.43.12:586][  8]LogModuleManager: Shutting down and abandoning module LandscapeEditor (532)
[2018.02.28-16.43.12:587][  8]LogModuleManager: Shutting down and abandoning module MeshPaintMode (530)
[2018.02.28-16.43.12:587][  8]LogModuleManager: Shutting down and abandoning module SceneDepthPickerMode (528)
[2018.02.28-16.43.12:587][  8]LogModuleManager: Shutting down and abandoning module ActorPickerMode (526)
[2018.02.28-16.43.12:587][  8]LogModuleManager: Shutting down and abandoning module GeometryMode (524)
[2018.02.28-16.43.12:587][  8]LogModuleManager: Shutting down and abandoning module TextureAlignMode (522)
[2018.02.28-16.43.12:587][  8]LogModuleManager: Shutting down and abandoning module BspMode (520)
[2018.02.28-16.43.12:587][  8]LogModuleManager: Shutting down and abandoning module PIEPreviewDeviceProfileSelector (518)
[2018.02.28-16.43.12:587][  8]LogModuleManager: Shutting down and abandoning module HardwareSurvey (516)
[2018.02.28-16.43.12:587][  8]LogModuleManager: Shutting down and abandoning module SequenceRecorderSections (514)
[2018.02.28-16.43.12:587][  8]LogModuleManager: Shutting down and abandoning module AutomationWorker (512)
[2018.02.28-16.43.12:588][  8]LogModuleManager: Shutting down and abandoning module MatineeToLevelSequence (510)
[2018.02.28-16.43.12:588][  8]LogModuleManager: Shutting down and abandoning module LevelSequenceEditor (508)
[2018.02.28-16.43.12:588][  8]LogModuleManager: Shutting down and abandoning module PlacementMode (507)
[2018.02.28-16.43.12:588][  8]LogModuleManager: Shutting down and abandoning module WmfMediaFactory (504)
[2018.02.28-16.43.12:588][  8]LogModuleManager: Shutting down and abandoning module WmfMediaEditor (502)
[2018.02.28-16.43.12:588][  8]LogModuleManager: Shutting down and abandoning module OpenExrWrapper (500)
[2018.02.28-16.43.12:588][  8]LogModuleManager: Shutting down and abandoning module ImgMediaFactory (498)
[2018.02.28-16.43.12:589][  8]LogModuleManager: Shutting down and abandoning module ImgMediaEditor (496)
[2018.02.28-16.43.12:589][  8]LogModuleManager: Shutting down and abandoning module AvfMediaFactory (494)
[2018.02.28-16.43.12:589][  8]LogModuleManager: Shutting down and abandoning module AvfMediaEditor (492)
[2018.02.28-16.43.12:589][  8]LogModuleManager: Shutting down and abandoning module AndroidMediaFactory (490)
[2018.02.28-16.43.12:589][  8]LogModuleManager: Shutting down and abandoning module AndroidMediaEditor (488)
[2018.02.28-16.43.12:589][  8]LogModuleManager: Shutting down and abandoning module CharacterAI (486)
[2018.02.28-16.43.12:589][  8]LogModuleManager: Shutting down and abandoning module AudioCapture (484)
[2018.02.28-16.43.12:589][  8]LogModuleManager: Shutting down and abandoning module SequenceRecorder (483)
[2018.02.28-16.43.12:589][  8]LogModuleManager: Shutting down and abandoning module SmartSnapping (480)
[2018.02.28-16.43.12:589][  8]LogModuleManager: Shutting down and abandoning module SessionServices (478)
[2018.02.28-16.43.12:590][  8]LogModuleManager: Shutting down and abandoning module ViewportSnapping (476)
[2018.02.28-16.43.12:590][  8]LogModuleManager: Shutting down and abandoning module ViewportInteraction (474)
[2018.02.28-16.43.12:590][  8]LogModuleManager: Shutting down and abandoning module ClothPainter (472)
[2018.02.28-16.43.12:590][  8]LogModuleManager: Shutting down and abandoning module SkeletalMeshEditor (471)
[2018.02.28-16.43.12:590][  8]LogModuleManager: Shutting down and abandoning module LogVisualizer (468)
[2018.02.28-16.43.12:590][  8]LogModuleManager: Shutting down and abandoning module IntroTutorials (466)
[2018.02.28-16.43.12:590][  8]LogModuleManager: Shutting down and abandoning module GameProjectGeneration (465)
[2018.02.28-16.43.12:591][  8]LogModuleManager: Shutting down and abandoning module IOSPlatformEditor (462)
[2018.02.28-16.43.12:591][  8]LogModuleManager: Shutting down and abandoning module HTML5PlatformEditor (460)
[2018.02.28-16.43.12:591][  8]LogModuleManager: Shutting down and abandoning module AndroidPlatformEditor (458)
[2018.02.28-16.43.12:591][  8]LogModuleManager: Shutting down and abandoning module AndroidDeviceDetection (457)
[2018.02.28-16.43.13:266][  8]LogModuleManager: Shutting down and abandoning module WindowsPlatformEditor (454)
[2018.02.28-16.43.13:267][  8]LogModuleManager: Shutting down and abandoning module IOSRuntimeSettings (452)
[2018.02.28-16.43.13:267][  8]LogModuleManager: Shutting down and abandoning module AndroidRuntimeSettings (450)
[2018.02.28-16.43.13:267][  8]LogModuleManager: Shutting down and abandoning module InputBindingEditor (448)
[2018.02.28-16.43.13:267][  8]LogModuleManager: Shutting down and abandoning module MergeActors (446)
[2018.02.28-16.43.13:267][  8]LogModuleManager: Shutting down and abandoning module SizeMap (444)
[2018.02.28-16.43.13:267][  8]LogModuleManager: Shutting down and abandoning module TreeMap (442)
[2018.02.28-16.43.13:267][  8]LogModuleManager: Shutting down and abandoning module ReferenceViewer (440)
[2018.02.28-16.43.13:267][  8]LogModuleManager: Shutting down and abandoning module LocalizationDashboard (438)
[2018.02.28-16.43.13:267][  8]LogModuleManager: Shutting down and abandoning module LocalizationService (437)
[2018.02.28-16.43.13:267][  8]LogModuleManager: Shutting down and abandoning module HardwareTargeting (434)
[2018.02.28-16.43.13:267][  8]LogModuleManager: Shutting down and abandoning module DeviceProfileEditor (432)
[2018.02.28-16.43.13:267][  8]LogModuleManager: Shutting down and abandoning module UndoHistory (430)
[2018.02.28-16.43.13:267][  8]LogModuleManager: Shutting down and abandoning module XmlParser (428)
[2018.02.28-16.43.13:267][  8]LogModuleManager: Shutting down and abandoning module Blutility (426)
[2018.02.28-16.43.13:267][  8]LogModuleManager: Shutting down and abandoning module ProjectSettingsViewer (424)
[2018.02.28-16.43.13:267][  8]LogModuleManager: Shutting down and abandoning module ProjectTargetPlatformEditor (423)
[2018.02.28-16.43.13:267][  8]LogModuleManager: Shutting down and abandoning module EditorSettingsViewer (420)
[2018.02.28-16.43.13:267][  8]LogModuleManager: Shutting down and abandoning module SettingsEditor (418)
[2018.02.28-16.43.13:267][  8]LogModuleManager: Shutting down and abandoning module ProjectLauncher (416)
[2018.02.28-16.43.13:268][  8]LogModuleManager: Shutting down and abandoning module SessionFrontend (414)
[2018.02.28-16.43.13:268][  8]LogModuleManager: Shutting down and abandoning module ProfilerClient (412)
[2018.02.28-16.43.13:268][  8]LogModuleManager: Shutting down and abandoning module DeviceManager (410)
[2018.02.28-16.43.13:268][  8]LogModuleManager: Shutting down and abandoning module TargetDeviceServices (409)
[2018.02.28-16.43.13:324][  8]LogModuleManager: Shutting down and abandoning module AutomationController (406)
[2018.02.28-16.43.13:324][  8]LogModuleManager: Shutting down and abandoning module AutomationWindow (404)
[2018.02.28-16.43.13:324][  8]LogModuleManager: Shutting down and abandoning module Layers (402)
[2018.02.28-16.43.13:324][  8]LogModuleManager: Shutting down and abandoning module ComponentVisualizers (400)
[2018.02.28-16.43.13:324][  8]LogModuleManager: Shutting down and abandoning module DetailCustomizations (398)
[2018.02.28-16.43.13:324][  8]LogModuleManager: Shutting down and abandoning module PackagesDialog (396)
[2018.02.28-16.43.13:324][  8]LogModuleManager: Shutting down and abandoning module Persona (394)
[2018.02.28-16.43.13:324][  8]LogModuleManager: Shutting down and abandoning module AdvancedPreviewScene (393)
[2018.02.28-16.43.13:324][  8]LogModuleManager: Shutting down and abandoning module AnimGraph (391)
[2018.02.28-16.43.13:324][  8]LogModuleManager: Shutting down and abandoning module Kismet (388)
[2018.02.28-16.43.13:334][  8]LogModuleManager: Shutting down and abandoning module ClassViewer (386)
[2018.02.28-16.43.13:336][  8]LogModuleManager: Shutting down and abandoning module Toolbox (384)
[2018.02.28-16.43.13:336][  8]LogModuleManager: Shutting down and abandoning module ModuleUI (382)
[2018.02.28-16.43.13:336][  8]LogModuleManager: Shutting down and abandoning module MovieSceneTools (380)
[2018.02.28-16.43.13:336][  8]LogModuleManager: Shutting down and abandoning module OutputLog (378)
[2018.02.28-16.43.13:336][  8]LogModuleManager: Shutting down and abandoning module GammaUI (376)
[2018.02.28-16.43.13:336][  8]LogModuleManager: Shutting down and abandoning module Documentation (374)
[2018.02.28-16.43.13:336][  8]LogModuleManager: Shutting down and abandoning module MovieSceneTracks (372)
[2018.02.28-16.43.13:336][  8]LogModuleManager: Shutting down and abandoning module MovieScene (370)
[2018.02.28-16.43.13:336][  8]LogModuleManager: Shutting down and abandoning module StreamingPauseRendering (368)
[2018.02.28-16.43.13:336][  8]LogModuleManager: Shutting down and abandoning module LauncherPlatform (366)
[2018.02.28-16.43.13:336][  8]LogModuleManager: Shutting down and abandoning module AnalyticsET (364)
[2018.02.28-16.43.13:336][  8]LogModuleManager: Shutting down and abandoning module PortalServices (362)
[2018.02.28-16.43.13:336][  8]LogModuleManager: Shutting down and abandoning module PortalRpc (360)
[2018.02.28-16.43.13:336][  8]LogModuleManager: Shutting down and abandoning module MessagingRpc (358)
[2018.02.28-16.43.13:337][  8]LogModuleManager: Shutting down and abandoning module AIModule (356)
[2018.02.28-16.43.13:337][  8]LogModuleManager: Shutting down and abandoning module GameplayDebugger (355)
[2018.02.28-16.43.13:337][  8]LogModuleManager: Shutting down and abandoning module AITestSuite (353)
[2018.02.28-16.43.13:337][  8]LogModuleManager: Shutting down and abandoning module DesktopPlatform (350)
[2018.02.28-16.43.13:337][  8]LogModuleManager: Shutting down and abandoning module ProfilerService (348)
[2018.02.28-16.43.13:441][  8]LogModuleManager: Shutting down and abandoning module TaskGraph (346)
[2018.02.28-16.43.13:441][  8]LogModuleManager: Shutting down and abandoning module SteamVRController (344)
[2018.02.28-16.43.13:441][  8]LogModuleManager: Shutting down and abandoning module ProceduralMeshComponentEditor (342)
[2018.02.28-16.43.13:441][  8]LogModuleManager: Shutting down and abandoning module ProceduralMeshComponent (340)
[2018.02.28-16.43.13:441][  8]LogModuleManager: Shutting down and abandoning module OculusInput (338)
[2018.02.28-16.43.13:441][  8]LogModuleManager: Shutting down and abandoning module MobilePatchingUtils (336)
[2018.02.28-16.43.13:441][  8]LogModuleManager: Shutting down and abandoning module CustomMeshComponent (334)
[2018.02.28-16.43.13:441][  8]LogModuleManager: Shutting down and abandoning module CableComponent (332)
[2018.02.28-16.43.13:441][  8]LogModuleManager: Shutting down and abandoning module ArchVisCharacter (330)
[2018.02.28-16.43.13:441][  8]LogModuleManager: Shutting down and abandoning module AndroidPermission (328)
[2018.02.28-16.43.13:441][  8]LogModuleManager: Shutting down and abandoning module ActorSequence (324)
[2018.02.28-16.43.13:442][  8]LogModuleManager: Shutting down and abandoning module MediaPlayerEditor (322)
[2018.02.28-16.43.13:442][  8]LogModuleManager: Shutting down and abandoning module MediaCompositingEditor (320)
[2018.02.28-16.43.13:442][  8]LogModuleManager: Shutting down and abandoning module MediaCompositing (318)
[2018.02.28-16.43.13:442][  8]LogModuleManager: Shutting down and abandoning module HTML5Networking (316)
[2018.02.28-16.43.13:442][  8]LogModuleManager: Shutting down and abandoning module AlembicImporter (314)
[2018.02.28-16.43.13:442][  8]LogModuleManager: Shutting down and abandoning module AlembicLibrary (313)
[2018.02.28-16.43.13:442][  8]LogModuleManager: Shutting down and abandoning module GeometryCache (312)
[2018.02.28-16.43.13:442][  8]LogModuleManager: Shutting down and abandoning module GeometryCacheEd (311)
[2018.02.28-16.43.13:442][  8]LogModuleManager: Shutting down and abandoning module SpeedTreeImporter (306)
[2018.02.28-16.43.13:442][  8]LogModuleManager: Shutting down and abandoning module PluginBrowser (304)
[2018.02.28-16.43.13:442][  8]LogModuleManager: Shutting down and abandoning module MobileLauncherProfileWizard (302)
[2018.02.28-16.43.13:442][  8]LogModuleManager: Shutting down and abandoning module VisualStudioSourceCodeAccess (300)
[2018.02.28-16.43.13:442][  8]LogModuleManager: Shutting down and abandoning module VisualStudioCodeSourceCodeAccess (298)
[2018.02.28-16.43.13:442][  8]LogModuleManager: Shutting down and abandoning module UObjectPlugin (296)
[2018.02.28-16.43.13:442][  8]LogModuleManager: Shutting down and abandoning module SubversionSourceControl (294)
[2018.02.28-16.43.13:442][  8]LogModuleManager: Shutting down and abandoning module PerforceSourceControl (292)
[2018.02.28-16.43.13:442][  8]LogModuleManager: Shutting down and abandoning module GitSourceControl (290)
[2018.02.28-16.43.13:442][  8]LogModuleManager: Shutting down and abandoning module SourceControl (289)
[2018.02.28-16.43.13:442][  8]LogModuleManager: Shutting down and abandoning module LightPropagationVolumeEditor (286)
[2018.02.28-16.43.13:442][  8]LogModuleManager: Shutting down and abandoning module PaperTiledImporter (284)
[2018.02.28-16.43.13:442][  8]LogModuleManager: Shutting down and abandoning module PaperSpriteSheetImporter (282)
[2018.02.28-16.43.13:442][  8]LogModuleManager: Shutting down and abandoning module Paper2DEditor (280)
[2018.02.28-16.43.13:442][  8]LogModuleManager: Shutting down and abandoning module MeshPaint (279)
[2018.02.28-16.43.13:442][  8]LogModuleManager: Shutting down and abandoning module LevelEditor (277)
[2018.02.28-16.43.13:443][  8]LogModuleManager: Shutting down and abandoning module PixelInspectorModule (276)
[2018.02.28-16.43.13:443][  8]LogModuleManager: Shutting down and abandoning module MainFrame (274)
[2018.02.28-16.43.13:443][  8]LogModuleManager: Shutting down and abandoning module HotReload (273)
[2018.02.28-16.43.13:444][  8]LogModuleManager: Shutting down and abandoning module RuntimePhysXCooking (268)
[2018.02.28-16.43.13:444][  8]LogModuleManager: Shutting down and abandoning module PhysXVehiclesEditor (266)
[2018.02.28-16.43.13:444][  8]LogModuleManager: Shutting down and abandoning module PhysXVehicles (264)
[2018.02.28-16.43.13:444][  8]LogModuleManager: Shutting down and abandoning module OculusEditor (262)
[2018.02.28-16.43.13:444][  8]LogModuleManager: Shutting down and abandoning module LocationServicesBPLibrary (260)
[2018.02.28-16.43.13:444][  8]LogModuleManager: Shutting down and abandoning module ImmediatePhysicsEditor (258)
[2018.02.28-16.43.13:444][  8]LogModuleManager: Shutting down and abandoning module ImmediatePhysics (256)
[2018.02.28-16.43.13:444][  8]LogModuleManager: Shutting down and abandoning module UdpMessaging (254)
[2018.02.28-16.43.13:545][  8]LogModuleManager: Shutting down and abandoning module TcpMessaging (252)
[2018.02.28-16.43.13:646][  8]LogModuleManager: Shutting down and abandoning module GameplayTagsEditor (250)
[2018.02.28-16.43.13:646][  8]LogModuleManager: Shutting down and abandoning module FacialAnimationEditor (248)
[2018.02.28-16.43.13:646][  8]LogModuleManager: Shutting down and abandoning module FacialAnimation (246)
[2018.02.28-16.43.13:646][  8]LogModuleManager: Shutting down and abandoning module AssetManagerEditor (244)
[2018.02.28-16.43.13:646][  8]LogModuleManager: Shutting down and abandoning module GraphEditor (243)
[2018.02.28-16.43.13:646][  8]LogModuleManager: Shutting down and abandoning module ContentBrowser (241)
[2018.02.28-16.43.13:647][  8]LogModuleManager: Shutting down and abandoning module LightPropagationVolumeRuntime (238)
[2018.02.28-16.43.13:647][  8]LogModuleManager: Shutting down and abandoning module Paper2D (236)
[2018.02.28-16.43.13:647][  8]LogModuleManager: Shutting down and abandoning module WindowsMoviePlayer (234)
[2018.02.28-16.43.13:647][  8]LogModuleManager: Shutting down and abandoning module WmfMedia (232)
[2018.02.28-16.43.13:649][  8]LogModuleManager: Shutting down and abandoning module ImgMedia (230)
[2018.02.28-16.43.13:649][  8]LogModuleManager: Shutting down and abandoning module PacketHandler (228)
[2018.02.28-16.43.13:649][  8]LogModuleManager: Shutting down and abandoning module ClothingSystemEditor (226)
[2018.02.28-16.43.13:650][  8]LogModuleManager: Shutting down and abandoning module ClothingSystemRuntime (224)
[2018.02.28-16.43.13:650][  8]LogModuleManager: Shutting down and abandoning module MediaAssets (222)
[2018.02.28-16.43.13:650][  8]LogModuleManager: Shutting down and abandoning module Media (221)
[2018.02.28-16.43.13:656][  8]LogModuleManager: Shutting down and abandoning module Overlay (218)
[2018.02.28-16.43.13:656][  8]LogModuleManager: Shutting down and abandoning module OverlayEditor (217)
[2018.02.28-16.43.13:656][  8]LogModuleManager: Shutting down and abandoning module VREditor (214)
[2018.02.28-16.43.13:656][  8]LogModuleManager: Shutting down and abandoning module StringTableEditor (212)
[2018.02.28-16.43.13:656][  8]LogModuleManager: Shutting down and abandoning module GameplayTasksEditor (210)
[2018.02.28-16.43.13:656][  8]LogModuleManager: Shutting down and abandoning module BehaviorTreeEditor (208)
[2018.02.28-16.43.13:656][  8]LogModuleManager: Shutting down and abandoning module FunctionalTesting (206)
[2018.02.28-16.43.13:656][  8]LogModuleManager: Shutting down and abandoning module CollisionAnalyzer (204)
[2018.02.28-16.43.13:657][  8]LogModuleManager: Shutting down and abandoning module WorkspaceMenuStructure (203)
[2018.02.28-16.43.13:657][  8]LogModuleManager: Shutting down and abandoning module UMG (200)
[2018.02.28-16.43.13:657][  8]LogModuleManager: Shutting down and abandoning module UMGEditor (199)
[2018.02.28-16.43.13:657][  8]LogModuleManager: Shutting down and abandoning module Sequencer (198)
[2018.02.28-16.43.13:657][  8]LogModuleManager: Shutting down and abandoning module MessageLog (195)
[2018.02.28-16.43.13:657][  8]LogModuleManager: Shutting down and abandoning module SlateReflector (190)
[2018.02.28-16.43.13:657][  8]LogModuleManager: Shutting down and abandoning module Slate (188)
[2018.02.28-16.43.13:657][  8]LogModuleManager: Shutting down and abandoning module EditorStyle (186)
[2018.02.28-16.43.13:659][  8]LogModuleManager: Shutting down and abandoning module MRMesh (184)
[2018.02.28-16.43.13:659][  8]LogModuleManager: Shutting down and abandoning module SourceCodeAccess (182)
[2018.02.28-16.43.13:659][  8]LogModuleManager: Shutting down and abandoning module HeadMountedDisplay (180)
[2018.02.28-16.43.13:659][  8]LogModuleManager: Shutting down and abandoning module XAudio2 (178)
[2018.02.28-16.43.13:659][  8]LogModuleManager: Shutting down and abandoning module Networking (176)
[2018.02.28-16.43.13:659][  8]LogModuleManager: Shutting down and abandoning module Core (172)
[2018.02.28-16.43.13:659][  8]LogModuleManager: Shutting down and abandoning module LevelSequence (168)
[2018.02.28-16.43.13:659][  8]LogModuleManager: Shutting down and abandoning module DirectoryWatcher (166)
[2018.02.28-16.43.13:660][  8]LogModuleManager: Shutting down and abandoning module KismetCompiler (164)
[2018.02.28-16.43.13:661][  8]LogModuleManager: Shutting down and abandoning module MeshUtilities (162)
[2018.02.28-16.43.13:661][  8]LogModuleManager: Shutting down and abandoning module MeshMergeUtilities (161)
[2018.02.28-16.43.13:661][  8]LogModuleManager: Shutting down and abandoning module MeshReductionInterface (160)
[2018.02.28-16.43.13:661][  8]LogModuleManager: Shutting down and abandoning module SimplygonSwarm (159)
[2018.02.28-16.43.13:661][  8]LogModuleManager: Shutting down and abandoning module SimplygonMeshReduction (157)
[2018.02.28-16.43.13:661][  8]LogModuleManager: Shutting down and abandoning module QuadricMeshReduction (155)
[2018.02.28-16.43.13:661][  8]LogModuleManager: Shutting down and abandoning module MaterialBaking (151)
[2018.02.28-16.43.13:661][  8]LogModuleManager: Shutting down and abandoning module DerivedDataCache (148)
[2018.02.28-16.43.13:680][  8]LogDerivedDataCache: Shutdown
[2018.02.28-16.43.13:680][  8]LogModuleManager: Shutting down and abandoning module TargetPlatform (146)
[2018.02.28-16.43.13:680][  8]LogModuleManager: Shutting down and abandoning module VulkanShaderFormat (145)
[2018.02.28-16.43.13:680][  8]LogModuleManager: Shutting down and abandoning module ShaderFormatVectorVM (143)
[2018.02.28-16.43.13:680][  8]LogModuleManager: Shutting down and abandoning module ShaderFormatOpenGL (141)
[2018.02.28-16.43.13:680][  8]LogModuleManager: Shutting down and abandoning module ShaderFormatD3D (139)
[2018.02.28-16.43.13:680][  8]LogModuleManager: Shutting down and abandoning module MetalShaderFormat (137)
[2018.02.28-16.43.13:680][  8]LogModuleManager: Shutting down and abandoning module TextureFormatUncompressed (135)
[2018.02.28-16.43.13:680][  8]LogModuleManager: Shutting down and abandoning module TextureFormatPVR (133)
[2018.02.28-16.43.13:680][  8]LogModuleManager: Shutting down and abandoning module TextureFormatDXT (131)
[2018.02.28-16.43.13:680][  8]LogModuleManager: Shutting down and abandoning module TextureFormatIntelISPCTexComp (129)
[2018.02.28-16.43.13:680][  8]LogModuleManager: Shutting down and abandoning module TextureFormatASTC (127)
[2018.02.28-16.43.13:680][  8]LogModuleManager: Shutting down and abandoning module ImageWrapper (126)
[2018.02.28-16.43.13:680][  8]LogModuleManager: Shutting down and abandoning module TextureFormatAndroid (123)
[2018.02.28-16.43.13:680][  8]LogModuleManager: Shutting down and abandoning module AudioFormatOpus (121)
[2018.02.28-16.43.13:680][  8]LogModuleManager: Shutting down and abandoning module AudioFormatOgg (119)
[2018.02.28-16.43.13:680][  8]LogModuleManager: Shutting down and abandoning module AudioFormatADPCM (117)
[2018.02.28-16.43.13:680][  8]LogModuleManager: Shutting down and abandoning module LinuxTargetPlatform (115)
[2018.02.28-16.43.13:680][  8]LogModuleManager: Shutting down and abandoning module LinuxServerTargetPlatform (113)
[2018.02.28-16.43.13:680][  8]LogModuleManager: Shutting down and abandoning module LinuxNoEditorTargetPlatform (111)
[2018.02.28-16.43.13:680][  8]LogModuleManager: Shutting down and abandoning module LinuxClientTargetPlatform (109)
[2018.02.28-16.43.13:680][  8]LogModuleManager: Shutting down and abandoning module TVOSTargetPlatform (107)
[2018.02.28-16.43.13:680][  8]LogModuleManager: Shutting down and abandoning module Messaging (105)
[2018.02.28-16.43.13:680][  8]LogModuleManager: Shutting down and abandoning module IOSTargetPlatform (103)
[2018.02.28-16.43.13:680][  8]LogModuleManager: Shutting down and abandoning module HTML5TargetPlatform (101)
[2018.02.28-16.43.13:680][  8]LogModuleManager: Shutting down and abandoning module AndroidTargetPlatform (99)
[2018.02.28-16.43.13:680][  8]LogModuleManager: Shutting down and abandoning module Android_PVRTCTargetPlatform (97)
[2018.02.28-16.43.13:680][  8]LogModuleManager: Shutting down and abandoning module Android_MultiTargetPlatform (95)
[2018.02.28-16.43.13:681][  8]LogModuleManager: Shutting down and abandoning module Android_ETC2TargetPlatform (93)
[2018.02.28-16.43.13:681][  8]LogModuleManager: Shutting down and abandoning module Android_ETC1TargetPlatform (91)
[2018.02.28-16.43.13:681][  8]LogModuleManager: Shutting down and abandoning module Android_DXTTargetPlatform (89)
[2018.02.28-16.43.13:681][  8]LogModuleManager: Shutting down and abandoning module Android_ATCTargetPlatform (87)
[2018.02.28-16.43.13:681][  8]LogModuleManager: Shutting down and abandoning module Android_ASTCTargetPlatform (85)
[2018.02.28-16.43.13:681][  8]LogModuleManager: Shutting down and abandoning module WindowsTargetPlatform (83)
[2018.02.28-16.43.13:681][  8]LogModuleManager: Shutting down and abandoning module WindowsServerTargetPlatform (81)
[2018.02.28-16.43.13:681][  8]LogModuleManager: Shutting down and abandoning module WindowsNoEditorTargetPlatform (79)
[2018.02.28-16.43.13:681][  8]LogModuleManager: Shutting down and abandoning module WindowsClientTargetPlatform (77)
[2018.02.28-16.43.13:681][  8]LogModuleManager: Shutting down and abandoning module MacTargetPlatform (75)
[2018.02.28-16.43.13:681][  8]LogModuleManager: Shutting down and abandoning module MacServerTargetPlatform (73)
[2018.02.28-16.43.13:681][  8]LogModuleManager: Shutting down and abandoning module MacNoEditorTargetPlatform (71)
[2018.02.28-16.43.13:681][  8]LogModuleManager: Shutting down and abandoning module MacClientTargetPlatform (69)
[2018.02.28-16.43.13:681][  8]LogModuleManager: Shutting down and abandoning module AllDesktopTargetPlatform (67)
[2018.02.28-16.43.13:681][  8]LogModuleManager: Shutting down and abandoning module InputCore (64)
[2018.02.28-16.43.13:681][  8]LogModuleManager: Shutting down and abandoning module Settings (62)
[2018.02.28-16.43.13:681][  8]LogModuleManager: Shutting down and abandoning module PhysXCooking (60)
[2018.02.28-16.43.13:681][  8]LogModuleManager: Shutting down and abandoning module SteamVR (58)
[2018.02.28-16.43.13:681][  8]LogModuleManager: Shutting down and abandoning module OculusHMD (56)
[2018.02.28-16.43.13:681][  8]LogModuleManager: Shutting down and abandoning module ExampleDeviceProfileSelector (54)
[2018.02.28-16.43.13:681][  8]LogModuleManager: Shutting down and abandoning module AppleARKit (52)
[2018.02.28-16.43.13:681][  8]LogModuleManager: Shutting down and abandoning module AugmentedReality (51)
[2018.02.28-16.43.13:681][  8]LogModuleManager: Shutting down and abandoning module OnlineBlueprintSupport (48)
[2018.02.28-16.43.13:681][  8]LogModuleManager: Shutting down and abandoning module OnlineSubsystem (44)
[2018.02.28-16.43.13:681][  8]LogModuleManager: Shutting down and abandoning module XMPP (43)
[2018.02.28-16.43.13:681][  8]LogModuleManager: Shutting down and abandoning module HTTP (41)
[2018.02.28-16.43.13:681][  8]LogHttp: Display: Http module shutting down, but needs to wait on 1 outstanding Http requests:
[2018.02.28-16.43.13:681][  8]LogHttp: Display: 	verb=[POST] url=[https://datarouter.ol.epicgames.com/datarouter/api/v1/public/data?SessionID=%7BC0EC9A59-450C-E933-CFCC-4AB71760E1A3%7D&AppID=UEEditor.Rocket.Release&AppVersion=4.18.3-3832480%2B%2B%2BUE4%2BRelease-4.18&UserID=c39c5c09442c47ade7a166a3824dcf60%7C3f090def8e52455785dfe5939754062e%7C4b58a65d-b116-4526-8292-6226abd0ca42&AppEnvironment=datacollector-binary&UploadType=eteventstream] status=Processing
[2018.02.28-16.43.13:693][  8]LogModuleManager: Shutting down and abandoning module SSL (40)
[2018.02.28-16.43.13:698][  8]LogModuleManager: Shutting down and abandoning module AnimationModifiers (36)
[2018.02.28-16.43.13:698][  8]LogModuleManager: Shutting down and abandoning module PropertyEditor (35)
[2018.02.28-16.43.13:699][  8]LogModuleManager: Shutting down and abandoning module AudioEditor (32)
[2018.02.28-16.43.13:699][  8]LogModuleManager: Shutting down and abandoning module TextureCompressor (30)
[2018.02.28-16.43.13:699][  8]LogModuleManager: Shutting down and abandoning module ShaderCore (28)
[2018.02.28-16.43.13:699][  8]LogModuleManager: Shutting down and abandoning module Landscape (26)
[2018.02.28-16.43.13:699][  8]LogModuleManager: Shutting down and abandoning module SlateRHIRenderer (24)
[2018.02.28-16.43.13:704][  8]LogModuleManager: Shutting down and abandoning module OpenGLDrv (22)
[2018.02.28-16.43.13:704][  8]LogModuleManager: Shutting down and abandoning module D3D11RHI (20)
[2018.02.28-16.43.13:704][  8]LogModuleManager: Shutting down and abandoning module AnimGraphRuntime (18)
[2018.02.28-16.43.13:704][  8]LogModuleManager: Shutting down and abandoning module Renderer (16)
[2018.02.28-16.43.13:704][  8]LogModuleManager: Shutting down and abandoning module Engine (14)
[2018.02.28-16.43.13:704][  8]LogModuleManager: Shutting down and abandoning module CoreUObject (12)
[2018.02.28-16.43.13:704][  8]LogModuleManager: Shutting down and abandoning module NetworkFile (10)
[2018.02.28-16.43.13:704][  8]LogModuleManager: Shutting down and abandoning module CookedIterativeFile (8)
[2018.02.28-16.43.13:705][  8]LogModuleManager: Shutting down and abandoning module StreamingFile (6)
[2018.02.28-16.43.13:705][  8]LogModuleManager: Shutting down and abandoning module SandboxFile (4)
[2018.02.28-16.43.13:705][  8]LogModuleManager: Shutting down and abandoning module PakFile (2)
[2018.02.28-16.43.13:711][  8]LogExit: Exiting.
[2018.02.28-16.43.13:743][  8]Log file closed, 02/28/18 17:43:13
