Log file open, 03/02/18 12:12:09
LogWindows: Failed to load 'aqProf.dll' (GetLastError=126)
LogWindows: File 'aqProf.dll' does not exist
LogWindows: Failed to load 'VSPerf140.dll' (GetLastError=126)
LogWindows: File 'VSPerf140.dll' does not exist
LogWindows: Failed to load 'VtuneApi.dll' (GetLastError=126)
LogWindows: File 'VtuneApi.dll' does not exist
LogWindows: Failed to load 'VtuneApi32e.dll' (GetLastError=126)
LogWindows: File 'VtuneApi32e.dll' does not exist
LogInit: Display: Running engine for game: MyProject
LogPlatformFile: Not using cached read wrapper
LogInit: Display: RandInit(2022342914) SRandInit(2022342914).
LogInit: Read version file with build ID '3709383'
LogInit: Overriding engine version to CL 3832480, compatible CL 3709383
LogInit: Registered custom module enumerator with build ID '3709383'
LogTaskGraph: Started task graph with 5 named threads and 20 total threads with 3 sets of task threads.
LogStats: Stats thread started at 0.348419
LogD3D11RHI: Aftermath initialized
LogModuleManager: Display: Found up-to-date module file ../../../Engine/Plugins/2D/Paper2D/Binaries/Win64/UE4Editor-Paper2D.dll (API version 3709383).
LogModuleManager: Display: Found up-to-date module file ../../../Engine/Plugins/2D/Paper2D/Binaries/Win64/UE4Editor-Paper2DEditor.dll (API version 3709383).
LogModuleManager: Display: Found up-to-date module file ../../../Engine/Plugins/2D/Paper2D/Binaries/Win64/UE4Editor-PaperSpriteSheetImporter.dll (API version 3709383).
LogModuleManager: Display: Found up-to-date module file ../../../Engine/Plugins/2D/Paper2D/Binaries/Win64/UE4Editor-PaperTiledImporter.dll (API version 3709383).
LogModuleManager: Display: Found up-to-date module file ../../../Engine/Plugins/2D/Paper2D/Binaries/Win64/UE4Editor-SmartSnapping.dll (API version 3709383).
LogModuleManager: Display: Found up-to-date module file ../../../Engine/Plugins/Blendables/LightPropagationVolume/Binaries/Win64/UE4Editor-LightPropagationVolumeRuntime.dll (API version 3709383).
LogModuleManager: Display: Found up-to-date module file ../../../Engine/Plugins/Blendables/LightPropagationVolume/Binaries/Win64/UE4Editor-LightPropagationVolumeEditor.dll (API version 3709383).
LogModuleManager: Display: Found up-to-date module file ../../../Engine/Plugins/Developer/GitSourceControl/Binaries/Win64/UE4Editor-GitSourceControl.dll (API version 3709383).
LogModuleManager: Display: Found up-to-date module file ../../../Engine/Plugins/Developer/PerforceSourceControl/Binaries/Win64/UE4Editor-PerforceSourceControl.dll (API version 3709383).
LogModuleManager: Display: Found up-to-date module file ../../../Engine/Plugins/Developer/SubversionSourceControl/Binaries/Win64/UE4Editor-SubversionSourceControl.dll (API version 3709383).
LogModuleManager: Display: Found up-to-date module file ../../../Engine/Plugins/Developer/UObjectPlugin/Binaries/Win64/UE4Editor-UObjectPlugin.dll (API version 3709383).
LogModuleManager: Display: Found up-to-date module file ../../../Engine/Plugins/Developer/VisualStudioCodeSourceCodeAccess/Binaries/Win64/UE4Editor-VisualStudioCodeSourceCodeAccess.dll (API version 3709383).
LogModuleManager: Display: Found up-to-date module file ../../../Engine/Plugins/Developer/VisualStudioSourceCodeAccess/Binaries/Win64/UE4Editor-VisualStudioSourceCodeAccess.dll (API version 3709383).
LogModuleManager: Display: Found up-to-date module file ../../../Engine/Plugins/Editor/AssetManagerEditor/Binaries/Win64/UE4Editor-AssetManagerEditor.dll (API version 3709383).
LogModuleManager: Display: Found up-to-date module file ../../../Engine/Plugins/Editor/AudioCapture/Binaries/Win64/UE4Editor-AudioCapture.dll (API version 3709383).
LogModuleManager: Display: Found up-to-date module file ../../../Engine/Plugins/Editor/FacialAnimation/Binaries/Win64/UE4Editor-FacialAnimation.dll (API version 3709383).
LogModuleManager: Display: Found up-to-date module file ../../../Engine/Plugins/Editor/FacialAnimation/Binaries/Win64/UE4Editor-FacialAnimationEditor.dll (API version 3709383).
LogModuleManager: Display: Found up-to-date module file ../../../Engine/Plugins/Editor/GameplayTagsEditor/Binaries/Win64/UE4Editor-GameplayTagsEditor.dll (API version 3709383).
LogModuleManager: Display: Found up-to-date module file ../../../Engine/Plugins/Editor/MobileLauncherProfileWizard/Binaries/Win64/UE4Editor-MobileLauncherProfileWizard.dll (API version 3709383).
LogModuleManager: Display: Found up-to-date module file ../../../Engine/Plugins/Editor/PluginBrowser/Binaries/Win64/UE4Editor-PluginBrowser.dll (API version 3709383).
LogModuleManager: Display: Found up-to-date module file ../../../Engine/Plugins/Editor/SpeedTreeImporter/Binaries/Win64/UE4Editor-SpeedTreeImporter.dll (API version 3709383).
LogModuleManager: Display: Found up-to-date module file ../../../Engine/Plugins/Experimental/AlembicImporter/Binaries/Win64/UE4Editor-AlembicImporter.dll (API version 3709383).
LogModuleManager: Display: Found up-to-date module file ../../../Engine/Plugins/Experimental/AlembicImporter/Binaries/Win64/UE4Editor-AlembicLibrary.dll (API version 3709383).
LogModuleManager: Display: Found up-to-date module file ../../../Engine/Plugins/Experimental/CharacterAI/Binaries/Win64/UE4Editor-CharacterAI.dll (API version 3709383).
LogModuleManager: Display: Found up-to-date module file ../../../Engine/Plugins/Experimental/HTML5Networking/Binaries/Win64/UE4Editor-HTML5Networking.dll (API version 3709383).
LogModuleManager: Display: Found up-to-date module file ../../../Engine/Plugins/Media/AndroidMedia/Binaries/Win64/UE4Editor-AndroidMediaEditor.dll (API version 3709383).
LogModuleManager: Display: Found up-to-date module file ../../../Engine/Plugins/Media/AndroidMedia/Binaries/Win64/UE4Editor-AndroidMediaFactory.dll (API version 3709383).
LogModuleManager: Display: Found up-to-date module file ../../../Engine/Plugins/Media/AvfMedia/Binaries/Win64/UE4Editor-AvfMediaEditor.dll (API version 3709383).
LogModuleManager: Display: Found up-to-date module file ../../../Engine/Plugins/Media/AvfMedia/Binaries/Win64/UE4Editor-AvfMediaFactory.dll (API version 3709383).
LogModuleManager: Display: Found up-to-date module file ../../../Engine/Plugins/Media/AvfMedia/Binaries/Win64/UE4Editor-AvfMediaFactory.dll (API version 3709383).
LogModuleManager: Display: Found up-to-date module file ../../../Engine/Plugins/Media/ImgMedia/Binaries/Win64/UE4Editor-ImgMedia.dll (API version 3709383).
LogModuleManager: Display: Found up-to-date module file ../../../Engine/Plugins/Media/ImgMedia/Binaries/Win64/UE4Editor-ImgMediaEditor.dll (API version 3709383).
LogModuleManager: Display: Found up-to-date module file ../../../Engine/Plugins/Media/ImgMedia/Binaries/Win64/UE4Editor-ImgMediaFactory.dll (API version 3709383).
LogModuleManager: Display: Found up-to-date module file ../../../Engine/Plugins/Media/ImgMedia/Binaries/Win64/UE4Editor-ImgMediaFactory.dll (API version 3709383).
LogModuleManager: Display: Found up-to-date module file ../../../Engine/Plugins/Media/ImgMedia/Binaries/Win64/UE4Editor-OpenExrWrapper.dll (API version 3709383).
LogModuleManager: Display: Found up-to-date module file ../../../Engine/Plugins/Media/MediaCompositing/Binaries/Win64/UE4Editor-MediaCompositing.dll (API version 3709383).
LogModuleManager: Display: Found up-to-date module file ../../../Engine/Plugins/Media/MediaCompositing/Binaries/Win64/UE4Editor-MediaCompositingEditor.dll (API version 3709383).
LogModuleManager: Display: Found up-to-date module file ../../../Engine/Plugins/Media/MediaPlayerEditor/Binaries/Win64/UE4Editor-MediaPlayerEditor.dll (API version 3709383).
LogModuleManager: Display: Found up-to-date module file ../../../Engine/Plugins/Media/WmfMedia/Binaries/Win64/UE4Editor-WmfMedia.dll (API version 3709383).
LogModuleManager: Display: Found up-to-date module file ../../../Engine/Plugins/Media/WmfMedia/Binaries/Win64/UE4Editor-WmfMediaEditor.dll (API version 3709383).
LogModuleManager: Display: Found up-to-date module file ../../../Engine/Plugins/Media/WmfMedia/Binaries/Win64/UE4Editor-WmfMediaFactory.dll (API version 3709383).
LogModuleManager: Display: Found up-to-date module file ../../../Engine/Plugins/Media/WmfMedia/Binaries/Win64/UE4Editor-WmfMediaFactory.dll (API version 3709383).
LogModuleManager: Display: Found up-to-date module file ../../../Engine/Plugins/Messaging/TcpMessaging/Binaries/Win64/UE4Editor-TcpMessaging.dll (API version 3709383).
LogModuleManager: Display: Found up-to-date module file ../../../Engine/Plugins/Messaging/UdpMessaging/Binaries/Win64/UE4Editor-UdpMessaging.dll (API version 3709383).
LogModuleManager: Display: Found up-to-date module file ../../../Engine/Plugins/MovieScene/ActorSequence/Binaries/Win64/UE4Editor-ActorSequence.dll (API version 3709383).
LogModuleManager: Display: Found up-to-date module file ../../../Engine/Plugins/MovieScene/LevelSequenceEditor/Binaries/Win64/UE4Editor-LevelSequenceEditor.dll (API version 3709383).
LogModuleManager: Display: Found up-to-date module file ../../../Engine/Plugins/MovieScene/MatineeToLevelSequence/Binaries/Win64/UE4Editor-MatineeToLevelSequence.dll (API version 3709383).
LogModuleManager: Display: Found up-to-date module file ../../../Engine/Plugins/Online/OnlineSubsystem/Binaries/Win64/UE4Editor-OnlineSubsystem.dll (API version 3709383).
LogModuleManager: Display: Found up-to-date module file ../../../Engine/Plugins/Runtime/AndroidPermission/Binaries/Win64/UE4Editor-AndroidPermission.dll (API version 3709383).
LogModuleManager: Display: Found up-to-date module file ../../../Engine/Plugins/Online/OnlineSubsystemNull/Binaries/Win64/UE4Editor-OnlineSubsystemNull.dll (API version 3709383).
LogModuleManager: Display: Found up-to-date module file ../../../Engine/Plugins/Online/OnlineSubsystemUtils/Binaries/Win64/UE4Editor-OnlineSubsystemUtils.dll (API version 3709383).
LogModuleManager: Display: Found up-to-date module file ../../../Engine/Plugins/Online/OnlineSubsystemUtils/Binaries/Win64/UE4Editor-OnlineBlueprintSupport.dll (API version 3709383).
LogModuleManager: Display: Found up-to-date module file ../../../Engine/Plugins/Runtime/AndroidDeviceProfileSelector/Binaries/Win64/UE4Editor-AndroidDeviceProfileSelector.dll (API version 3709383).
LogModuleManager: Display: Found up-to-date module file ../../../Engine/Plugins/Runtime/AppleARKit/Binaries/Win64/UE4Editor-AppleARKit.dll (API version 3709383).
LogModuleManager: Display: Found up-to-date module file ../../../Engine/Plugins/Runtime/ArchVisCharacter/Binaries/Win64/UE4Editor-ArchVisCharacter.dll (API version 3709383).
LogModuleManager: Display: Found up-to-date module file ../../../Engine/Plugins/Runtime/CableComponent/Binaries/Win64/UE4Editor-CableComponent.dll (API version 3709383).
LogModuleManager: Display: Found up-to-date module file ../../../Engine/Plugins/Runtime/CustomMeshComponent/Binaries/Win64/UE4Editor-CustomMeshComponent.dll (API version 3709383).
LogModuleManager: Display: Found up-to-date module file ../../../Engine/Plugins/Runtime/ExampleDeviceProfileSelector/Binaries/Win64/UE4Editor-ExampleDeviceProfileSelector.dll (API version 3709383).
LogModuleManager: Display: Found up-to-date module file ../../../Engine/Plugins/Runtime/ImmediatePhysics/Binaries/Win64/UE4Editor-ImmediatePhysics.dll (API version 3709383).
LogModuleManager: Display: Found up-to-date module file ../../../Engine/Plugins/Runtime/ImmediatePhysics/Binaries/Win64/UE4Editor-ImmediatePhysicsEditor.dll (API version 3709383).
LogModuleManager: Display: Found up-to-date module file ../../../Engine/Plugins/Runtime/LocationServicesBPLibrary/Binaries/Win64/UE4Editor-LocationServicesBPLibrary.dll (API version 3709383).
LogModuleManager: Display: Found up-to-date module file ../../../Engine/Plugins/Runtime/MobilePatchingUtils/Binaries/Win64/UE4Editor-MobilePatchingUtils.dll (API version 3709383).
LogModuleManager: Display: Found up-to-date module file ../../../Engine/Plugins/Runtime/Oculus/OculusVR/Binaries/Win64/UE4Editor-OculusHMD.dll (API version 3709383).
LogModuleManager: Display: Found up-to-date module file ../../../Engine/Plugins/Runtime/Oculus/OculusVR/Binaries/Win64/UE4Editor-OculusInput.dll (API version 3709383).
LogModuleManager: Display: Found up-to-date module file ../../../Engine/Plugins/Runtime/Oculus/OculusVR/Binaries/Win64/UE4Editor-OculusEditor.dll (API version 3709383).
LogModuleManager: Display: Found up-to-date module file ../../../Engine/Plugins/Runtime/PhysXVehicles/Binaries/Win64/UE4Editor-PhysXVehicles.dll (API version 3709383).
LogModuleManager: Display: Found up-to-date module file ../../../Engine/Plugins/Runtime/PhysXVehicles/Binaries/Win64/UE4Editor-PhysXVehiclesEditor.dll (API version 3709383).
LogModuleManager: Display: Found up-to-date module file ../../../Engine/Plugins/Runtime/ProceduralMeshComponent/Binaries/Win64/UE4Editor-ProceduralMeshComponent.dll (API version 3709383).
LogModuleManager: Display: Found up-to-date module file ../../../Engine/Plugins/Runtime/ProceduralMeshComponent/Binaries/Win64/UE4Editor-ProceduralMeshComponentEditor.dll (API version 3709383).
LogModuleManager: Display: Found up-to-date module file ../../../Engine/Plugins/Runtime/RuntimePhysXCooking/Binaries/Win64/UE4Editor-RuntimePhysXCooking.dll (API version 3709383).
LogModuleManager: Display: Found up-to-date module file ../../../Engine/Plugins/Runtime/Steam/SteamVR/Binaries/Win64/UE4Editor-SteamVR.dll (API version 3709383).
LogModuleManager: Display: Found up-to-date module file ../../../Engine/Plugins/Runtime/Steam/SteamVR/Binaries/Win64/UE4Editor-SteamVRController.dll (API version 3709383).
LogModuleManager: Display: Found up-to-date module file ../../../Engine/Plugins/Runtime/WindowsMoviePlayer/Binaries/Win64/UE4Editor-WindowsMoviePlayer.dll (API version 3709383).
LogPluginManager: Mounting plugin Paper2D
LogPluginManager: Mounting plugin LightPropagationVolume
LogPluginManager: Mounting plugin CodeLiteSourceCodeAccess
LogPluginManager: Mounting plugin GitSourceControl
LogPluginManager: Mounting plugin KDevelopSourceCodeAccess
LogPluginManager: Mounting plugin NullSourceCodeAccess
LogPluginManager: Mounting plugin PerforceSourceControl
LogPluginManager: Mounting plugin SubversionSourceControl
LogPluginManager: Mounting plugin UObjectPlugin
LogPluginManager: Mounting plugin VisualStudioCodeSourceCodeAccess
LogPluginManager: Mounting plugin VisualStudioSourceCodeAccess
LogPluginManager: Mounting plugin XCodeSourceCodeAccess
LogPluginManager: Mounting plugin AssetManagerEditor
LogPluginManager: Mounting plugin AudioCapture
LogPluginManager: Mounting plugin FacialAnimation
LogPluginManager: Mounting plugin GameplayTagsEditor
LogPluginManager: Mounting plugin MobileLauncherProfileWizard
LogPluginManager: Mounting plugin PluginBrowser
LogPluginManager: Mounting plugin SpeedTreeImporter
LogPluginManager: Mounting plugin AlembicImporter
LogPluginManager: Mounting plugin CharacterAI
LogPluginManager: Mounting plugin HTML5Networking
LogPluginManager: Mounting plugin AndroidMedia
LogPluginManager: Mounting plugin AvfMedia
LogPluginManager: Mounting plugin ImgMedia
LogPluginManager: Mounting plugin MediaCompositing
LogPluginManager: Mounting plugin MediaPlayerEditor
LogPluginManager: Mounting plugin WmfMedia
LogPluginManager: Mounting plugin TcpMessaging
LogPluginManager: Mounting plugin UdpMessaging
LogPluginManager: Mounting plugin ActorSequence
LogPluginManager: Mounting plugin LevelSequenceEditor
LogPluginManager: Mounting plugin MatineeToLevelSequence
LogPluginManager: Mounting plugin OnlineSubsystemGooglePlay
LogPluginManager: Mounting plugin OnlineSubsystemIOS
LogPluginManager: Mounting plugin OnlineSubsystem
LogPluginManager: Mounting plugin OnlineSubsystemNull
LogPluginManager: Mounting plugin OnlineSubsystemUtils
LogPluginManager: Mounting plugin AndroidDeviceProfileSelector
LogPluginManager: Mounting plugin AndroidMoviePlayer
LogPluginManager: Mounting plugin AndroidPermission
LogPluginManager: Mounting plugin AppleARKit
LogPluginManager: Mounting plugin AppleMoviePlayer
LogPluginManager: Mounting plugin ArchVisCharacter
LogPluginManager: Mounting plugin CableComponent
LogPluginManager: Mounting plugin CustomMeshComponent
LogPluginManager: Mounting plugin ExampleDeviceProfileSelector
LogPluginManager: Mounting plugin GoogleCloudMessaging
LogPluginManager: Mounting plugin ImmediatePhysics
LogPluginManager: Mounting plugin IOSDeviceProfileSelector
LogPluginManager: Mounting plugin LinuxDeviceProfileSelector
LogPluginManager: Mounting plugin LocationServicesBPLibrary
LogPluginManager: Mounting plugin MobilePatchingUtils
LogPluginManager: Mounting plugin OculusVR
LogPluginManager: Plugin shader directory ../../../Engine/Plugins/Runtime/Oculus/OculusVR/Shaders found
LogPluginManager: Mapping shader source directory ../../../Engine/Plugins/Runtime/Oculus/OculusVR/Shaders to virtual directory /Plugin/OculusVR
LogPluginManager: Mounting plugin PhysXVehicles
LogPluginManager: Mounting plugin ProceduralMeshComponent
LogPluginManager: Mounting plugin RuntimePhysXCooking
LogPluginManager: Mounting plugin SteamVR
LogPluginManager: Mounting plugin WindowsMoviePlayer
LogInit: Using libcurl 7.47.1
LogInit:  - built for x86_64-pc-win32
LogInit:  - supports SSL with OpenSSL/1.0.2g
LogInit:  - supports HTTP deflate (compression) using libz 1.2.8
LogInit:  - other features:
LogInit:      CURL_VERSION_SSL
LogInit:      CURL_VERSION_LIBZ
LogInit:      CURL_VERSION_IPV6
LogInit:      CURL_VERSION_ASYNCHDNS
LogInit:      CURL_VERSION_LARGEFILE
LogInit:      CURL_VERSION_IDN
LogInit:  CurlRequestOptions (configurable via config and command line):
LogInit:  - bVerifyPeer = false  - Libcurl will NOT verify peer certificate
LogInit:  - bUseHttpProxy = false  - Libcurl will NOT use HTTP proxy
LogInit:  - bDontReuseConnections = false  - Libcurl will reuse connections
LogInit:  - CertBundlePath = nullptr  - Libcurl will use whatever was configured at build time.
LogInit: Build: ++UE4+Release-4.18-CL-3832480
LogInit: Engine Version: 4.18.3-3832480+++UE4+Release-4.18
LogInit: Compatible Engine Version: 4.18.0-3709383+++UE4+Release-4.18
LogInit: Net CL: 3709383
LogDevObjectVersion: Number of dev versions registered: 16
LogDevObjectVersion:   Dev-Blueprints (B0D832E4-1F89-4F0D-ACCF-7EB736FD4AA2): 10
LogDevObjectVersion:   Dev-Build (E1C64328-A22C-4D53-A36C-8E866417BD8C): 0
LogDevObjectVersion:   Dev-Core (375EC13C-06E4-48FB-B500-84F0262A717E): 2
LogDevObjectVersion:   Dev-Editor (E4B068ED-F494-42E9-A231-DA0B2E46BB41): 20
LogDevObjectVersion:   Dev-Framework (CFFC743F-43B0-4480-9391-14DF171D2073): 30
LogDevObjectVersion:   Dev-Mobile (B02B49B5-BB20-44E9-A304-32B752E40360): 0
LogDevObjectVersion:   Dev-Networking (A4E4105C-59A1-49B5-A7C5-40C4547EDFEE): 0
LogDevObjectVersion:   Dev-Online (39C831C9-5AE6-47DC-9A44-9C173E1C8E7C): 0
LogDevObjectVersion:   Dev-Physics (78F01B33-EBEA-4F98-B9B4-84EACCB95AA2): 0
LogDevObjectVersion:   Dev-Platform (6631380F-2D4D-43E0-8009-CF276956A95A): 0
LogDevObjectVersion:   Dev-Rendering (12F88B9F-8875-4AFC-A67C-D90C383ABD29): 20
LogDevObjectVersion:   Dev-Sequencer (7B5AE74C-D270-4C10-A958-57980B212A5A): 4
LogDevObjectVersion:   Dev-VR (D7296918-1DD6-4BDD-9DE2-64A83CC13884): 0
LogDevObjectVersion:   Dev-LoadTimes (C2A15278-BFE7-4AFE-6C17-90FF531DF755): 1
LogDevObjectVersion:   Private-Geometry (6EACA3D4-40EC-4CC1-B786-8BED09428FC5): 1
LogDevObjectVersion:   Dev-AnimPhys (29E575DD-E0A3-4627-9D10-D276232CDCEA): 12
LogInit: Compiled (64-bit): Jan 12 2018 02:04:55
LogInit: Compiled with Visual C++: 19.00.24215.01
LogInit: Build Configuration: Development
LogInit: Branch Name: ++UE4+Release-4.18
LogInit: Command line: -EpicPortal 
LogInit: Base directory: D:/Unreal/UE_4.18/Engine/Binaries/Win64/
LogInit: Installed Engine Build: 1
LogInit: Presizing for max 8388607 objects, including 0 objects not considered by GC, pre-allocating 0 bytes for permanent pool.
LogInit: Object subsystem initialized
[2018.03.02-11.12.10:621][  0]LogInit: Selected Device Profile: [Windows]
[2018.03.02-11.12.10:621][  0]LogInit: Applying CVar settings loaded from the selected device profile: [Windows]
[2018.03.02-11.12.10:634][  0]LogInit: Computer: DESKTOP-SRIHI8I
[2018.03.02-11.12.10:634][  0]LogInit: User: Aleix
[2018.03.02-11.12.10:634][  0]LogInit: CPU Page size=4096, Cores=6
[2018.03.02-11.12.10:634][  0]LogInit: High frequency timer resolution =3.119140 MHz
[2018.03.02-11.12.10:634][  0]LogMemory: Memory total: Physical=16.0GB (16GB approx)
[2018.03.02-11.12.10:634][  0]LogMemory: Platform Memory Stats for Windows
[2018.03.02-11.12.10:634][  0]LogMemory: Process Physical Memory: 275.75 MB used, 275.75 MB peak
[2018.03.02-11.12.10:634][  0]LogMemory: Process Virtual Memory: 270.35 MB used, 270.35 MB peak
[2018.03.02-11.12.10:634][  0]LogMemory: Physical Memory: 6205.54 MB used,  10131.09 MB free, 16336.63 MB total
[2018.03.02-11.12.10:634][  0]LogMemory: Virtual Memory: 683.54 MB used,  10131.09 MB free, 134217728.00 MB total
[2018.03.02-11.12.10:808][  0]LogInit: Overriding language with editor language configuration option (en).
[2018.03.02-11.12.10:808][  0]LogInit: Overriding locale with editor locale configuration option (en).
[2018.03.02-11.12.11:331][  0]LogInit: Setting process to per monitor DPI aware
[2018.03.02-11.12.11:701][  0]LogD3D11RHI: D3D11 adapters:
[2018.03.02-11.12.11:779][  0]LogD3D11RHI:    0. 'NVIDIA GeForce GTX 1080' (Feature Level 11_0)
[2018.03.02-11.12.11:779][  0]LogD3D11RHI:       8079/0/8168 MB DedicatedVideo/DedicatedSystem/SharedSystem, Outputs:1, VendorId:0x10de
[2018.03.02-11.12.11:783][  0]LogD3D11RHI:    1. 'Microsoft Basic Render Driver' (Feature Level 11_0)
[2018.03.02-11.12.11:783][  0]LogD3D11RHI:       0/0/8168 MB DedicatedVideo/DedicatedSystem/SharedSystem, Outputs:0, VendorId:0x1414
[2018.03.02-11.12.11:783][  0]LogD3D11RHI: Chosen D3D11 Adapter: 0
[2018.03.02-11.12.11:793][  0]LogD3D11RHI: Creating new Direct3DDevice
[2018.03.02-11.12.11:793][  0]LogD3D11RHI:     GPU DeviceId: 0x1b80 (for the marketing name, search the web for "GPU Device Id")
[2018.03.02-11.12.11:793][  0]LogWindows: EnumDisplayDevices:
[2018.03.02-11.12.11:794][  0]LogWindows:    0. 'NVIDIA GeForce GTX 1080' (P:1 D:1)
[2018.03.02-11.12.11:794][  0]LogWindows:    1. 'NVIDIA GeForce GTX 1080' (P:0 D:0)
[2018.03.02-11.12.11:794][  0]LogWindows:    2. 'NVIDIA GeForce GTX 1080' (P:0 D:0)
[2018.03.02-11.12.11:794][  0]LogWindows:    3. 'NVIDIA GeForce GTX 1080' (P:0 D:0)
[2018.03.02-11.12.11:794][  0]LogWindows: DebugString: GetVideoDriverDetailsInvalid PrimaryIsNotTheChoosenAdapter GetVideoDriverDetailsInvalid PrimaryIsNotTheChoosenAdapter GetVideoDriverDetailsInvalid PrimaryIsNotTheChoosenAdapter GetVideoDriverDetailsInvalid PrimaryIsNotTheChoosenAdapter FoundDriverCount:0 
[2018.03.02-11.12.11:794][  0]LogD3D11RHI:     Adapter Name: NVIDIA GeForce GTX 1080
[2018.03.02-11.12.11:794][  0]LogD3D11RHI:   Driver Version: Unknown (internal:Unknown, unified:Unknown)
[2018.03.02-11.12.11:794][  0]LogD3D11RHI:      Driver Date: Unknown
[2018.03.02-11.12.11:794][  0]LogRHI: Texture pool is 5655 MB (70% of 8079 MB)
[2018.03.02-11.12.11:859][  0]LogD3D11RHI: Async texture creation enabled
[2018.03.02-11.12.11:886][  0]LogD3D11RHI: GPU Timing Frequency: 1000.000000 (Debug: 2 2)
[2018.03.02-11.12.11:937][  0]LogShaderCompilers: Guid format shader working directory is -8 characters bigger than the processId version (C:/Users/Aleix/Desktop/Motors-Jocs-II-master/MyProject/Intermediate/Shaders/WorkingDirectory/6888/).
[2018.03.02-11.12.11:938][  0]LogShaderCompilers: Cleaned the shader compiler working directory 'C:/Users/Aleix/AppData/Local/Temp/UnrealShaderWorkingDir/F14CACC44E8671EA3C50C3B3EC9CDDED/'.
[2018.03.02-11.12.11:938][  0]LogShaderCompilers: Display: Using Local Shader Compiler.
[2018.03.02-11.12.13:332][  0]LogTemp: Display: Loaded TP AllDesktopTargetPlatform
[2018.03.02-11.12.13:395][  0]LogTemp: Display: Loaded TP MacClientTargetPlatform
[2018.03.02-11.12.13:458][  0]LogTemp: Display: Loaded TP MacNoEditorTargetPlatform
[2018.03.02-11.12.13:512][  0]LogTemp: Display: Loaded TP MacServerTargetPlatform
[2018.03.02-11.12.13:574][  0]LogTemp: Display: Loaded TP MacTargetPlatform
[2018.03.02-11.12.13:641][  0]LogTemp: Display: Loaded TP WindowsClientTargetPlatform
[2018.03.02-11.12.13:695][  0]LogTemp: Display: Loaded TP WindowsNoEditorTargetPlatform
[2018.03.02-11.12.13:762][  0]LogTemp: Display: Loaded TP WindowsServerTargetPlatform
[2018.03.02-11.12.13:834][  0]LogTemp: Display: Loaded TP WindowsTargetPlatform
[2018.03.02-11.12.13:887][  0]LogTemp: Display: Loaded TP Android_ASTCTargetPlatform
[2018.03.02-11.12.13:982][  0]LogTemp: Display: Loaded TP Android_ATCTargetPlatform
[2018.03.02-11.12.14:050][  0]LogTemp: Display: Loaded TP Android_DXTTargetPlatform
[2018.03.02-11.12.14:109][  0]LogTemp: Display: Loaded TP Android_ETC1TargetPlatform
[2018.03.02-11.12.14:173][  0]LogTemp: Display: Loaded TP Android_ETC2TargetPlatform
[2018.03.02-11.12.14:338][  0]LogTemp: Display: Loaded TP Android_MultiTargetPlatform
[2018.03.02-11.12.14:338][  0]LogTemp: Display: Loaded TP Android_PVRTCTargetPlatform
[2018.03.02-11.12.14:406][  0]LogTemp: Display: Loaded TP AndroidTargetPlatform
[2018.03.02-11.12.14:443][  0]LogTemp: Display: Loaded TP HTML5TargetPlatform
[2018.03.02-11.12.14:537][  0]LogTemp: Display: Loaded TP IOSTargetPlatform
[2018.03.02-11.12.14:567][  0]LogTemp: Display: Loaded TP TVOSTargetPlatform
[2018.03.02-11.12.14:644][  0]LogTemp: Display: Loaded TP LinuxClientTargetPlatform
[2018.03.02-11.12.14:696][  0]LogTemp: Display: Loaded TP LinuxNoEditorTargetPlatform
[2018.03.02-11.12.14:750][  0]LogTemp: Display: Loaded TP LinuxServerTargetPlatform
[2018.03.02-11.12.14:824][  0]LogTemp: Display: Loaded TP LinuxTargetPlatform
[2018.03.02-11.12.14:825][  0]LogTargetPlatformManager: Display: Building Assets For Windows
[2018.03.02-11.12.15:366][  0]LogDerivedDataCache: Display: Max Cache Size: 512 MB
[2018.03.02-11.12.15:465][  0]LogDerivedDataCache: Loaded boot cache 0.10s 78MB C:/Users/Aleix/AppData/Local/UnrealEngine/4.18/DerivedDataCache/Boot.ddc.
[2018.03.02-11.12.15:465][  0]LogDerivedDataCache: Display: Loaded Boot cache: C:/Users/Aleix/AppData/Local/UnrealEngine/4.18/DerivedDataCache/Boot.ddc
[2018.03.02-11.12.15:465][  0]LogDerivedDataCache: FDerivedDataBackendGraph:  Pak pak cache file C:/Users/Aleix/Desktop/Motors-Jocs-II-master/MyProject/DerivedDataCache/DDC.ddp not found, will not use a pak cache.
[2018.03.02-11.12.15:465][  0]LogDerivedDataCache: Unable to find inner node Pak for hierarchical cache Hierarchy.
[2018.03.02-11.12.15:465][  0]LogDerivedDataCache: FDerivedDataBackendGraph:  CompressedPak pak cache file C:/Users/Aleix/Desktop/Motors-Jocs-II-master/MyProject/DerivedDataCache/Compressed.ddp not found, will not use a pak cache.
[2018.03.02-11.12.15:465][  0]LogDerivedDataCache: Unable to find inner node CompressedPak for hierarchical cache Hierarchy.
[2018.03.02-11.12.15:487][  0]LogDerivedDataCache: Display: Pak cache opened for reading ../../../Engine/DerivedDataCache/Compressed.ddp.
[2018.03.02-11.12.15:500][  0]LogDerivedDataCache: Using Local data cache path C:/Users/Aleix/AppData/Local/UnrealEngine/Common/DerivedDataCache: Writable
[2018.03.02-11.12.15:513][  0]LogMaterial: Verifying Global Shaders for PCD3D_SM5
[2018.03.02-11.12.15:514][  0]LogSlate: Using Freetype 2.6.0
[2018.03.02-11.12.15:514][  0]LogSlate: SlateFontCache - WITH_FREETYPE: 1, WITH_HARFBUZZ: 1
[2018.03.02-11.12.15:515][  0]LogSlate: SlateFontCache - WITH_FREETYPE: 1, WITH_HARFBUZZ: 1
[2018.03.02-11.12.16:131][  0]LogInit: Selected Device Profile: [Windows]
[2018.03.02-11.12.16:479][  0]LogSimplygon: Simplygon DLL not present - disabling.
[2018.03.02-11.12.16:518][  0]LogMeshReduction: Using SimplygonSwarm for distributed automatic mesh merging
[2018.03.02-11.12.16:518][  0]LogMeshReduction: Using QuadricMeshReduction for automatic static mesh reduction
[2018.03.02-11.12.16:518][  0]LogMeshReduction: No automatic skeletal mesh reduction module available
[2018.03.02-11.12.16:518][  0]LogMeshReduction: No automatic mesh merging module available
[2018.03.02-11.12.16:518][  0]LogMeshMerging: No automatic mesh merging module available
[2018.03.02-11.12.16:579][  0]LogNetVersion: MyProject , NetCL: 3709383, EngineNetVer: 2, GameNetVer: 0 (Checksum: 1490074681)
[2018.03.02-11.12.16:775][  0]LogAssetRegistry: FAssetRegistry took 0.0391 seconds to start up
[2018.03.02-11.12.17:343][  0]LogPackageLocalizationCache: Processed 7 localized package path(s) for 1 prioritized culture(s) in 0.034735 seconds
[2018.03.02-11.12.17:351][  0]LogUObjectArray: 35870 objects as part of root set at end of initial load.
[2018.03.02-11.12.17:351][  0]LogUObjectAllocator: 7363696 out of 0 bytes used by permanent object pool.
[2018.03.02-11.12.17:351][  0]LogUObjectArray: CloseDisregardForGC: 0/0 objects in disregard for GC pool
[2018.03.02-11.12.17:395][  0]LogInit: WinSock: version 1.1 (2.2), MaxSocks=32767, MaxUdp=65467
[2018.03.02-11.12.20:836][  0]LogTcpMessaging: Initializing TcpMessaging bridge
[2018.03.02-11.12.20:877][  0]LogUdpMessaging: Initializing bridge on interface 0.0.0.0:0 to multicast group 230.0.0.1:6666.
[2018.03.02-11.12.21:576][  0]LogMaterial: Uniform references updated for custom material expression Custom.
[2018.03.02-11.12.22:025][  0]SourceControl: Source control is disabled
[2018.03.02-11.12.22:025][  0]SourceControl: Source control is disabled
[2018.03.02-11.12.22:078][  0]SourceControl: Source control is disabled
[2018.03.02-11.12.22:141][  0]SourceControl: Source control is disabled
[2018.03.02-11.12.23:052][  0]LogAndroidPermission: UAndroidPermissionCallbackProxy::GetInstance
[2018.03.02-11.12.23:344][  0]LogOcInput: OculusInput pre-init called
[2018.03.02-11.12.23:742][  0]LogEngine: Initializing Engine...
[2018.03.02-11.12.23:745][  0]LogHMD: Failed to initialize OpenVR with code 110
[2018.03.02-11.12.24:017][  0]LogStats: UGameplayTagsManager::ConstructGameplayTagTree: Construct from data asset -  0.000 s
[2018.03.02-11.12.24:017][  0]LogStats: UGameplayTagsManager::ConstructGameplayTagTree: GameplayTagTreeChangedEvent.Broadcast -  0.000 s
[2018.03.02-11.12.24:136][  0]LogAIModule: Creating AISystem for world Untitled
[2018.03.02-11.12.24:147][  0]LogInit: XAudio2 using 'BenQ LCD (NVIDIA High Definition Audio)' : 2 channels at 48 kHz using 16 bits per sample (channel mask 0x3)
[2018.03.02-11.12.24:160][  0]LogInit: FAudioDevice initialized.
[2018.03.02-11.12.24:258][  0]LogDerivedDataCache: Saved boot cache 0.10s 78MB C:/Users/Aleix/AppData/Local/UnrealEngine/4.18/DerivedDataCache/Boot.ddc.
[2018.03.02-11.12.24:272][  0]LogInit: Texture streaming: Enabled
[2018.03.02-11.12.24:366][  0]LogEngineSessionManager: EngineSessionManager initialized
[2018.03.02-11.12.24:495][  0]LogInit: Transaction tracking system initialized
[2018.03.02-11.12.24:865][  0]BlueprintLog: New page: Editor Load
[2018.03.02-11.12.25:873][  0]LocalizationService: Localization service is disabled
[2018.03.02-11.12.26:887][  0]LogConsoleResponse: Display: 
[2018.03.02-11.12.27:094][  0]LogCook: Display: Max memory allowance for cook 16384mb min free memory 0mb
[2018.03.02-11.12.27:094][  0]LogCook: Display: Mobile HDR setting 1
[2018.03.02-11.12.27:094][  0]LogGameplayTags: Display: UGameplayTagsManager::DoneAddingNativeTags. DelegateIsBound: 0
[2018.03.02-11.12.27:732][  0]LogFileCache: Scanning file cache for directory 'C:/Users/Aleix/Desktop/Motors-Jocs-II-master/MyProject/Content/' took 0.01s
[2018.03.02-11.12.28:511][  0]SourceControl: Source control is disabled
[2018.03.02-11.12.28:511][  0]Cmd: MAP LOAD FILE="C:/Users/Aleix/Desktop/Motors-Jocs-II-master/MyProject/Content/Levels/MainMenu.umap" TEMPLATE=0 SHOWPROGRESS=1 FEATURELEVEL=3
[2018.03.02-11.12.28:512][  0]LightingResults: New page: Lighting Build
[2018.03.02-11.12.28:571][  0]MapCheck: New page: Map Check
[2018.03.02-11.12.28:571][  0]LightingResults: New page: Lighting Build
[2018.03.02-11.12.28:719][  0]LogAIModule: Creating AISystem for world MainMenu
[2018.03.02-11.12.28:722][  0]LogEditorServer: Finished looking for orphan Actors (0.000 secs)
[2018.03.02-11.12.28:743][  0]Cmd: MAP CHECKDEP NOCLEARLOG
[2018.03.02-11.12.28:790][  0]MapCheck: Map check complete: 0 Error(s), 0 Warning(s), took 46.102ms to complete.
[2018.03.02-11.12.28:790][  0]LogFileHelpers: Loading map 'MainMenu' took 0.278
[2018.03.02-11.12.28:981][  0]LogCollectionManager: Loaded 0 collections in 0.001181 seconds
[2018.03.02-11.12.29:079][  0]LogFileCache: Scanning file cache for directory 'C:/Users/Aleix/Desktop/Motors-Jocs-II-master/MyProject/Saved/Collections/' took 0.01s
[2018.03.02-11.12.29:079][  0]LogFileCache: Scanning file cache for directory 'C:/Users/Aleix/Desktop/Motors-Jocs-II-master/MyProject/Content/Developers/Aleix/Collections/' took 0.01s
[2018.03.02-11.12.29:079][  0]LogFileCache: Scanning file cache for directory 'C:/Users/Aleix/Desktop/Motors-Jocs-II-master/MyProject/Content/Collections/' took 0.01s
[2018.03.02-11.12.29:079][  0]LogCollectionManager: Rebuilt the GUID cache for 0 collections in 0.000000 seconds
[2018.03.02-11.12.29:090][  0]LogContentBrowser: Native class hierarchy populated in 0.0112 seconds. Added 2363 classes and 519 folders.
[2018.03.02-11.12.29:165][  0]LogContentBrowser: Native class hierarchy updated for 'WidgetCarousel' in 0.0003 seconds. Added 0 classes and 0 folders.
[2018.03.02-11.12.29:236][  0]LogContentBrowser: Native class hierarchy updated for 'AddContentDialog' in 0.0003 seconds. Added 0 classes and 0 folders.
[2018.03.02-11.12.29:298][  0]LogContentBrowser: Native class hierarchy updated for 'SceneOutliner' in 0.0003 seconds. Added 1 classes and 2 folders.
[2018.03.02-11.12.29:368][  0]LogSlate: Took 0.001087 seconds to synchronously load lazily loaded font '../../../Engine/Content/Slate/Fonts/Roboto-Regular.ttf' (155K)
[2018.03.02-11.12.29:372][  0]LogSlate: Took 0.000329 seconds to synchronously load lazily loaded font '../../../Engine/Content/Slate/Fonts/Roboto-Bold.ttf' (160K)
[2018.03.02-11.12.29:380][  0]LogSlate: Took 0.000310 seconds to synchronously load lazily loaded font '../../../Engine/Content/Editor/Slate/Fonts/FontAwesome.ttf' (139K)
[2018.03.02-11.12.29:500][  0]LogRenderer: Reallocating scene render targets to support 1292x736 Format 10 NumSamples 1 (Frame:1).
[2018.03.02-11.12.29:722][  0]LogContentBrowser: Native class hierarchy updated for 'HierarchicalLODOutliner' in 0.0018 seconds. Added 1 classes and 2 folders.
[2018.03.02-11.12.29:722][  0]LogLoad: (Engine Initialization) Total time: 22.16 seconds
[2018.03.02-11.12.29:722][  0]LogLoad: (Engine Initialization) Total Blueprint compile time: 0.00 seconds
[2018.03.02-11.12.29:722][  0]LogExternalProfiler: No external profilers were discovered.  External profiling features will not be available.
[2018.03.02-11.12.29:734][  0]LogWindowsTextInputMethodSystem: Display: IME system now deactivated.
[2018.03.02-11.12.29:754][  0]LogContentStreaming: Texture pool size now 1000 MB
[2018.03.02-11.12.29:800][  1]LogAssetRegistry: Asset discovery search completed in 13.0473 seconds
[2018.03.02-11.12.29:802][  1]LogCollectionManager: Rebuilt the object cache for 0 collections in 0.000000 seconds (found 0 objects)
[2018.03.02-11.12.29:802][  1]LogCollectionManager: Fixed up redirectors for 0 collections in 0.000069 seconds (updated 0 objects)
[2018.03.02-11.12.37:068][767]LogSlate: Took 0.000213 seconds to synchronously load lazily loaded font '../../../Engine/Content/Slate/Fonts/Roboto-Light.ttf' (159K)
[2018.03.02-11.12.37:221][767]LogLinker: Warning: Can't find file '/Game/Levels/TestLevels/IATest_BuiltData'
[2018.03.02-11.12.37:222][767]LogLinker: Warning: Can't find file for asset '/Game/Levels/TestLevels/IATest_BuiltData' while loading C:/Users/Aleix/Desktop/Motors-Jocs-II-master/MyProject/Content/Levels/TestLevels/IATest.umap.
[2018.03.02-11.12.37:222][767]LoadErrors: Error: /Game/Levels/TestLevels/IATest : Can't find file for asset. /Game/Levels/TestLevels/IATest_BuiltData
[2018.03.02-11.12.37:224][767]LogLinker: Warning: Can't find file '/Game/Levels/TestLevels/IATest_BuiltData'
[2018.03.02-11.12.37:224][767]LogLinker: Warning: Can't find file for asset '/Game/Levels/TestLevels/IATest_BuiltData' while loading C:/Users/Aleix/Desktop/Motors-Jocs-II-master/MyProject/Content/Levels/TestLevels/IATest.umap.
[2018.03.02-11.12.37:248][767]LogLinker: Warning: Can't find file '/Game/Levels/TestLevels/IATest_BuiltData'
[2018.03.02-11.12.37:248][767]LoadErrors: Failed to load /Game/Levels/TestLevels/IATest_BuiltData.IATest_BuiltData Referenced by PersistentLevel
[2018.03.02-11.12.37:248][767]LogLinker: Warning: Can't find file for asset '/Game/Levels/TestLevels/IATest_BuiltData' while loading NULL.
[2018.03.02-11.12.37:313][767]LogAIModule: Creating AISystem for world IATest
[2018.03.02-11.12.37:444][767]Cmd: MAP LOAD FILE="C:/Users/Aleix/Desktop/Motors-Jocs-II-master/MyProject/Content/Levels/TestLevels/IATest.umap" TEMPLATE=0 SHOWPROGRESS=1 FEATURELEVEL=3
[2018.03.02-11.12.37:444][767]LightingResults: New page: Lighting Build
[2018.03.02-11.12.37:445][767]LoadErrors: New page: Loading map: IATest.umap
[2018.03.02-11.12.37:446][767]MapCheck: New page: Map Check
[2018.03.02-11.12.37:446][767]LightingResults: New page: Lighting Build
[2018.03.02-11.12.37:537][767]LogEditorServer: Finished looking for orphan Actors (0.000 secs)
[2018.03.02-11.12.37:589][767]Cmd: MAP CHECKDEP NOCLEARLOG
[2018.03.02-11.12.37:690][767]MapCheck: Map check complete: 0 Error(s), 0 Warning(s), took 101.577ms to complete.
[2018.03.02-11.12.37:691][767]LogFileHelpers: Loading map 'IATest' took 0.254
[2018.03.02-11.12.41:758][154]LogTemp: Repeating last play command: Selected Viewport
[2018.03.02-11.12.41:906][154]LogPlayLevel: PlayLevel: No blueprints needed recompiling
[2018.03.02-11.12.41:931][154]PIE: New page: PIE session: IATest (Mar 2, 2018, 1:12:41 PM)
[2018.03.02-11.12.41:932][154]LogPlayLevel: Creating play world package: /Game/Levels/TestLevels/UEDPIE_0_IATest
[2018.03.02-11.12.41:949][154]LogPlayLevel: PIE: StaticDuplicateObject took: (0.016808s)
[2018.03.02-11.12.41:949][154]LogAIModule: Creating AISystem for world IATest
[2018.03.02-11.12.41:950][154]LogPlayLevel: PIE: World Init took: (0.000743s)
[2018.03.02-11.12.41:950][154]LogPlayLevel: PIE: Created PIE world by copying editor world from /Game/Levels/TestLevels/IATest.IATest to /Game/Levels/TestLevels/UEDPIE_0_IATest.IATest (0.017879s)
[2018.03.02-11.12.41:989][154]LogInit: XAudio2 using 'BenQ LCD (NVIDIA High Definition Audio)' : 2 channels at 48 kHz using 16 bits per sample (channel mask 0x3)
[2018.03.02-11.12.42:006][154]LogInit: FAudioDevice initialized.
[2018.03.02-11.12.42:054][154]LogLoad: Game class is 'GameModeBase'
[2018.03.02-11.12.42:095][154]LogWorld: Bringing World /Game/Levels/TestLevels/UEDPIE_0_IATest.IATest up for play (max tick rate 0) at 2018.03.02-12.12.42
[2018.03.02-11.12.42:130][154]LogWorld: Bringing up level for play took: 0.052837
[2018.03.02-11.12.42:245][154]LogContentBrowser: Native class hierarchy updated for 'MovieSceneCapture' in 0.0004 seconds. Added 11 classes and 0 folders.
[2018.03.02-11.12.42:313][154]PIE: Play in editor start time for /Game/Levels/TestLevels/UEDPIE_0_IATest 1.053
[2018.03.02-11.13.08:653][910]LogTemp: Repeating last play command: Selected Viewport
[2018.03.02-11.13.08:671][910]LogPlayLevel: PlayLevel: No blueprints needed recompiling
[2018.03.02-11.13.08:671][910]PIE: New page: PIE session: IATest (Mar 2, 2018, 1:13:08 PM)
[2018.03.02-11.13.08:671][910]LogPlayLevel: Creating play world package: /Game/Levels/TestLevels/UEDPIE_0_IATest
[2018.03.02-11.13.08:678][910]LogPlayLevel: PIE: StaticDuplicateObject took: (0.006811s)
[2018.03.02-11.13.08:680][910]LogAIModule: Creating AISystem for world IATest
[2018.03.02-11.13.08:680][910]LogPlayLevel: PIE: World Init took: (0.001128s)
[2018.03.02-11.13.08:680][910]LogPlayLevel: PIE: Created PIE world by copying editor world from /Game/Levels/TestLevels/IATest.IATest to /Game/Levels/TestLevels/UEDPIE_0_IATest.IATest (0.008656s)
[2018.03.02-11.13.08:737][910]LogInit: XAudio2 using 'BenQ LCD (NVIDIA High Definition Audio)' : 2 channels at 48 kHz using 16 bits per sample (channel mask 0x3)
[2018.03.02-11.13.08:745][910]LogInit: FAudioDevice initialized.
[2018.03.02-11.13.08:785][910]LogLoad: Game class is 'GameModeBase'
[2018.03.02-11.13.08:788][910]LogWorld: Bringing World /Game/Levels/TestLevels/UEDPIE_0_IATest.IATest up for play (max tick rate 0) at 2018.03.02-12.13.08
[2018.03.02-11.13.08:789][910]LogWorld: Bringing up level for play took: 0.003108
[2018.03.02-11.13.08:790][910]PIE: Play in editor start time for /Game/Levels/TestLevels/UEDPIE_0_IATest -0.469
[2018.03.02-11.13.12:398][283]LogEditorViewport: Clicking on Actor (LMB): StaticMeshActor (Cube)
[2018.03.02-11.13.16:907][716]Cmd: DELETE
[2018.03.02-11.13.16:907][716]Cmd: ACTOR DELETE
[2018.03.02-11.13.17:015][716]LogEditorActor: Deleted Actor: StaticMeshActor
[2018.03.02-11.13.17:034][716]LogEditorActor: Deleted 1 Actors (0.045 secs)
[2018.03.02-11.13.18:618][901]Cmd: TRANSACTION UNDO
[2018.03.02-11.13.18:618][901]LogEditorTransaction: Undo Delete Actors
[2018.03.02-11.13.18:659][901]LogSlate: Took 0.000318 seconds to synchronously load lazily loaded font '../../../Engine/Content/Slate/Fonts/Roboto-Light.ttf' (159K)
[2018.03.02-11.13.19:822][991]LogEditorViewport: Clicking on Actor (LMB): StaticMeshActor (Cube)
[2018.03.02-11.13.24:109][429]LogEditorViewport: Clicking on Actor (LMB): StaticMeshActor (Cube)
[2018.03.02-11.13.24:616][481]LogEditorViewport: Clicking on Actor (LMB): FirstPersonCharacter_C (FirstPersonCharacter)
[2018.03.02-11.13.25:469][556]Cmd: DELETE
[2018.03.02-11.13.25:469][556]Cmd: ACTOR DELETE
[2018.03.02-11.13.25:471][556]LogEditorActor: Deleted Actor: FirstPersonCharacter_C
[2018.03.02-11.13.25:517][556]LogEditorActor: Deleted 1 Actors (0.048 secs)
[2018.03.02-11.13.28:163][818]LogSlate: Took 0.015087 seconds to synchronously load lazily loaded font '../../../Engine/Content/Editor/Slate/Fonts/Roboto-Italic.ttf' (157K)
[2018.03.02-11.13.40:560][ 20]LogSlate: Warning: Prevented a slow task dialog from being summoned while a context menu was open
[2018.03.02-11.13.42:110][194]LogSlate: Warning: Prevented a slow task dialog from being summoned while a context menu was open
[2018.03.02-11.13.47:347][772]LogTemp: Repeating last play command: Selected Viewport
[2018.03.02-11.13.47:372][772]LogPlayLevel: PlayLevel: No blueprints needed recompiling
[2018.03.02-11.13.47:372][772]PIE: New page: PIE session: IATest (Mar 2, 2018, 1:13:47 PM)
[2018.03.02-11.13.47:372][772]LogPlayLevel: Creating play world package: /Game/Levels/TestLevels/UEDPIE_0_IATest
[2018.03.02-11.13.47:378][772]LogPlayLevel: PIE: StaticDuplicateObject took: (0.006118s)
[2018.03.02-11.13.47:379][772]LogAIModule: Creating AISystem for world IATest
[2018.03.02-11.13.47:379][772]LogPlayLevel: PIE: World Init took: (0.000985s)
[2018.03.02-11.13.47:380][772]LogPlayLevel: PIE: Created PIE world by copying editor world from /Game/Levels/TestLevels/IATest.IATest to /Game/Levels/TestLevels/UEDPIE_0_IATest.IATest (0.007423s)
[2018.03.02-11.13.47:409][772]LogInit: XAudio2 using 'BenQ LCD (NVIDIA High Definition Audio)' : 2 channels at 48 kHz using 16 bits per sample (channel mask 0x3)
[2018.03.02-11.13.47:419][772]LogInit: FAudioDevice initialized.
[2018.03.02-11.13.47:458][772]LogLoad: Game class is 'FirstPersonGameMode_C'
[2018.03.02-11.13.47:461][772]LogWorld: Bringing World /Game/Levels/TestLevels/UEDPIE_0_IATest.IATest up for play (max tick rate 0) at 2018.03.02-12.13.47
[2018.03.02-11.13.47:462][772]LogWorld: Bringing up level for play took: 0.002672
[2018.03.02-11.13.47:465][772]PIE: Play in editor start time for /Game/Levels/TestLevels/UEDPIE_0_IATest 0.205
[2018.03.02-11.13.55:921][621]LogTemp: Repeating last play command: Selected Viewport
[2018.03.02-11.13.55:937][621]LogPlayLevel: PlayLevel: No blueprints needed recompiling
[2018.03.02-11.13.55:937][621]PIE: New page: PIE session: IATest (Mar 2, 2018, 1:13:55 PM)
[2018.03.02-11.13.55:937][621]LogPlayLevel: Creating play world package: /Game/Levels/TestLevels/UEDPIE_0_IATest
[2018.03.02-11.13.55:944][621]LogPlayLevel: PIE: StaticDuplicateObject took: (0.006227s)
[2018.03.02-11.13.55:944][621]LogAIModule: Creating AISystem for world IATest
[2018.03.02-11.13.55:944][621]LogPlayLevel: PIE: World Init took: (0.000725s)
[2018.03.02-11.13.55:945][621]LogPlayLevel: PIE: Created PIE world by copying editor world from /Game/Levels/TestLevels/IATest.IATest to /Game/Levels/TestLevels/UEDPIE_0_IATest.IATest (0.007235s)
[2018.03.02-11.13.55:971][621]LogInit: XAudio2 using 'BenQ LCD (NVIDIA High Definition Audio)' : 2 channels at 48 kHz using 16 bits per sample (channel mask 0x3)
[2018.03.02-11.13.55:979][621]LogInit: FAudioDevice initialized.
[2018.03.02-11.13.56:014][621]LogLoad: Game class is 'FirstPersonGameMode_C'
[2018.03.02-11.13.56:016][621]LogWorld: Bringing World /Game/Levels/TestLevels/UEDPIE_0_IATest.IATest up for play (max tick rate 0) at 2018.03.02-12.13.56
[2018.03.02-11.13.56:017][621]LogWorld: Bringing up level for play took: 0.002005
[2018.03.02-11.13.56:019][621]PIE: Play in editor start time for /Game/Levels/TestLevels/UEDPIE_0_IATest 0.76
[2018.03.02-11.14.15:772][600]MapCheck: New page: Map Check
[2018.03.02-11.14.15:784][600]Cmd: MAP REBUILD ALLVISIBLE
[2018.03.02-11.14.15:784][600]LogEditorServer: Rebuildmap Clear paths rebuilt
[2018.03.02-11.14.15:973][600]LightingResults: New page: Lighting Build - Mar 2, 2018, 1:14:15 PM
[2018.03.02-11.14.16:222][600]LogSwarmInterface: [OpenConnection] Registering TCP channel ...
[2018.03.02-11.14.16:439][600]LogSwarmInterface: [OpenConnection] Connecting to agent ...
[2018.03.02-11.14.16:455][600]LogSwarmInterface: [TryOpenConnection] Testing the Agent
[2018.03.02-11.14.17:508][600]LogSwarmInterface: [TryOpenConnection] Opening Connection to Agent
[2018.03.02-11.14.17:508][600]LogSwarmInterface: [TryOpenConnection] Local Process ID is 6888
[2018.03.02-11.14.20:082][600]LogStaticLightingSystem: Warning: No importance volume found, so the scene bounding box was used.  You can optimize your scene's quality and lighting build times by adding importance volumes.
[2018.03.02-11.14.20:082][600]LogStaticLightingSystem: Running Lightmass w/ ImmediateImport mode ENABLED
[2018.03.02-11.14.20:082][600]LogStaticLightingSystem: Running Lightmass w/ ImmediateProcess mode ENABLED
[2018.03.02-11.14.20:082][600]LogStaticLightingSystem: Running Lightmass w/ Sorting mode ENABLED
[2018.03.02-11.14.20:082][600]LogStaticLightingSystem: Running Lightmass w/ Mapping paddings ENABLED
[2018.03.02-11.14.20:082][600]LogStaticLightingSystem: Running Lightmass w/ Mapping debug paddings DISABLED
[2018.03.02-11.14.20:232][600]LogEditorBuildUtils: Build time 0:04
[2018.03.02-11.14.23:117][727]Job is a success!
[2018.03.02-11.14.23:344][728]LogVolumetricLightmapImport: Imported Volumetric Lightmap in 0.164s
[2018.03.02-11.14.23:344][728]LogVolumetricLightmapImport:      Indirection Texture 16x16x16 = 0.0Mb
[2018.03.02-11.14.23:344][728]LogVolumetricLightmapImport:      BrickData 205x5x5 = 0.1Mb
[2018.03.02-11.14.23:344][728]LogVolumetricLightmapImport:      Bricks at Level
[2018.03.02-11.14.23:344][728]LogVolumetricLightmapImport:          0: 2.4% covering 100.0% of volume
[2018.03.02-11.14.23:345][728]LogVolumetricLightmapImport:          1: 22.0% covering 14.1% of volume
[2018.03.02-11.14.23:345][728]LogVolumetricLightmapImport:          2: 75.6% covering 0.8% of volume
[2018.03.02-11.14.23:581][728]LogTexture: Display: Building textures: HQ_Lightmap0_1 (AutoDXT, 1024X1024)
[2018.03.02-11.14.23:581][728]LogTexture: Display: Building textures: LQ_Lightmap_0_2 (DXT1, 128X128)
[2018.03.02-11.14.23:581][728]LogTexture: Display: Building textures: LQ_Lightmap_0_1 (DXT1, 1024X1024)
[2018.03.02-11.14.23:581][728]LogTexture: Display: Building textures: HQ_Lightmap0_2 (AutoDXT, 128X128)
[2018.03.02-11.14.23:581][728]LogTexture: Display: Building textures: ShadowMapTexture2D_1 (G8, 64X64)
[2018.03.02-11.14.23:581][728]LogTexture: Display: Building textures: ShadowMapTexture2D_0 (G8, 128X512)
[2018.03.02-11.14.23:690][728]Lightmass on DESKTOP-SRIHI8I: 2.08 sec total, 173 ms importing, 23 ms setup, 778 ms photons, 1.06 sec processing, 0 ms extra exporting [101/101 mappings]. Threads: 11.1 sec total, 1.12 sec processing.
[2018.03.02-11.14.23:731][728]LogStaticLightingSystem: Illumination: 7.72 sec (160 ms encoding lightmaps, 28 ms encoding shadowmaps)
[2018.03.02-11.14.23:731][728]LogStaticLightingSystem: Lightmap texture memory:  2.0 MB (0.0 MB streaming, 2.0 MB non-streaming), 4 textures
[2018.03.02-11.14.23:731][728]LogStaticLightingSystem: Shadowmap texture memory: 0.1 MB (0.0 MB streaming, 0.1 MB non-streaming), 2 textures
[2018.03.02-11.14.29:092][728]DumpUnbuiltLightIteractions
[2018.03.02-11.14.29:092][728]Lights with unbuilt interactions: 0
[2018.03.02-11.14.29:092][728]
[2018.03.02-11.14.29:092][728]Primitives with unbuilt interactions: 0
[2018.03.02-11.14.29:102][729]Cmd: MAP CHECK NOTIFYRESULTS
[2018.03.02-11.14.29:102][729]MapCheck: New page: IATest - Mar 2, 2018, 1:14:29 PM
[2018.03.02-11.14.29:194][729]MapCheck: Map check complete: 0 Error(s), 0 Warning(s), took 92.392ms to complete.
[2018.03.02-11.14.29:206][729]LogEditorViewport: Clicking Background
[2018.03.02-11.14.29:227][729]LogEditorViewport: Clicking on Actor (LMB): RecastNavMesh (RecastNavMesh-Default)
[2018.03.02-11.14.30:329][826]LogTemp: Repeating last play command: Selected Viewport
[2018.03.02-11.14.30:368][826]LogPlayLevel: PlayLevel: No blueprints needed recompiling
[2018.03.02-11.14.30:369][826]PIE: New page: PIE session: IATest (Mar 2, 2018, 1:14:30 PM)
[2018.03.02-11.14.30:369][826]LogPlayLevel: Creating play world package: /Game/Levels/TestLevels/UEDPIE_0_IATest
[2018.03.02-11.14.30:375][826]LogPlayLevel: PIE: StaticDuplicateObject took: (0.006111s)
[2018.03.02-11.14.30:376][826]LogAIModule: Creating AISystem for world IATest
[2018.03.02-11.14.30:376][826]LogPlayLevel: PIE: World Init took: (0.000828s)
[2018.03.02-11.14.30:376][826]LogPlayLevel: PIE: Created PIE world by copying editor world from /Game/Levels/TestLevels/IATest.IATest to /Game/Levels/TestLevels/UEDPIE_0_IATest.IATest (0.007227s)
[2018.03.02-11.14.30:411][826]LogInit: XAudio2 using 'BenQ LCD (NVIDIA High Definition Audio)' : 2 channels at 48 kHz using 16 bits per sample (channel mask 0x3)
[2018.03.02-11.14.30:419][826]LogInit: FAudioDevice initialized.
[2018.03.02-11.14.30:455][826]LogLoad: Game class is 'FirstPersonGameMode_C'
[2018.03.02-11.14.30:457][826]LogWorld: Bringing World /Game/Levels/TestLevels/UEDPIE_0_IATest.IATest up for play (max tick rate 0) at 2018.03.02-12.14.30
[2018.03.02-11.14.30:458][826]LogWorld: Bringing up level for play took: 0.001918
[2018.03.02-11.14.30:460][826]PIE: Play in editor start time for /Game/Levels/TestLevels/UEDPIE_0_IATest -0.799
[2018.03.02-11.15.04:065][ 38]Cmd: QUIT_EDITOR
[2018.03.02-11.15.04:283][ 38]LogWindowsTextInputMethodSystem: Display: IME system now deactivated.
[2018.03.02-11.15.04:293][ 38]LogExit: Preparing to exit.
[2018.03.02-11.15.04:995][ 38]LogExit: Editor shut down
[2018.03.02-11.15.05:000][ 38]LogExit: Transaction tracking system shut down
[2018.03.02-11.15.05:169][ 38]LogDirectoryWatcher: A directory notification for '../../../Engine/Content/' was aborted.
[2018.03.02-11.15.05:169][ 38]LogDirectoryWatcher: A directory notification for 'C:/Users/Aleix/Desktop/Motors-Jocs-II-master/MyProject/Content/' was aborted.
[2018.03.02-11.15.05:169][ 38]LogDirectoryWatcher: A directory notification for '../../../Engine/Plugins/2D/Paper2D/Content/' was aborted.
[2018.03.02-11.15.05:169][ 38]LogDirectoryWatcher: A directory notification for '../../../Engine/Plugins/Media/MediaCompositing/Content/' was aborted.
[2018.03.02-11.15.05:169][ 38]LogDirectoryWatcher: A directory notification for '../../../Engine/Plugins/Runtime/AppleARKit/Content/' was aborted.
[2018.03.02-11.15.05:169][ 38]LogDirectoryWatcher: A directory notification for '../../../Engine/Plugins/Runtime/Oculus/OculusVR/Content/' was aborted.
[2018.03.02-11.15.05:169][ 38]LogDirectoryWatcher: A directory notification for '../../../Engine/Plugins/Runtime/Steam/SteamVR/Content/' was aborted.
[2018.03.02-11.15.05:237][ 38]LogExit: Object subsystem successfully closed.
[2018.03.02-11.15.05:275][ 38]LogD3D11RHI: Shutdown
[2018.03.02-11.15.05:275][ 38]LogD3D11RHI: CleanupD3DDevice
[2018.03.02-11.15.05:279][ 38]LogD3D11RHI: ~FD3D11DynamicRHI
[2018.03.02-11.15.05:288][ 38]LogModuleManager: Shutting down and abandoning module MovieSceneCapture (550)
[2018.03.02-11.15.05:288][ 38]LogModuleManager: Shutting down and abandoning module HierarchicalLODOutliner (548)
[2018.03.02-11.15.05:288][ 38]LogModuleManager: Shutting down and abandoning module SceneOutliner (546)
[2018.03.02-11.15.05:288][ 38]LogModuleManager: Shutting down and abandoning module AddContentDialog (544)
[2018.03.02-11.15.05:288][ 38]LogDirectoryWatcher: A directory notification for 'D:/Unreal/UE_4.18/FeaturePacks/' was aborted.
[2018.03.02-11.15.05:289][ 38]LogModuleManager: Shutting down and abandoning module WidgetCarousel (543)
[2018.03.02-11.15.05:289][ 38]LogModuleManager: Shutting down and abandoning module EditorWidgets (540)
[2018.03.02-11.15.05:289][ 38]LogModuleManager: Shutting down and abandoning module CollectionManager (538)
[2018.03.02-11.15.05:289][ 38]LogDirectoryWatcher: A directory notification for 'C:/Users/Aleix/Desktop/Motors-Jocs-II-master/MyProject/Content/Collections/' was aborted.
[2018.03.02-11.15.05:289][ 38]LogDirectoryWatcher: A directory notification for 'C:/Users/Aleix/Desktop/Motors-Jocs-II-master/MyProject/Content/Developers/Aleix/Collections/' was aborted.
[2018.03.02-11.15.05:290][ 38]LogDirectoryWatcher: A directory notification for 'C:/Users/Aleix/Desktop/Motors-Jocs-II-master/MyProject/Saved/Collections/' was aborted.
[2018.03.02-11.15.05:290][ 38]LogModuleManager: Shutting down and abandoning module StatsViewer (536)
[2018.03.02-11.15.05:290][ 38]LogModuleManager: Shutting down and abandoning module FoliageEdit (534)
[2018.03.02-11.15.05:290][ 38]LogModuleManager: Shutting down and abandoning module LandscapeEditor (532)
[2018.03.02-11.15.05:290][ 38]LogModuleManager: Shutting down and abandoning module MeshPaintMode (530)
[2018.03.02-11.15.05:290][ 38]LogModuleManager: Shutting down and abandoning module SceneDepthPickerMode (528)
[2018.03.02-11.15.05:290][ 38]LogModuleManager: Shutting down and abandoning module ActorPickerMode (526)
[2018.03.02-11.15.05:290][ 38]LogModuleManager: Shutting down and abandoning module GeometryMode (524)
[2018.03.02-11.15.05:290][ 38]LogModuleManager: Shutting down and abandoning module TextureAlignMode (522)
[2018.03.02-11.15.05:290][ 38]LogModuleManager: Shutting down and abandoning module BspMode (520)
[2018.03.02-11.15.05:290][ 38]LogModuleManager: Shutting down and abandoning module PIEPreviewDeviceProfileSelector (518)
[2018.03.02-11.15.05:290][ 38]LogModuleManager: Shutting down and abandoning module HardwareSurvey (516)
[2018.03.02-11.15.05:290][ 38]LogModuleManager: Shutting down and abandoning module SequenceRecorderSections (514)
[2018.03.02-11.15.05:290][ 38]LogModuleManager: Shutting down and abandoning module AutomationWorker (512)
[2018.03.02-11.15.05:290][ 38]LogModuleManager: Shutting down and abandoning module MatineeToLevelSequence (510)
[2018.03.02-11.15.05:290][ 38]LogModuleManager: Shutting down and abandoning module LevelSequenceEditor (508)
[2018.03.02-11.15.05:290][ 38]LogModuleManager: Shutting down and abandoning module PlacementMode (507)
[2018.03.02-11.15.05:290][ 38]LogModuleManager: Shutting down and abandoning module WmfMediaFactory (504)
[2018.03.02-11.15.05:290][ 38]LogModuleManager: Shutting down and abandoning module WmfMediaEditor (502)
[2018.03.02-11.15.05:290][ 38]LogModuleManager: Shutting down and abandoning module OpenExrWrapper (500)
[2018.03.02-11.15.05:290][ 38]LogModuleManager: Shutting down and abandoning module ImgMediaFactory (498)
[2018.03.02-11.15.05:290][ 38]LogModuleManager: Shutting down and abandoning module ImgMediaEditor (496)
[2018.03.02-11.15.05:290][ 38]LogModuleManager: Shutting down and abandoning module AvfMediaFactory (494)
[2018.03.02-11.15.05:291][ 38]LogModuleManager: Shutting down and abandoning module AvfMediaEditor (492)
[2018.03.02-11.15.05:291][ 38]LogModuleManager: Shutting down and abandoning module AndroidMediaFactory (490)
[2018.03.02-11.15.05:291][ 38]LogModuleManager: Shutting down and abandoning module AndroidMediaEditor (488)
[2018.03.02-11.15.05:291][ 38]LogModuleManager: Shutting down and abandoning module CharacterAI (486)
[2018.03.02-11.15.05:291][ 38]LogModuleManager: Shutting down and abandoning module AudioCapture (484)
[2018.03.02-11.15.05:291][ 38]LogModuleManager: Shutting down and abandoning module SequenceRecorder (483)
[2018.03.02-11.15.05:291][ 38]LogModuleManager: Shutting down and abandoning module SmartSnapping (480)
[2018.03.02-11.15.05:291][ 38]LogModuleManager: Shutting down and abandoning module SessionServices (478)
[2018.03.02-11.15.05:291][ 38]LogModuleManager: Shutting down and abandoning module ViewportSnapping (476)
[2018.03.02-11.15.05:291][ 38]LogModuleManager: Shutting down and abandoning module ViewportInteraction (474)
[2018.03.02-11.15.05:291][ 38]LogModuleManager: Shutting down and abandoning module ClothPainter (472)
[2018.03.02-11.15.05:291][ 38]LogModuleManager: Shutting down and abandoning module SkeletalMeshEditor (471)
[2018.03.02-11.15.05:291][ 38]LogModuleManager: Shutting down and abandoning module LogVisualizer (468)
[2018.03.02-11.15.05:291][ 38]LogModuleManager: Shutting down and abandoning module IntroTutorials (466)
[2018.03.02-11.15.05:291][ 38]LogModuleManager: Shutting down and abandoning module GameProjectGeneration (465)
[2018.03.02-11.15.05:291][ 38]LogModuleManager: Shutting down and abandoning module IOSPlatformEditor (462)
[2018.03.02-11.15.05:291][ 38]LogModuleManager: Shutting down and abandoning module HTML5PlatformEditor (460)
[2018.03.02-11.15.05:291][ 38]LogModuleManager: Shutting down and abandoning module AndroidPlatformEditor (458)
[2018.03.02-11.15.05:291][ 38]LogModuleManager: Shutting down and abandoning module AndroidDeviceDetection (457)
[2018.03.02-11.15.05:420][ 38]LogModuleManager: Shutting down and abandoning module WindowsPlatformEditor (454)
[2018.03.02-11.15.05:420][ 38]LogModuleManager: Shutting down and abandoning module IOSRuntimeSettings (452)
[2018.03.02-11.15.05:420][ 38]LogModuleManager: Shutting down and abandoning module AndroidRuntimeSettings (450)
[2018.03.02-11.15.05:420][ 38]LogModuleManager: Shutting down and abandoning module InputBindingEditor (448)
[2018.03.02-11.15.05:420][ 38]LogModuleManager: Shutting down and abandoning module MergeActors (446)
[2018.03.02-11.15.05:420][ 38]LogModuleManager: Shutting down and abandoning module SizeMap (444)
[2018.03.02-11.15.05:420][ 38]LogModuleManager: Shutting down and abandoning module TreeMap (442)
[2018.03.02-11.15.05:420][ 38]LogModuleManager: Shutting down and abandoning module ReferenceViewer (440)
[2018.03.02-11.15.05:420][ 38]LogModuleManager: Shutting down and abandoning module LocalizationDashboard (438)
[2018.03.02-11.15.05:421][ 38]LogModuleManager: Shutting down and abandoning module LocalizationService (437)
[2018.03.02-11.15.05:421][ 38]LogModuleManager: Shutting down and abandoning module HardwareTargeting (434)
[2018.03.02-11.15.05:421][ 38]LogModuleManager: Shutting down and abandoning module DeviceProfileEditor (432)
[2018.03.02-11.15.05:421][ 38]LogModuleManager: Shutting down and abandoning module UndoHistory (430)
[2018.03.02-11.15.05:421][ 38]LogModuleManager: Shutting down and abandoning module XmlParser (428)
[2018.03.02-11.15.05:421][ 38]LogModuleManager: Shutting down and abandoning module Blutility (426)
[2018.03.02-11.15.05:421][ 38]LogModuleManager: Shutting down and abandoning module ProjectSettingsViewer (424)
[2018.03.02-11.15.05:421][ 38]LogModuleManager: Shutting down and abandoning module ProjectTargetPlatformEditor (423)
[2018.03.02-11.15.05:421][ 38]LogModuleManager: Shutting down and abandoning module EditorSettingsViewer (420)
[2018.03.02-11.15.05:421][ 38]LogModuleManager: Shutting down and abandoning module SettingsEditor (418)
[2018.03.02-11.15.05:421][ 38]LogModuleManager: Shutting down and abandoning module ProjectLauncher (416)
[2018.03.02-11.15.05:421][ 38]LogModuleManager: Shutting down and abandoning module SessionFrontend (414)
[2018.03.02-11.15.05:421][ 38]LogModuleManager: Shutting down and abandoning module ProfilerClient (412)
[2018.03.02-11.15.05:421][ 38]LogModuleManager: Shutting down and abandoning module DeviceManager (410)
[2018.03.02-11.15.05:421][ 38]LogModuleManager: Shutting down and abandoning module TargetDeviceServices (409)
[2018.03.02-11.15.05:474][ 38]LogModuleManager: Shutting down and abandoning module AutomationController (406)
[2018.03.02-11.15.05:474][ 38]LogModuleManager: Shutting down and abandoning module AutomationWindow (404)
[2018.03.02-11.15.05:474][ 38]LogModuleManager: Shutting down and abandoning module Layers (402)
[2018.03.02-11.15.05:474][ 38]LogModuleManager: Shutting down and abandoning module ComponentVisualizers (400)
[2018.03.02-11.15.05:474][ 38]LogModuleManager: Shutting down and abandoning module DetailCustomizations (398)
[2018.03.02-11.15.05:474][ 38]LogModuleManager: Shutting down and abandoning module PackagesDialog (396)
[2018.03.02-11.15.05:474][ 38]LogModuleManager: Shutting down and abandoning module Persona (394)
[2018.03.02-11.15.05:474][ 38]LogModuleManager: Shutting down and abandoning module AdvancedPreviewScene (393)
[2018.03.02-11.15.05:474][ 38]LogModuleManager: Shutting down and abandoning module AnimGraph (391)
[2018.03.02-11.15.05:474][ 38]LogModuleManager: Shutting down and abandoning module Kismet (388)
[2018.03.02-11.15.05:475][ 38]LogModuleManager: Shutting down and abandoning module ClassViewer (386)
[2018.03.02-11.15.05:476][ 38]LogModuleManager: Shutting down and abandoning module Toolbox (384)
[2018.03.02-11.15.05:476][ 38]LogModuleManager: Shutting down and abandoning module ModuleUI (382)
[2018.03.02-11.15.05:476][ 38]LogModuleManager: Shutting down and abandoning module MovieSceneTools (380)
[2018.03.02-11.15.05:477][ 38]LogModuleManager: Shutting down and abandoning module OutputLog (378)
[2018.03.02-11.15.05:477][ 38]LogModuleManager: Shutting down and abandoning module GammaUI (376)
[2018.03.02-11.15.05:477][ 38]LogModuleManager: Shutting down and abandoning module Documentation (374)
[2018.03.02-11.15.05:477][ 38]LogModuleManager: Shutting down and abandoning module MovieSceneTracks (372)
[2018.03.02-11.15.05:477][ 38]LogModuleManager: Shutting down and abandoning module MovieScene (370)
[2018.03.02-11.15.05:477][ 38]LogModuleManager: Shutting down and abandoning module StreamingPauseRendering (368)
[2018.03.02-11.15.05:477][ 38]LogModuleManager: Shutting down and abandoning module LauncherPlatform (366)
[2018.03.02-11.15.05:477][ 38]LogModuleManager: Shutting down and abandoning module AnalyticsET (364)
[2018.03.02-11.15.05:477][ 38]LogModuleManager: Shutting down and abandoning module PortalServices (362)
[2018.03.02-11.15.05:477][ 38]LogModuleManager: Shutting down and abandoning module PortalRpc (360)
[2018.03.02-11.15.05:477][ 38]LogModuleManager: Shutting down and abandoning module MessagingRpc (358)
[2018.03.02-11.15.05:477][ 38]LogModuleManager: Shutting down and abandoning module AIModule (356)
[2018.03.02-11.15.05:477][ 38]LogModuleManager: Shutting down and abandoning module GameplayDebugger (355)
[2018.03.02-11.15.05:477][ 38]LogModuleManager: Shutting down and abandoning module AITestSuite (353)
[2018.03.02-11.15.05:477][ 38]LogModuleManager: Shutting down and abandoning module DesktopPlatform (350)
[2018.03.02-11.15.05:477][ 38]LogModuleManager: Shutting down and abandoning module ProfilerService (348)
[2018.03.02-11.15.05:551][ 38]LogModuleManager: Shutting down and abandoning module TaskGraph (346)
[2018.03.02-11.15.05:551][ 38]LogModuleManager: Shutting down and abandoning module SteamVRController (344)
[2018.03.02-11.15.05:551][ 38]LogModuleManager: Shutting down and abandoning module ProceduralMeshComponentEditor (342)
[2018.03.02-11.15.05:551][ 38]LogModuleManager: Shutting down and abandoning module ProceduralMeshComponent (340)
[2018.03.02-11.15.05:551][ 38]LogModuleManager: Shutting down and abandoning module OculusInput (338)
[2018.03.02-11.15.05:551][ 38]LogModuleManager: Shutting down and abandoning module MobilePatchingUtils (336)
[2018.03.02-11.15.05:551][ 38]LogModuleManager: Shutting down and abandoning module CustomMeshComponent (334)
[2018.03.02-11.15.05:551][ 38]LogModuleManager: Shutting down and abandoning module CableComponent (332)
[2018.03.02-11.15.05:551][ 38]LogModuleManager: Shutting down and abandoning module ArchVisCharacter (330)
[2018.03.02-11.15.05:551][ 38]LogModuleManager: Shutting down and abandoning module AndroidPermission (328)
[2018.03.02-11.15.05:551][ 38]LogModuleManager: Shutting down and abandoning module ActorSequence (324)
[2018.03.02-11.15.05:552][ 38]LogModuleManager: Shutting down and abandoning module MediaPlayerEditor (322)
[2018.03.02-11.15.05:552][ 38]LogModuleManager: Shutting down and abandoning module MediaCompositingEditor (320)
[2018.03.02-11.15.05:552][ 38]LogModuleManager: Shutting down and abandoning module MediaCompositing (318)
[2018.03.02-11.15.05:552][ 38]LogModuleManager: Shutting down and abandoning module HTML5Networking (316)
[2018.03.02-11.15.05:552][ 38]LogModuleManager: Shutting down and abandoning module AlembicImporter (314)
[2018.03.02-11.15.05:552][ 38]LogModuleManager: Shutting down and abandoning module AlembicLibrary (313)
[2018.03.02-11.15.05:552][ 38]LogModuleManager: Shutting down and abandoning module GeometryCache (312)
[2018.03.02-11.15.05:552][ 38]LogModuleManager: Shutting down and abandoning module GeometryCacheEd (311)
[2018.03.02-11.15.05:552][ 38]LogModuleManager: Shutting down and abandoning module SpeedTreeImporter (306)
[2018.03.02-11.15.05:552][ 38]LogModuleManager: Shutting down and abandoning module PluginBrowser (304)
[2018.03.02-11.15.05:552][ 38]LogModuleManager: Shutting down and abandoning module MobileLauncherProfileWizard (302)
[2018.03.02-11.15.05:552][ 38]LogModuleManager: Shutting down and abandoning module VisualStudioSourceCodeAccess (300)
[2018.03.02-11.15.05:552][ 38]LogModuleManager: Shutting down and abandoning module VisualStudioCodeSourceCodeAccess (298)
[2018.03.02-11.15.05:552][ 38]LogModuleManager: Shutting down and abandoning module UObjectPlugin (296)
[2018.03.02-11.15.05:552][ 38]LogModuleManager: Shutting down and abandoning module SubversionSourceControl (294)
[2018.03.02-11.15.05:552][ 38]LogModuleManager: Shutting down and abandoning module PerforceSourceControl (292)
[2018.03.02-11.15.05:552][ 38]LogModuleManager: Shutting down and abandoning module GitSourceControl (290)
[2018.03.02-11.15.05:552][ 38]LogModuleManager: Shutting down and abandoning module SourceControl (289)
[2018.03.02-11.15.05:552][ 38]LogModuleManager: Shutting down and abandoning module LightPropagationVolumeEditor (286)
[2018.03.02-11.15.05:552][ 38]LogModuleManager: Shutting down and abandoning module PaperTiledImporter (284)
[2018.03.02-11.15.05:552][ 38]LogModuleManager: Shutting down and abandoning module PaperSpriteSheetImporter (282)
[2018.03.02-11.15.05:552][ 38]LogModuleManager: Shutting down and abandoning module Paper2DEditor (280)
[2018.03.02-11.15.05:552][ 38]LogModuleManager: Shutting down and abandoning module MeshPaint (279)
[2018.03.02-11.15.05:552][ 38]LogModuleManager: Shutting down and abandoning module LevelEditor (277)
[2018.03.02-11.15.05:553][ 38]LogModuleManager: Shutting down and abandoning module PixelInspectorModule (276)
[2018.03.02-11.15.05:553][ 38]LogModuleManager: Shutting down and abandoning module MainFrame (274)
[2018.03.02-11.15.05:553][ 38]LogModuleManager: Shutting down and abandoning module HotReload (273)
[2018.03.02-11.15.05:554][ 38]LogModuleManager: Shutting down and abandoning module RuntimePhysXCooking (268)
[2018.03.02-11.15.05:554][ 38]LogModuleManager: Shutting down and abandoning module PhysXVehiclesEditor (266)
[2018.03.02-11.15.05:554][ 38]LogModuleManager: Shutting down and abandoning module PhysXVehicles (264)
[2018.03.02-11.15.05:554][ 38]LogModuleManager: Shutting down and abandoning module OculusEditor (262)
[2018.03.02-11.15.05:554][ 38]LogModuleManager: Shutting down and abandoning module LocationServicesBPLibrary (260)
[2018.03.02-11.15.05:554][ 38]LogModuleManager: Shutting down and abandoning module ImmediatePhysicsEditor (258)
[2018.03.02-11.15.05:554][ 38]LogModuleManager: Shutting down and abandoning module ImmediatePhysics (256)
[2018.03.02-11.15.05:554][ 38]LogModuleManager: Shutting down and abandoning module UdpMessaging (254)
[2018.03.02-11.15.05:655][ 38]LogModuleManager: Shutting down and abandoning module TcpMessaging (252)
[2018.03.02-11.15.05:881][ 38]LogModuleManager: Shutting down and abandoning module GameplayTagsEditor (250)
[2018.03.02-11.15.05:881][ 38]LogModuleManager: Shutting down and abandoning module FacialAnimationEditor (248)
[2018.03.02-11.15.05:881][ 38]LogModuleManager: Shutting down and abandoning module FacialAnimation (246)
[2018.03.02-11.15.05:881][ 38]LogModuleManager: Shutting down and abandoning module AssetManagerEditor (244)
[2018.03.02-11.15.05:881][ 38]LogModuleManager: Shutting down and abandoning module GraphEditor (243)
[2018.03.02-11.15.05:881][ 38]LogModuleManager: Shutting down and abandoning module ContentBrowser (241)
[2018.03.02-11.15.05:882][ 38]LogModuleManager: Shutting down and abandoning module LightPropagationVolumeRuntime (238)
[2018.03.02-11.15.05:882][ 38]LogModuleManager: Shutting down and abandoning module Paper2D (236)
[2018.03.02-11.15.05:882][ 38]LogModuleManager: Shutting down and abandoning module WindowsMoviePlayer (234)
[2018.03.02-11.15.05:882][ 38]LogModuleManager: Shutting down and abandoning module WmfMedia (232)
[2018.03.02-11.15.05:884][ 38]LogModuleManager: Shutting down and abandoning module ImgMedia (230)
[2018.03.02-11.15.05:884][ 38]LogModuleManager: Shutting down and abandoning module PacketHandler (228)
[2018.03.02-11.15.05:884][ 38]LogModuleManager: Shutting down and abandoning module ClothingSystemEditor (226)
[2018.03.02-11.15.05:885][ 38]LogModuleManager: Shutting down and abandoning module ClothingSystemRuntime (224)
[2018.03.02-11.15.05:885][ 38]LogModuleManager: Shutting down and abandoning module MediaAssets (222)
[2018.03.02-11.15.05:885][ 38]LogModuleManager: Shutting down and abandoning module Media (221)
[2018.03.02-11.15.05:891][ 38]LogModuleManager: Shutting down and abandoning module Overlay (218)
[2018.03.02-11.15.05:891][ 38]LogModuleManager: Shutting down and abandoning module OverlayEditor (217)
[2018.03.02-11.15.05:891][ 38]LogModuleManager: Shutting down and abandoning module VREditor (214)
[2018.03.02-11.15.05:891][ 38]LogModuleManager: Shutting down and abandoning module StringTableEditor (212)
[2018.03.02-11.15.05:891][ 38]LogModuleManager: Shutting down and abandoning module GameplayTasksEditor (210)
[2018.03.02-11.15.05:891][ 38]LogModuleManager: Shutting down and abandoning module BehaviorTreeEditor (208)
[2018.03.02-11.15.05:891][ 38]LogModuleManager: Shutting down and abandoning module FunctionalTesting (206)
[2018.03.02-11.15.05:891][ 38]LogModuleManager: Shutting down and abandoning module CollisionAnalyzer (204)
[2018.03.02-11.15.05:891][ 38]LogModuleManager: Shutting down and abandoning module WorkspaceMenuStructure (203)
[2018.03.02-11.15.05:891][ 38]LogModuleManager: Shutting down and abandoning module UMG (200)
[2018.03.02-11.15.05:891][ 38]LogModuleManager: Shutting down and abandoning module UMGEditor (199)
[2018.03.02-11.15.05:891][ 38]LogModuleManager: Shutting down and abandoning module Sequencer (198)
[2018.03.02-11.15.05:892][ 38]LogModuleManager: Shutting down and abandoning module MessageLog (195)
[2018.03.02-11.15.05:892][ 38]LogModuleManager: Shutting down and abandoning module SlateReflector (190)
[2018.03.02-11.15.05:892][ 38]LogModuleManager: Shutting down and abandoning module Slate (188)
[2018.03.02-11.15.05:892][ 38]LogModuleManager: Shutting down and abandoning module EditorStyle (186)
[2018.03.02-11.15.05:894][ 38]LogModuleManager: Shutting down and abandoning module MRMesh (184)
[2018.03.02-11.15.05:894][ 38]LogModuleManager: Shutting down and abandoning module SourceCodeAccess (182)
[2018.03.02-11.15.05:894][ 38]LogModuleManager: Shutting down and abandoning module HeadMountedDisplay (180)
[2018.03.02-11.15.05:894][ 38]LogModuleManager: Shutting down and abandoning module XAudio2 (178)
[2018.03.02-11.15.05:894][ 38]LogModuleManager: Shutting down and abandoning module Networking (176)
[2018.03.02-11.15.05:894][ 38]LogModuleManager: Shutting down and abandoning module Core (172)
[2018.03.02-11.15.05:894][ 38]LogModuleManager: Shutting down and abandoning module LevelSequence (168)
[2018.03.02-11.15.05:894][ 38]LogModuleManager: Shutting down and abandoning module DirectoryWatcher (166)
[2018.03.02-11.15.05:895][ 38]LogModuleManager: Shutting down and abandoning module KismetCompiler (164)
[2018.03.02-11.15.05:895][ 38]LogModuleManager: Shutting down and abandoning module MeshUtilities (162)
[2018.03.02-11.15.05:895][ 38]LogModuleManager: Shutting down and abandoning module MeshMergeUtilities (161)
[2018.03.02-11.15.05:895][ 38]LogModuleManager: Shutting down and abandoning module MeshReductionInterface (160)
[2018.03.02-11.15.05:895][ 38]LogModuleManager: Shutting down and abandoning module SimplygonSwarm (159)
[2018.03.02-11.15.05:895][ 38]LogModuleManager: Shutting down and abandoning module SimplygonMeshReduction (157)
[2018.03.02-11.15.05:895][ 38]LogModuleManager: Shutting down and abandoning module QuadricMeshReduction (155)
[2018.03.02-11.15.05:895][ 38]LogModuleManager: Shutting down and abandoning module MaterialBaking (151)
[2018.03.02-11.15.05:895][ 38]LogModuleManager: Shutting down and abandoning module DerivedDataCache (148)
[2018.03.02-11.15.05:922][ 38]LogDerivedDataCache: Shutdown
[2018.03.02-11.15.05:922][ 38]LogModuleManager: Shutting down and abandoning module TargetPlatform (146)
[2018.03.02-11.15.05:922][ 38]LogModuleManager: Shutting down and abandoning module VulkanShaderFormat (145)
[2018.03.02-11.15.05:922][ 38]LogModuleManager: Shutting down and abandoning module ShaderFormatVectorVM (143)
[2018.03.02-11.15.05:922][ 38]LogModuleManager: Shutting down and abandoning module ShaderFormatOpenGL (141)
[2018.03.02-11.15.05:922][ 38]LogModuleManager: Shutting down and abandoning module ShaderFormatD3D (139)
[2018.03.02-11.15.05:922][ 38]LogModuleManager: Shutting down and abandoning module MetalShaderFormat (137)
[2018.03.02-11.15.05:923][ 38]LogModuleManager: Shutting down and abandoning module TextureFormatUncompressed (135)
[2018.03.02-11.15.05:923][ 38]LogModuleManager: Shutting down and abandoning module TextureFormatPVR (133)
[2018.03.02-11.15.05:923][ 38]LogModuleManager: Shutting down and abandoning module TextureFormatDXT (131)
[2018.03.02-11.15.05:923][ 38]LogModuleManager: Shutting down and abandoning module TextureFormatIntelISPCTexComp (129)
[2018.03.02-11.15.05:923][ 38]LogModuleManager: Shutting down and abandoning module TextureFormatASTC (127)
[2018.03.02-11.15.05:923][ 38]LogModuleManager: Shutting down and abandoning module ImageWrapper (126)
[2018.03.02-11.15.05:923][ 38]LogModuleManager: Shutting down and abandoning module TextureFormatAndroid (123)
[2018.03.02-11.15.05:923][ 38]LogModuleManager: Shutting down and abandoning module AudioFormatOpus (121)
[2018.03.02-11.15.05:923][ 38]LogModuleManager: Shutting down and abandoning module AudioFormatOgg (119)
[2018.03.02-11.15.05:923][ 38]LogModuleManager: Shutting down and abandoning module AudioFormatADPCM (117)
[2018.03.02-11.15.05:923][ 38]LogModuleManager: Shutting down and abandoning module LinuxTargetPlatform (115)
[2018.03.02-11.15.05:923][ 38]LogModuleManager: Shutting down and abandoning module LinuxServerTargetPlatform (113)
[2018.03.02-11.15.05:923][ 38]LogModuleManager: Shutting down and abandoning module LinuxNoEditorTargetPlatform (111)
[2018.03.02-11.15.05:923][ 38]LogModuleManager: Shutting down and abandoning module LinuxClientTargetPlatform (109)
[2018.03.02-11.15.05:923][ 38]LogModuleManager: Shutting down and abandoning module TVOSTargetPlatform (107)
[2018.03.02-11.15.05:923][ 38]LogModuleManager: Shutting down and abandoning module Messaging (105)
[2018.03.02-11.15.05:923][ 38]LogModuleManager: Shutting down and abandoning module IOSTargetPlatform (103)
[2018.03.02-11.15.05:923][ 38]LogModuleManager: Shutting down and abandoning module HTML5TargetPlatform (101)
[2018.03.02-11.15.05:923][ 38]LogModuleManager: Shutting down and abandoning module AndroidTargetPlatform (99)
[2018.03.02-11.15.05:923][ 38]LogModuleManager: Shutting down and abandoning module Android_PVRTCTargetPlatform (97)
[2018.03.02-11.15.05:923][ 38]LogModuleManager: Shutting down and abandoning module Android_MultiTargetPlatform (95)
[2018.03.02-11.15.05:923][ 38]LogModuleManager: Shutting down and abandoning module Android_ETC2TargetPlatform (93)
[2018.03.02-11.15.05:923][ 38]LogModuleManager: Shutting down and abandoning module Android_ETC1TargetPlatform (91)
[2018.03.02-11.15.05:923][ 38]LogModuleManager: Shutting down and abandoning module Android_DXTTargetPlatform (89)
[2018.03.02-11.15.05:923][ 38]LogModuleManager: Shutting down and abandoning module Android_ATCTargetPlatform (87)
[2018.03.02-11.15.05:923][ 38]LogModuleManager: Shutting down and abandoning module Android_ASTCTargetPlatform (85)
[2018.03.02-11.15.05:923][ 38]LogModuleManager: Shutting down and abandoning module WindowsTargetPlatform (83)
[2018.03.02-11.15.05:923][ 38]LogModuleManager: Shutting down and abandoning module WindowsServerTargetPlatform (81)
[2018.03.02-11.15.05:923][ 38]LogModuleManager: Shutting down and abandoning module WindowsNoEditorTargetPlatform (79)
[2018.03.02-11.15.05:923][ 38]LogModuleManager: Shutting down and abandoning module WindowsClientTargetPlatform (77)
[2018.03.02-11.15.05:923][ 38]LogModuleManager: Shutting down and abandoning module MacTargetPlatform (75)
[2018.03.02-11.15.05:923][ 38]LogModuleManager: Shutting down and abandoning module MacServerTargetPlatform (73)
[2018.03.02-11.15.05:923][ 38]LogModuleManager: Shutting down and abandoning module MacNoEditorTargetPlatform (71)
[2018.03.02-11.15.05:923][ 38]LogModuleManager: Shutting down and abandoning module MacClientTargetPlatform (69)
[2018.03.02-11.15.05:923][ 38]LogModuleManager: Shutting down and abandoning module AllDesktopTargetPlatform (67)
[2018.03.02-11.15.05:923][ 38]LogModuleManager: Shutting down and abandoning module InputCore (64)
[2018.03.02-11.15.05:923][ 38]LogModuleManager: Shutting down and abandoning module Settings (62)
[2018.03.02-11.15.05:923][ 38]LogModuleManager: Shutting down and abandoning module PhysXCooking (60)
[2018.03.02-11.15.05:923][ 38]LogModuleManager: Shutting down and abandoning module SteamVR (58)
[2018.03.02-11.15.05:923][ 38]LogModuleManager: Shutting down and abandoning module OculusHMD (56)
[2018.03.02-11.15.05:923][ 38]LogModuleManager: Shutting down and abandoning module ExampleDeviceProfileSelector (54)
[2018.03.02-11.15.05:923][ 38]LogModuleManager: Shutting down and abandoning module AppleARKit (52)
[2018.03.02-11.15.05:923][ 38]LogModuleManager: Shutting down and abandoning module AugmentedReality (51)
[2018.03.02-11.15.05:923][ 38]LogModuleManager: Shutting down and abandoning module OnlineBlueprintSupport (48)
[2018.03.02-11.15.05:923][ 38]LogModuleManager: Shutting down and abandoning module OnlineSubsystem (44)
[2018.03.02-11.15.05:924][ 38]LogModuleManager: Shutting down and abandoning module XMPP (43)
[2018.03.02-11.15.05:924][ 38]LogModuleManager: Shutting down and abandoning module HTTP (41)
[2018.03.02-11.15.05:924][ 38]LogHttp: Display: Http module shutting down, but needs to wait on 1 outstanding Http requests:
[2018.03.02-11.15.05:924][ 38]LogHttp: Display: 	verb=[POST] url=[https://datarouter.ol.epicgames.com/datarouter/api/v1/public/data?SessionID=%7BB9F153D3-4967-BBCC-573E-EBA3A7AEDDAA%7D&AppID=UEEditor.Rocket.Release&AppVersion=4.18.3-3832480%2B%2B%2BUE4%2BRelease-4.18&UserID=c39c5c09442c47ade7a166a3824dcf60%7C3f090def8e52455785dfe5939754062e%7C4b58a65d-b116-4526-8292-6226abd0ca42&AppEnvironment=datacollector-binary&UploadType=eteventstream] status=Processing
[2018.03.02-11.15.05:940][ 38]LogModuleManager: Shutting down and abandoning module SSL (40)
[2018.03.02-11.15.05:941][ 38]LogModuleManager: Shutting down and abandoning module AnimationModifiers (36)
[2018.03.02-11.15.05:941][ 38]LogModuleManager: Shutting down and abandoning module PropertyEditor (35)
[2018.03.02-11.15.05:941][ 38]LogModuleManager: Shutting down and abandoning module AudioEditor (32)
[2018.03.02-11.15.05:941][ 38]LogModuleManager: Shutting down and abandoning module TextureCompressor (30)
[2018.03.02-11.15.05:941][ 38]LogModuleManager: Shutting down and abandoning module ShaderCore (28)
[2018.03.02-11.15.05:941][ 38]LogModuleManager: Shutting down and abandoning module Landscape (26)
[2018.03.02-11.15.05:941][ 38]LogModuleManager: Shutting down and abandoning module SlateRHIRenderer (24)
[2018.03.02-11.15.05:942][ 38]LogModuleManager: Shutting down and abandoning module OpenGLDrv (22)
[2018.03.02-11.15.05:942][ 38]LogModuleManager: Shutting down and abandoning module D3D11RHI (20)
[2018.03.02-11.15.05:942][ 38]LogModuleManager: Shutting down and abandoning module AnimGraphRuntime (18)
[2018.03.02-11.15.05:942][ 38]LogModuleManager: Shutting down and abandoning module Renderer (16)
[2018.03.02-11.15.05:942][ 38]LogModuleManager: Shutting down and abandoning module Engine (14)
[2018.03.02-11.15.05:942][ 38]LogModuleManager: Shutting down and abandoning module CoreUObject (12)
[2018.03.02-11.15.05:942][ 38]LogModuleManager: Shutting down and abandoning module NetworkFile (10)
[2018.03.02-11.15.05:942][ 38]LogModuleManager: Shutting down and abandoning module CookedIterativeFile (8)
[2018.03.02-11.15.05:942][ 38]LogModuleManager: Shutting down and abandoning module StreamingFile (6)
[2018.03.02-11.15.05:942][ 38]LogModuleManager: Shutting down and abandoning module SandboxFile (4)
[2018.03.02-11.15.05:942][ 38]LogModuleManager: Shutting down and abandoning module PakFile (2)
[2018.03.02-11.15.05:948][ 38]LogExit: Exiting.
[2018.03.02-11.15.05:961][ 38]Log file closed, 03/02/18 12:15:05
